<?xml version="1.0" encoding="UTF-8"?>
<coverage generated="1689027653150" clover="3.2.0">
  <project timestamp="1689027653150" name="All files">
    <metrics statements="570" coveredstatements="285" conditionals="218" coveredconditionals="86" methods="138" coveredmethods="83" elements="926" coveredelements="454" complexity="0" loc="570" ncloc="570" packages="42" files="56" classes="56"/>
    <package name="mocks">
      <metrics statements="3" coveredstatements="3" conditionals="0" coveredconditionals="0" methods="0" coveredmethods="0"/>
      <file name="defaultToastParams.mock.ts" path="/home/marcos/workstation/projects/agendify-app/mocks/defaultToastParams.mock.ts">
        <metrics statements="2" coveredstatements="2" conditionals="0" coveredconditionals="0" methods="0" coveredmethods="0"/>
        <line num="1" count="7" type="stmt"/>
        <line num="9" count="7" type="stmt"/>
      </file>
      <file name="service.mock.ts" path="/home/marcos/workstation/projects/agendify-app/mocks/service.mock.ts">
        <metrics statements="1" coveredstatements="1" conditionals="0" coveredconditionals="0" methods="0" coveredmethods="0"/>
        <line num="1" count="2" type="stmt"/>
      </file>
    </package>
    <package name="src.app">
      <metrics statements="24" coveredstatements="17" conditionals="4" coveredconditionals="2" methods="9" coveredmethods="8"/>
      <file name="registerUser.tsx" path="/home/marcos/workstation/projects/agendify-app/src/app/registerUser.tsx">
        <metrics statements="24" coveredstatements="17" conditionals="4" coveredconditionals="2" methods="9" coveredmethods="8"/>
        <line num="20" count="1" type="stmt"/>
        <line num="27" count="17" type="stmt"/>
        <line num="33" count="17" type="stmt"/>
        <line num="37" count="17" type="stmt"/>
        <line num="41" count="17" type="stmt"/>
        <line num="46" count="17" type="stmt"/>
        <line num="54" count="13" type="cond" truecount="2" falsecount="0"/>
        <line num="55" count="5" type="stmt"/>
        <line num="70" count="58" type="stmt"/>
        <line num="74" count="58" type="stmt"/>
        <line num="76" count="58" type="stmt"/>
        <line num="79" count="0" type="stmt"/>
        <line num="81" count="0" type="cond" truecount="0" falsecount="2"/>
        <line num="83" count="0" type="stmt"/>
        <line num="84" count="0" type="stmt"/>
        <line num="86" count="0" type="stmt"/>
        <line num="87" count="0" type="stmt"/>
        <line num="92" count="1" type="stmt"/>
        <line num="93" count="1" type="stmt"/>
        <line num="95" count="1" type="stmt"/>
        <line num="96" count="1" type="stmt"/>
        <line num="98" count="0" type="stmt"/>
        <line num="105" count="58" type="stmt"/>
        <line num="181" count="1" type="stmt"/>
      </file>
    </package>
    <package name="src.app.session.(home)">
      <metrics statements="33" coveredstatements="20" conditionals="7" coveredconditionals="1" methods="4" coveredmethods="2"/>
      <file name="registerBusiness.tsx" path="/home/marcos/workstation/projects/agendify-app/src/app/session/(home)/registerBusiness.tsx">
        <metrics statements="33" coveredstatements="20" conditionals="7" coveredconditionals="1" methods="4" coveredmethods="2"/>
        <line num="22" count="1" type="stmt"/>
        <line num="58" count="9" type="stmt"/>
        <line num="60" count="9" type="stmt"/>
        <line num="62" count="9" type="stmt"/>
        <line num="72" count="9" type="stmt"/>
        <line num="75" count="0" type="stmt"/>
        <line num="79" count="0" type="cond" truecount="0" falsecount="3"/>
        <line num="81" count="0" type="stmt"/>
        <line num="82" count="0" type="stmt"/>
        <line num="84" count="0" type="stmt"/>
        <line num="85" count="0" type="stmt"/>
        <line num="87" count="0" type="stmt"/>
        <line num="88" count="0" type="stmt"/>
        <line num="95" count="1" type="stmt"/>
        <line num="96" count="1" type="stmt"/>
        <line num="98" count="1" type="stmt"/>
        <line num="100" count="1" type="cond" truecount="1" falsecount="1"/>
        <line num="101" count="0" type="stmt"/>
        <line num="103" count="0" type="stmt"/>
        <line num="104" count="0" type="cond" truecount="0" falsecount="2"/>
        <line num="106" count="0" type="stmt"/>
        <line num="113" count="1" type="stmt"/>
        <line num="122" count="1" type="stmt"/>
        <line num="123" count="1" type="stmt"/>
        <line num="124" count="1" type="stmt"/>
        <line num="128" count="1" type="stmt"/>
        <line num="132" count="1" type="stmt"/>
        <line num="137" count="1" type="stmt"/>
        <line num="147" count="1" type="stmt"/>
        <line num="149" count="1" type="stmt"/>
        <line num="151" count="0" type="stmt"/>
        <line num="155" count="9" type="stmt"/>
        <line num="157" count="9" type="stmt"/>
      </file>
    </package>
    <package name="src.app.session.(myBusiness).myAvailability">
      <metrics statements="78" coveredstatements="41" conditionals="22" coveredconditionals="7" methods="20" coveredmethods="12"/>
      <file name="[businessId].tsx" path="/home/marcos/workstation/projects/agendify-app/src/app/session/(myBusiness)/myAvailability/[businessId].tsx">
        <metrics statements="78" coveredstatements="41" conditionals="22" coveredconditionals="7" methods="20" coveredmethods="12"/>
        <line num="35" count="1" type="stmt"/>
        <line num="54" count="6" type="stmt"/>
        <line num="55" count="6" type="stmt"/>
        <line num="57" count="6" type="stmt"/>
        <line num="58" count="6" type="stmt"/>
        <line num="59" count="6" type="stmt"/>
        <line num="67" count="6" type="stmt"/>
        <line num="85" count="12" type="stmt"/>
        <line num="87" count="12" type="stmt"/>
        <line num="91" count="0" type="stmt"/>
        <line num="94" count="6" type="stmt"/>
        <line num="100" count="0" type="cond" truecount="0" falsecount="2"/>
        <line num="101" count="0" type="cond" truecount="0" falsecount="2"/>
        <line num="102" count="0" type="stmt"/>
        <line num="105" count="0" type="stmt"/>
        <line num="108" count="0" type="stmt"/>
        <line num="112" count="0" type="stmt"/>
        <line num="115" count="6" type="stmt"/>
        <line num="121" count="0" type="cond" truecount="0" falsecount="2"/>
        <line num="122" count="0" type="cond" truecount="0" falsecount="2"/>
        <line num="123" count="0" type="stmt"/>
        <line num="126" count="0" type="stmt"/>
        <line num="129" count="0" type="stmt"/>
        <line num="133" count="0" type="cond" truecount="0" falsecount="2"/>
        <line num="135" count="0" type="stmt"/>
        <line num="136" count="0" type="stmt"/>
        <line num="138" count="0" type="stmt"/>
        <line num="139" count="0" type="stmt"/>
        <line num="148" count="2" type="stmt"/>
        <line num="150" count="8" type="cond" truecount="2" falsecount="0"/>
        <line num="151" count="1" type="stmt"/>
        <line num="152" count="1" type="stmt"/>
        <line num="155" count="1" type="stmt"/>
        <line num="157" count="7" type="cond" truecount="2" falsecount="0"/>
        <line num="158" count="2" type="stmt"/>
        <line num="161" count="7" type="stmt"/>
        <line num="166" count="1" type="stmt"/>
        <line num="167" count="1" type="stmt"/>
        <line num="169" count="1" type="stmt"/>
        <line num="170" count="1" type="cond" truecount="1" falsecount="1"/>
        <line num="171" count="0" type="stmt"/>
        <line num="180" count="1" type="stmt"/>
        <line num="188" count="1" type="stmt"/>
        <line num="190" count="0" type="stmt"/>
        <line num="194" count="6" type="stmt"/>
        <line num="196" count="0" type="stmt"/>
        <line num="197" count="0" type="stmt"/>
        <line num="198" count="0" type="stmt"/>
        <line num="202" count="0" type="stmt"/>
        <line num="204" count="0" type="cond" truecount="0" falsecount="2"/>
        <line num="205" count="0" type="stmt"/>
        <line num="207" count="0" type="stmt"/>
        <line num="208" count="0" type="stmt"/>
        <line num="210" count="0" type="stmt"/>
        <line num="213" count="0" type="stmt"/>
        <line num="214" count="0" type="stmt"/>
        <line num="217" count="0" type="stmt"/>
        <line num="218" count="0" type="stmt"/>
        <line num="220" count="0" type="stmt"/>
        <line num="225" count="0" type="stmt"/>
        <line num="231" count="0" type="stmt"/>
        <line num="232" count="0" type="stmt"/>
        <line num="235" count="0" type="stmt"/>
        <line num="241" count="6" type="stmt"/>
        <line num="242" count="6" type="stmt"/>
        <line num="243" count="6" type="stmt"/>
        <line num="244" count="6" type="stmt"/>
        <line num="245" count="6" type="stmt"/>
        <line num="246" count="6" type="stmt"/>
        <line num="247" count="6" type="stmt"/>
        <line num="249" count="6" type="stmt"/>
        <line num="266" count="1" type="stmt"/>
        <line num="271" count="2" type="stmt"/>
        <line num="276" count="2" type="stmt"/>
        <line num="281" count="2" type="stmt"/>
        <line num="286" count="2" type="stmt"/>
        <line num="291" count="2" type="stmt"/>
        <line num="296" count="1" type="stmt"/>
      </file>
    </package>
    <package name="src.app.session.(onlyHeader).manageMyBusiness">
      <metrics statements="71" coveredstatements="20" conditionals="10" coveredconditionals="0" methods="11" coveredmethods="3"/>
      <file name="[businessId].tsx" path="/home/marcos/workstation/projects/agendify-app/src/app/session/(onlyHeader)/manageMyBusiness/[businessId].tsx">
        <metrics statements="71" coveredstatements="20" conditionals="10" coveredconditionals="0" methods="11" coveredmethods="3"/>
        <line num="25" count="1" type="stmt"/>
        <line num="37" count="1" type="stmt"/>
        <line num="62" count="16" type="stmt"/>
        <line num="64" count="16" type="stmt"/>
        <line num="65" count="16" type="stmt"/>
        <line num="66" count="16" type="stmt"/>
        <line num="68" count="16" type="stmt"/>
        <line num="69" count="16" type="stmt"/>
        <line num="71" count="16" type="stmt"/>
        <line num="75" count="16" type="stmt"/>
        <line num="87" count="16" type="stmt"/>
        <line num="93" count="16" type="stmt"/>
        <line num="96" count="0" type="stmt"/>
        <line num="98" count="0" type="cond" truecount="0" falsecount="2"/>
        <line num="99" count="0" type="stmt"/>
        <line num="101" count="0" type="stmt"/>
        <line num="102" count="0" type="cond" truecount="0" falsecount="2"/>
        <line num="104" count="0" type="stmt"/>
        <line num="110" count="0" type="stmt"/>
        <line num="111" count="0" type="stmt"/>
        <line num="121" count="0" type="stmt"/>
        <line num="122" count="0" type="stmt"/>
        <line num="124" count="0" type="stmt"/>
        <line num="130" count="0" type="cond" truecount="0" falsecount="2"/>
        <line num="132" count="0" type="stmt"/>
        <line num="133" count="0" type="stmt"/>
        <line num="135" count="0" type="stmt"/>
        <line num="136" count="0" type="stmt"/>
        <line num="141" count="1" type="stmt"/>
        <line num="142" count="1" type="stmt"/>
        <line num="147" count="1" type="stmt"/>
        <line num="149" count="0" type="stmt"/>
        <line num="154" count="0" type="cond" truecount="0" falsecount="2"/>
        <line num="156" count="0" type="stmt"/>
        <line num="157" count="0" type="stmt"/>
        <line num="159" count="0" type="stmt"/>
        <line num="160" count="0" type="stmt"/>
        <line num="165" count="1" type="stmt"/>
        <line num="166" count="1" type="stmt"/>
        <line num="171" count="1" type="stmt"/>
        <line num="173" count="0" type="stmt"/>
        <line num="178" count="0" type="cond" truecount="0" falsecount="2"/>
        <line num="180" count="0" type="stmt"/>
        <line num="181" count="0" type="stmt"/>
        <line num="183" count="0" type="stmt"/>
        <line num="184" count="0" type="stmt"/>
        <line num="189" count="0" type="stmt"/>
        <line num="190" count="0" type="stmt"/>
        <line num="194" count="0" type="stmt"/>
        <line num="195" count="0" type="stmt"/>
        <line num="197" count="0" type="stmt"/>
        <line num="201" count="16" type="stmt"/>
        <line num="203" count="0" type="stmt"/>
        <line num="204" count="0" type="stmt"/>
        <line num="205" count="0" type="stmt"/>
        <line num="209" count="0" type="stmt"/>
        <line num="210" count="0" type="stmt"/>
        <line num="212" count="0" type="stmt"/>
        <line num="213" count="0" type="stmt"/>
        <line num="214" count="0" type="stmt"/>
        <line num="215" count="0" type="stmt"/>
        <line num="216" count="0" type="stmt"/>
        <line num="217" count="0" type="stmt"/>
        <line num="218" count="0" type="stmt"/>
        <line num="219" count="0" type="stmt"/>
        <line num="220" count="0" type="stmt"/>
        <line num="221" count="0" type="stmt"/>
        <line num="222" count="0" type="stmt"/>
        <line num="224" count="0" type="stmt"/>
        <line num="230" count="16" type="stmt"/>
        <line num="294" count="0" type="stmt"/>
      </file>
    </package>
    <package name="src.app.session.(onlyHeader).manageUser">
      <metrics statements="3" coveredstatements="1" conditionals="0" coveredconditionals="0" methods="3" coveredmethods="1"/>
      <file name="[userId].tsx" path="/home/marcos/workstation/projects/agendify-app/src/app/session/(onlyHeader)/manageUser/[userId].tsx">
        <metrics statements="3" coveredstatements="1" conditionals="0" coveredconditionals="0" methods="3" coveredmethods="1"/>
        <line num="8" count="2" type="stmt"/>
        <line num="17" count="0" type="stmt"/>
        <line num="18" count="0" type="stmt"/>
      </file>
    </package>
    <package name="src.app.session.(onlyHeader).service.manage">
      <metrics statements="61" coveredstatements="19" conditionals="14" coveredconditionals="1" methods="11" coveredmethods="4"/>
      <file name="[serviceId].tsx" path="/home/marcos/workstation/projects/agendify-app/src/app/session/(onlyHeader)/service/manage/[serviceId].tsx">
        <metrics statements="61" coveredstatements="19" conditionals="14" coveredconditionals="1" methods="11" coveredmethods="4"/>
        <line num="27" count="1" type="stmt"/>
        <line num="42" count="2" type="cond" truecount="1" falsecount="1"/>
        <line num="43" count="2" type="stmt"/>
        <line num="46" count="0" type="stmt"/>
        <line num="53" count="10" type="stmt"/>
        <line num="55" count="10" type="stmt"/>
        <line num="56" count="10" type="stmt"/>
        <line num="58" count="10" type="stmt"/>
        <line num="60" count="10" type="stmt"/>
        <line num="73" count="10" type="stmt"/>
        <line num="75" count="10" type="stmt"/>
        <line num="78" count="0" type="stmt"/>
        <line num="80" count="0" type="cond" truecount="0" falsecount="2"/>
        <line num="81" count="0" type="stmt"/>
        <line num="83" count="0" type="stmt"/>
        <line num="84" count="0" type="cond" truecount="0" falsecount="2"/>
        <line num="86" count="0" type="stmt"/>
        <line num="92" count="0" type="stmt"/>
        <line num="93" count="0" type="stmt"/>
        <line num="103" count="0" type="stmt"/>
        <line num="104" count="0" type="stmt"/>
        <line num="106" count="0" type="stmt"/>
        <line num="112" count="0" type="cond" truecount="0" falsecount="2"/>
        <line num="114" count="0" type="stmt"/>
        <line num="115" count="0" type="stmt"/>
        <line num="117" count="0" type="stmt"/>
        <line num="118" count="0" type="stmt"/>
        <line num="128" count="1" type="stmt"/>
        <line num="129" count="1" type="stmt"/>
        <line num="134" count="1" type="stmt"/>
        <line num="136" count="1" type="stmt"/>
        <line num="138" count="1" type="stmt"/>
        <line num="140" count="0" type="stmt"/>
        <line num="145" count="0" type="cond" truecount="0" falsecount="2"/>
        <line num="147" count="0" type="stmt"/>
        <line num="148" count="0" type="stmt"/>
        <line num="150" count="0" type="stmt"/>
        <line num="151" count="0" type="stmt"/>
        <line num="156" count="0" type="stmt"/>
        <line num="157" count="0" type="stmt"/>
        <line num="161" count="0" type="stmt"/>
        <line num="163" count="0" type="stmt"/>
        <line num="164" count="0" type="stmt"/>
        <line num="166" count="0" type="stmt"/>
        <line num="170" count="10" type="stmt"/>
        <line num="172" count="0" type="stmt"/>
        <line num="173" count="0" type="stmt"/>
        <line num="174" count="0" type="stmt"/>
        <line num="178" count="0" type="stmt"/>
        <line num="180" count="0" type="stmt"/>
        <line num="181" count="0" type="stmt"/>
        <line num="182" count="0" type="stmt"/>
        <line num="183" count="0" type="stmt"/>
        <line num="185" count="0" type="cond" truecount="0" falsecount="2"/>
        <line num="186" count="0" type="stmt"/>
        <line num="187" count="0" type="stmt"/>
        <line num="193" count="0" type="stmt"/>
        <line num="199" count="10" type="stmt"/>
        <line num="201" count="10" type="stmt"/>
        <line num="226" count="3" type="stmt"/>
        <line num="272" count="0" type="stmt"/>
      </file>
    </package>
    <package name="src.app.session.(onlyHeader).service.register">
      <metrics statements="40" coveredstatements="26" conditionals="11" coveredconditionals="3" methods="6" coveredmethods="4"/>
      <file name="[businessId].tsx" path="/home/marcos/workstation/projects/agendify-app/src/app/session/(onlyHeader)/service/register/[businessId].tsx">
        <metrics statements="40" coveredstatements="26" conditionals="11" coveredconditionals="3" methods="6" coveredmethods="4"/>
        <line num="23" count="1" type="stmt"/>
        <line num="37" count="2" type="cond" truecount="1" falsecount="1"/>
        <line num="38" count="2" type="stmt"/>
        <line num="41" count="0" type="stmt"/>
        <line num="49" count="10" type="stmt"/>
        <line num="51" count="10" type="stmt"/>
        <line num="52" count="10" type="stmt"/>
        <line num="54" count="10" type="stmt"/>
        <line num="67" count="10" type="stmt"/>
        <line num="70" count="0" type="stmt"/>
        <line num="73" count="10" type="stmt"/>
        <line num="76" count="0" type="cond" truecount="0" falsecount="3"/>
        <line num="78" count="0" type="stmt"/>
        <line num="79" count="0" type="stmt"/>
        <line num="81" count="0" type="stmt"/>
        <line num="82" count="0" type="stmt"/>
        <line num="84" count="0" type="stmt"/>
        <line num="85" count="0" type="stmt"/>
        <line num="92" count="1" type="stmt"/>
        <line num="93" count="1" type="stmt"/>
        <line num="94" count="1" type="stmt"/>
        <line num="95" count="1" type="cond" truecount="1" falsecount="1"/>
        <line num="96" count="0" type="stmt"/>
        <line num="97" count="0" type="stmt"/>
        <line num="98" count="0" type="cond" truecount="0" falsecount="2"/>
        <line num="99" count="0" type="stmt"/>
        <line num="105" count="1" type="cond" truecount="1" falsecount="1"/>
        <line num="106" count="1" type="stmt"/>
        <line num="111" count="1" type="stmt"/>
        <line num="112" count="1" type="stmt"/>
        <line num="116" count="1" type="stmt"/>
        <line num="120" count="1" type="stmt"/>
        <line num="121" count="1" type="stmt"/>
        <line num="130" count="1" type="stmt"/>
        <line num="131" count="1" type="stmt"/>
        <line num="133" count="0" type="stmt"/>
        <line num="137" count="10" type="stmt"/>
        <line num="138" count="10" type="stmt"/>
        <line num="140" count="10" type="stmt"/>
        <line num="165" count="3" type="stmt"/>
      </file>
    </package>
    <package name="src.assets.icons">
      <metrics statements="1" coveredstatements="1" conditionals="0" coveredconditionals="0" methods="1" coveredmethods="1"/>
      <file name="Logo.tsx" path="/home/marcos/workstation/projects/agendify-app/src/assets/icons/Logo.tsx">
        <metrics statements="1" coveredstatements="1" conditionals="0" coveredconditionals="0" methods="1" coveredmethods="1"/>
        <line num="4" count="58" type="stmt"/>
      </file>
    </package>
    <package name="src.assets.images">
      <metrics statements="1" coveredstatements="1" conditionals="0" coveredconditionals="0" methods="0" coveredmethods="0"/>
      <file name="defaultImage.png" path="/home/marcos/workstation/projects/agendify-app/src/assets/images/defaultImage.png">
        <metrics statements="1" coveredstatements="1" conditionals="0" coveredconditionals="0" methods="0" coveredmethods="0"/>
        <line num="1" count="3" type="stmt"/>
      </file>
    </package>
    <package name="src.components.AddressForm">
      <metrics statements="20" coveredstatements="12" conditionals="14" coveredconditionals="6" methods="3" coveredmethods="3"/>
      <file name="index.tsx" path="/home/marcos/workstation/projects/agendify-app/src/components/AddressForm/index.tsx">
        <metrics statements="20" coveredstatements="12" conditionals="14" coveredconditionals="6" methods="3" coveredmethods="3"/>
        <line num="22" count="25" type="stmt"/>
        <line num="24" count="25" type="stmt"/>
        <line num="26" count="25" type="stmt"/>
        <line num="27" count="14" type="stmt"/>
        <line num="28" count="14" type="cond" truecount="2" falsecount="0"/>
        <line num="32" count="14" type="cond" truecount="2" falsecount="0"/>
        <line num="33" count="2" type="stmt"/>
        <line num="34" count="2" type="stmt"/>
        <line num="38" count="0" type="stmt"/>
        <line num="40" count="0" type="cond" truecount="0" falsecount="2"/>
        <line num="41" count="0" type="stmt"/>
        <line num="43" count="0" type="cond" truecount="0" falsecount="2"/>
        <line num="44" count="0" type="stmt"/>
        <line num="46" count="0" type="cond" truecount="0" falsecount="2"/>
        <line num="47" count="0" type="stmt"/>
        <line num="50" count="2" type="cond" truecount="1" falsecount="1"/>
        <line num="51" count="2" type="cond" truecount="1" falsecount="1"/>
        <line num="52" count="0" type="stmt"/>
        <line num="58" count="2" type="stmt"/>
        <line num="64" count="25" type="stmt"/>
      </file>
    </package>
    <package name="src.components.BusinessCard">
      <metrics statements="4" coveredstatements="3" conditionals="4" coveredconditionals="3" methods="2" coveredmethods="1"/>
      <file name="index.tsx" path="/home/marcos/workstation/projects/agendify-app/src/components/BusinessCard/index.tsx">
        <metrics statements="4" coveredstatements="3" conditionals="4" coveredconditionals="3" methods="2" coveredmethods="1"/>
        <line num="17" count="1" type="stmt"/>
        <line num="20" count="1" type="cond" truecount="1" falsecount="1"/>
        <line num="23" count="0" type="stmt"/>
        <line num="26" count="1" type="stmt"/>
      </file>
    </package>
    <package name="src.components.BusinessImagePicker">
      <metrics statements="9" coveredstatements="2" conditionals="8" coveredconditionals="1" methods="2" coveredmethods="1"/>
      <file name="index.tsx" path="/home/marcos/workstation/projects/agendify-app/src/components/BusinessImagePicker/index.tsx">
        <metrics statements="9" coveredstatements="2" conditionals="8" coveredconditionals="1" methods="2" coveredmethods="1"/>
        <line num="12" count="55" type="stmt"/>
        <line num="15" count="0" type="cond" truecount="0" falsecount="2"/>
        <line num="16" count="0" type="stmt"/>
        <line num="19" count="0" type="cond" truecount="0" falsecount="2"/>
        <line num="20" count="0" type="stmt"/>
        <line num="26" count="0" type="cond" truecount="0" falsecount="2"/>
        <line num="27" count="0" type="stmt"/>
        <line num="29" count="0" type="stmt"/>
        <line num="34" count="55" type="stmt"/>
      </file>
    </package>
    <package name="src.components.Button">
      <metrics statements="5" coveredstatements="5" conditionals="12" coveredconditionals="11" methods="1" coveredmethods="1"/>
      <file name="index.tsx" path="/home/marcos/workstation/projects/agendify-app/src/components/Button/index.tsx">
        <metrics statements="5" coveredstatements="5" conditionals="12" coveredconditionals="11" methods="1" coveredmethods="1"/>
        <line num="15" count="164" type="cond" truecount="1" falsecount="1"/>
        <line num="17" count="164" type="cond" truecount="2" falsecount="0"/>
        <line num="19" count="164" type="stmt"/>
        <line num="24" count="164" type="stmt"/>
        <line num="29" count="164" type="stmt"/>
      </file>
    </package>
    <package name="src.components.Button.types">
      <metrics statements="1" coveredstatements="1" conditionals="0" coveredconditionals="0" methods="0" coveredmethods="0"/>
      <file name="buttonVariants.type.ts" path="/home/marcos/workstation/projects/agendify-app/src/components/Button/types/buttonVariants.type.ts">
        <metrics statements="1" coveredstatements="1" conditionals="0" coveredconditionals="0" methods="0" coveredmethods="0"/>
        <line num="1" count="10" type="stmt"/>
      </file>
    </package>
    <package name="src.components.Calendar">
      <metrics statements="71" coveredstatements="31" conditionals="53" coveredconditionals="16" methods="18" coveredmethods="10"/>
      <file name="index.tsx" path="/home/marcos/workstation/projects/agendify-app/src/components/Calendar/index.tsx">
        <metrics statements="71" coveredstatements="31" conditionals="53" coveredconditionals="16" methods="18" coveredmethods="10"/>
        <line num="17" count="2" type="stmt"/>
        <line num="25" count="2" type="stmt"/>
        <line num="26" count="2" type="stmt"/>
        <line num="29" count="0" type="stmt"/>
        <line num="30" count="0" type="cond" truecount="0" falsecount="2"/>
        <line num="31" count="0" type="stmt"/>
        <line num="33" count="0" type="stmt"/>
        <line num="36" count="0" type="stmt"/>
        <line num="41" count="0" type="stmt"/>
        <line num="42" count="0" type="cond" truecount="0" falsecount="2"/>
        <line num="43" count="0" type="stmt"/>
        <line num="45" count="0" type="stmt"/>
        <line num="48" count="0" type="stmt"/>
        <line num="53" count="0" type="stmt"/>
        <line num="54" count="0" type="stmt"/>
        <line num="58" count="42" type="cond" truecount="1" falsecount="1"/>
        <line num="59" count="0" type="stmt"/>
        <line num="62" count="42" type="cond" truecount="3" falsecount="1"/>
        <line num="63" count="42" type="stmt"/>
        <line num="66" count="0" type="stmt"/>
        <line num="68" count="0" type="stmt"/>
        <line num="69" count="0" type="cond" truecount="0" falsecount="2"/>
        <line num="70" count="0" type="stmt"/>
        <line num="72" count="0" type="cond" truecount="0" falsecount="2"/>
        <line num="73" count="0" type="stmt"/>
        <line num="77" count="0" type="stmt"/>
        <line num="78" count="0" type="cond" truecount="0" falsecount="2"/>
        <line num="79" count="0" type="stmt"/>
        <line num="81" count="0" type="cond" truecount="0" falsecount="2"/>
        <line num="82" count="0" type="stmt"/>
        <line num="86" count="0" type="stmt"/>
        <line num="90" count="2" type="cond" truecount="1" falsecount="1"/>
        <line num="91" count="2" type="stmt"/>
        <line num="94" count="0" type="stmt"/>
        <line num="96" count="0" type="cond" truecount="0" falsecount="2"/>
        <line num="97" count="0" type="cond" truecount="0" falsecount="4"/>
        <line num="98" count="0" type="stmt"/>
        <line num="101" count="0" type="cond" truecount="0" falsecount="2"/>
        <line num="102" count="0" type="stmt"/>
        <line num="106" count="0" type="stmt"/>
        <line num="110" count="2" type="cond" truecount="1" falsecount="1"/>
        <line num="111" count="2" type="stmt"/>
        <line num="114" count="0" type="stmt"/>
        <line num="116" count="0" type="cond" truecount="0" falsecount="2"/>
        <line num="117" count="0" type="cond" truecount="0" falsecount="4"/>
        <line num="118" count="0" type="stmt"/>
        <line num="121" count="0" type="cond" truecount="0" falsecount="2"/>
        <line num="122" count="0" type="stmt"/>
        <line num="126" count="0" type="stmt"/>
        <line num="129" count="2" type="stmt"/>
        <line num="130" count="1" type="stmt"/>
        <line num="132" count="1" type="stmt"/>
        <line num="134" count="1" type="stmt"/>
        <line num="136" count="1" type="stmt"/>
        <line num="138" count="1" type="stmt"/>
        <line num="139" count="1" type="stmt"/>
        <line num="140" count="6" type="stmt"/>
        <line num="143" count="42" type="stmt"/>
        <line num="149" count="2" type="stmt"/>
        <line num="153" count="2" type="stmt"/>
        <line num="154" count="2" type="stmt"/>
        <line num="156" count="2" type="stmt"/>
        <line num="212" count="12" type="stmt"/>
        <line num="214" count="12" type="stmt"/>
        <line num="220" count="42" type="stmt"/>
        <line num="222" count="42" type="stmt"/>
        <line num="223" count="42" type="stmt"/>
        <line num="224" count="42" type="cond" truecount="1" falsecount="1"/>
        <line num="227" count="42" type="cond" truecount="2" falsecount="0"/>
        <line num="231" count="42" type="stmt"/>
        <line num="238" count="0" type="stmt"/>
      </file>
    </package>
    <package name="src.components.Checkbox">
      <metrics statements="3" coveredstatements="3" conditionals="7" coveredconditionals="6" methods="1" coveredmethods="1"/>
      <file name="index.tsx" path="/home/marcos/workstation/projects/agendify-app/src/components/Checkbox/index.tsx">
        <metrics statements="3" coveredstatements="3" conditionals="7" coveredconditionals="6" methods="1" coveredmethods="1"/>
        <line num="7" count="43" type="cond" truecount="2" falsecount="0"/>
        <line num="8" count="43" type="cond" truecount="1" falsecount="1"/>
        <line num="10" count="43" type="stmt"/>
      </file>
    </package>
    <package name="src.components.CheckboxDay">
      <metrics statements="2" coveredstatements="2" conditionals="2" coveredconditionals="2" methods="1" coveredmethods="1"/>
      <file name="index.tsx" path="/home/marcos/workstation/projects/agendify-app/src/components/CheckboxDay/index.tsx">
        <metrics statements="2" coveredstatements="2" conditionals="2" coveredconditionals="2" methods="1" coveredmethods="1"/>
        <line num="6" count="42" type="cond" truecount="2" falsecount="0"/>
        <line num="8" count="42" type="stmt"/>
      </file>
    </package>
    <package name="src.components.Container">
      <metrics statements="1" coveredstatements="1" conditionals="1" coveredconditionals="1" methods="1" coveredmethods="1"/>
      <file name="index.tsx" path="/home/marcos/workstation/projects/agendify-app/src/components/Container/index.tsx">
        <metrics statements="1" coveredstatements="1" conditionals="1" coveredconditionals="1" methods="1" coveredmethods="1"/>
        <line num="11" count="112" type="stmt"/>
      </file>
    </package>
    <package name="src.components.Container.constants">
      <metrics statements="1" coveredstatements="1" conditionals="0" coveredconditionals="0" methods="0" coveredmethods="0"/>
      <file name="containerBgColor.constant.ts" path="/home/marcos/workstation/projects/agendify-app/src/components/Container/constants/containerBgColor.constant.ts">
        <metrics statements="1" coveredstatements="1" conditionals="0" coveredconditionals="0" methods="0" coveredmethods="0"/>
        <line num="1" count="8" type="stmt"/>
      </file>
    </package>
    <package name="src.components.ControlledMaskInput">
      <metrics statements="2" coveredstatements="2" conditionals="3" coveredconditionals="2" methods="2" coveredmethods="2"/>
      <file name="index.tsx" path="/home/marcos/workstation/projects/agendify-app/src/components/ControlledMaskInput/index.tsx">
        <metrics statements="2" coveredstatements="2" conditionals="3" coveredconditionals="2" methods="2" coveredmethods="2"/>
        <line num="15" count="71" type="cond" truecount="1" falsecount="1"/>
        <line num="17" count="71" type="stmt"/>
      </file>
    </package>
    <package name="src.components.CountInput">
      <metrics statements="1" coveredstatements="1" conditionals="0" coveredconditionals="0" methods="1" coveredmethods="1"/>
      <file name="index.tsx" path="/home/marcos/workstation/projects/agendify-app/src/components/CountInput/index.tsx">
        <metrics statements="1" coveredstatements="1" conditionals="0" coveredconditionals="0" methods="1" coveredmethods="1"/>
        <line num="7" count="1" type="stmt"/>
      </file>
    </package>
    <package name="src.components.DeleteAlert">
      <metrics statements="2" coveredstatements="1" conditionals="0" coveredconditionals="0" methods="2" coveredmethods="1"/>
      <file name="index.tsx" path="/home/marcos/workstation/projects/agendify-app/src/components/DeleteAlert/index.tsx">
        <metrics statements="2" coveredstatements="1" conditionals="0" coveredconditionals="0" methods="2" coveredmethods="1"/>
        <line num="15" count="0" type="stmt"/>
        <line num="26" count="29" type="stmt"/>
      </file>
    </package>
    <package name="src.components.HeaderMenu">
      <metrics statements="10" coveredstatements="4" conditionals="6" coveredconditionals="5" methods="4" coveredmethods="1"/>
      <file name="index.tsx" path="/home/marcos/workstation/projects/agendify-app/src/components/HeaderMenu/index.tsx">
        <metrics statements="10" coveredstatements="4" conditionals="6" coveredconditionals="5" methods="4" coveredmethods="1"/>
        <line num="18" count="1" type="stmt"/>
        <line num="20" count="1" type="stmt"/>
        <line num="21" count="1" type="stmt"/>
        <line num="24" count="0" type="stmt"/>
        <line num="28" count="0" type="stmt"/>
        <line num="32" count="0" type="stmt"/>
        <line num="33" count="0" type="stmt"/>
        <line num="38" count="0" type="stmt"/>
        <line num="39" count="0" type="stmt"/>
        <line num="42" count="1" type="stmt"/>
      </file>
    </package>
    <package name="src.components.Input">
      <metrics statements="2" coveredstatements="2" conditionals="3" coveredconditionals="3" methods="2" coveredmethods="2"/>
      <file name="index.tsx" path="/home/marcos/workstation/projects/agendify-app/src/components/Input/index.tsx">
        <metrics statements="2" coveredstatements="2" conditionals="3" coveredconditionals="3" methods="2" coveredmethods="2"/>
        <line num="13" count="466" type="cond" truecount="2" falsecount="0"/>
        <line num="15" count="466" type="stmt"/>
      </file>
    </package>
    <package name="src.components.LinkButton">
      <metrics statements="3" coveredstatements="3" conditionals="1" coveredconditionals="1" methods="1" coveredmethods="1"/>
      <file name="index.tsx" path="/home/marcos/workstation/projects/agendify-app/src/components/LinkButton/index.tsx">
        <metrics statements="3" coveredstatements="3" conditionals="1" coveredconditionals="1" methods="1" coveredmethods="1"/>
        <line num="5" count="2" type="stmt"/>
        <line num="10" count="2" type="stmt"/>
        <line num="20" count="59" type="stmt"/>
      </file>
    </package>
    <package name="src.components.MoneyInput">
      <metrics statements="2" coveredstatements="2" conditionals="3" coveredconditionals="1" methods="1" coveredmethods="1"/>
      <file name="index.tsx" path="/home/marcos/workstation/projects/agendify-app/src/components/MoneyInput/index.tsx">
        <metrics statements="2" coveredstatements="2" conditionals="3" coveredconditionals="1" methods="1" coveredmethods="1"/>
        <line num="12" count="20" type="cond" truecount="1" falsecount="1"/>
        <line num="14" count="20" type="stmt"/>
      </file>
    </package>
    <package name="src.components.MyServiceCard">
      <metrics statements="3" coveredstatements="2" conditionals="2" coveredconditionals="1" methods="2" coveredmethods="1"/>
      <file name="index.tsx" path="/home/marcos/workstation/projects/agendify-app/src/components/MyServiceCard/index.tsx">
        <metrics statements="3" coveredstatements="2" conditionals="2" coveredconditionals="1" methods="2" coveredmethods="1"/>
        <line num="9" count="1" type="stmt"/>
        <line num="12" count="0" type="stmt"/>
        <line num="15" count="1" type="stmt"/>
      </file>
    </package>
    <package name="src.components.Rating">
      <metrics statements="4" coveredstatements="4" conditionals="6" coveredconditionals="4" methods="2" coveredmethods="2"/>
      <file name="index.tsx" path="/home/marcos/workstation/projects/agendify-app/src/components/Rating/index.tsx">
        <metrics statements="4" coveredstatements="4" conditionals="6" coveredconditionals="4" methods="2" coveredmethods="2"/>
        <line num="15" count="1" type="stmt"/>
        <line num="20" count="5" type="cond" truecount="1" falsecount="1"/>
        <line num="21" count="5" type="stmt"/>
        <line num="23" count="5" type="stmt"/>
      </file>
    </package>
    <package name="src.components.Rating.constants">
      <metrics statements="2" coveredstatements="2" conditionals="0" coveredconditionals="0" methods="0" coveredmethods="0"/>
      <file name="starRatingSize.constant.ts" path="/home/marcos/workstation/projects/agendify-app/src/components/Rating/constants/starRatingSize.constant.ts">
        <metrics statements="1" coveredstatements="1" conditionals="0" coveredconditionals="0" methods="0" coveredmethods="0"/>
        <line num="1" count="1" type="stmt"/>
      </file>
      <file name="totalRatingSize.constant.ts" path="/home/marcos/workstation/projects/agendify-app/src/components/Rating/constants/totalRatingSize.constant.ts">
        <metrics statements="1" coveredstatements="1" conditionals="0" coveredconditionals="0" methods="0" coveredmethods="0"/>
        <line num="1" count="1" type="stmt"/>
      </file>
    </package>
    <package name="src.components.SectionTitle">
      <metrics statements="1" coveredstatements="1" conditionals="1" coveredconditionals="1" methods="1" coveredmethods="1"/>
      <file name="index.tsx" path="/home/marcos/workstation/projects/agendify-app/src/components/SectionTitle/index.tsx">
        <metrics statements="1" coveredstatements="1" conditionals="1" coveredconditionals="1" methods="1" coveredmethods="1"/>
        <line num="5" count="92" type="stmt"/>
      </file>
    </package>
    <package name="src.components.ServiceCard">
      <metrics statements="1" coveredstatements="1" conditionals="6" coveredconditionals="3" methods="1" coveredmethods="1"/>
      <file name="index.tsx" path="/home/marcos/workstation/projects/agendify-app/src/components/ServiceCard/index.tsx">
        <metrics statements="1" coveredstatements="1" conditionals="6" coveredconditionals="3" methods="1" coveredmethods="1"/>
        <line num="13" count="1" type="stmt"/>
      </file>
    </package>
    <package name="src.components.Spinner">
      <metrics statements="1" coveredstatements="1" conditionals="0" coveredconditionals="0" methods="1" coveredmethods="1"/>
      <file name="index.tsx" path="/home/marcos/workstation/projects/agendify-app/src/components/Spinner/index.tsx">
        <metrics statements="1" coveredstatements="1" conditionals="0" coveredconditionals="0" methods="1" coveredmethods="1"/>
        <line num="4" count="45" type="stmt"/>
      </file>
    </package>
    <package name="src.components.UpdatePasswordForm">
      <metrics statements="15" coveredstatements="9" conditionals="2" coveredconditionals="0" methods="3" coveredmethods="2"/>
      <file name="index.tsx" path="/home/marcos/workstation/projects/agendify-app/src/components/UpdatePasswordForm/index.tsx">
        <metrics statements="15" coveredstatements="9" conditionals="2" coveredconditionals="0" methods="3" coveredmethods="2"/>
        <line num="15" count="1" type="stmt"/>
        <line num="23" count="4" type="stmt"/>
        <line num="25" count="4" type="stmt"/>
        <line num="27" count="4" type="stmt"/>
        <line num="35" count="4" type="stmt"/>
        <line num="38" count="0" type="cond" truecount="0" falsecount="2"/>
        <line num="40" count="0" type="stmt"/>
        <line num="41" count="0" type="stmt"/>
        <line num="43" count="0" type="stmt"/>
        <line num="44" count="0" type="stmt"/>
        <line num="49" count="1" type="stmt"/>
        <line num="50" count="1" type="stmt"/>
        <line num="55" count="1" type="stmt"/>
        <line num="57" count="0" type="stmt"/>
        <line num="61" count="4" type="stmt"/>
      </file>
    </package>
    <package name="src.components.UpdateUserForm">
      <metrics statements="15" coveredstatements="9" conditionals="2" coveredconditionals="0" methods="3" coveredmethods="2"/>
      <file name="index.tsx" path="/home/marcos/workstation/projects/agendify-app/src/components/UpdateUserForm/index.tsx">
        <metrics statements="15" coveredstatements="9" conditionals="2" coveredconditionals="0" methods="3" coveredmethods="2"/>
        <line num="15" count="1" type="stmt"/>
        <line num="25" count="5" type="stmt"/>
        <line num="27" count="5" type="stmt"/>
        <line num="29" count="5" type="stmt"/>
        <line num="41" count="5" type="stmt"/>
        <line num="44" count="0" type="cond" truecount="0" falsecount="2"/>
        <line num="46" count="0" type="stmt"/>
        <line num="47" count="0" type="stmt"/>
        <line num="49" count="0" type="stmt"/>
        <line num="50" count="0" type="stmt"/>
        <line num="55" count="1" type="stmt"/>
        <line num="56" count="1" type="stmt"/>
        <line num="61" count="1" type="stmt"/>
        <line num="63" count="0" type="stmt"/>
        <line num="67" count="5" type="stmt"/>
      </file>
    </package>
    <package name="src.constants">
      <metrics statements="6" coveredstatements="6" conditionals="0" coveredconditionals="0" methods="0" coveredmethods="0"/>
      <file name="appRoutes.constant.ts" path="/home/marcos/workstation/projects/agendify-app/src/constants/appRoutes.constant.ts">
        <metrics statements="1" coveredstatements="1" conditionals="0" coveredconditionals="0" methods="0" coveredmethods="0"/>
        <line num="1" count="8" type="stmt"/>
      </file>
      <file name="baseUrl.constant.ts" path="/home/marcos/workstation/projects/agendify-app/src/constants/baseUrl.constant.ts">
        <metrics statements="1" coveredstatements="1" conditionals="0" coveredconditionals="0" methods="0" coveredmethods="0"/>
        <line num="1" count="11" type="stmt"/>
      </file>
      <file name="colors.constant.ts" path="/home/marcos/workstation/projects/agendify-app/src/constants/colors.constant.ts">
        <metrics statements="1" coveredstatements="1" conditionals="0" coveredconditionals="0" methods="0" coveredmethods="0"/>
        <line num="1" count="15" type="stmt"/>
      </file>
      <file name="httpStatus.constant.ts" path="/home/marcos/workstation/projects/agendify-app/src/constants/httpStatus.constant.ts">
        <metrics statements="1" coveredstatements="1" conditionals="0" coveredconditionals="0" methods="0" coveredmethods="0"/>
        <line num="1" count="8" type="stmt"/>
      </file>
      <file name="storageItems.constant.ts" path="/home/marcos/workstation/projects/agendify-app/src/constants/storageItems.constant.ts">
        <metrics statements="1" coveredstatements="1" conditionals="0" coveredconditionals="0" methods="0" coveredmethods="0"/>
        <line num="1" count="2" type="stmt"/>
      </file>
      <file name="weekDay.constant.ts" path="/home/marcos/workstation/projects/agendify-app/src/constants/weekDay.constant.ts">
        <metrics statements="1" coveredstatements="1" conditionals="0" coveredconditionals="0" methods="0" coveredmethods="0"/>
        <line num="1" count="1" type="stmt"/>
      </file>
    </package>
    <package name="src.contexts.AuthContext">
      <metrics statements="41" coveredstatements="2" conditionals="6" coveredconditionals="0" methods="7" coveredmethods="1"/>
      <file name="index.tsx" path="/home/marcos/workstation/projects/agendify-app/src/contexts/AuthContext/index.tsx">
        <metrics statements="41" coveredstatements="2" conditionals="6" coveredconditionals="0" methods="7" coveredmethods="1"/>
        <line num="17" count="2" type="stmt"/>
        <line num="20" count="0" type="stmt"/>
        <line num="21" count="0" type="stmt"/>
        <line num="23" count="0" type="stmt"/>
        <line num="25" count="0" type="stmt"/>
        <line num="27" count="0" type="stmt"/>
        <line num="28" count="0" type="stmt"/>
        <line num="29" count="0" type="stmt"/>
        <line num="31" count="0" type="cond" truecount="0" falsecount="2"/>
        <line num="32" count="0" type="stmt"/>
        <line num="34" count="0" type="stmt"/>
        <line num="35" count="0" type="stmt"/>
        <line num="38" count="0" type="stmt"/>
        <line num="40" count="0" type="stmt"/>
        <line num="42" count="0" type="stmt"/>
        <line num="44" count="0" type="stmt"/>
        <line num="47" count="0" type="stmt"/>
        <line num="53" count="0" type="stmt"/>
        <line num="55" count="0" type="cond" truecount="0" falsecount="4"/>
        <line num="57" count="0" type="stmt"/>
        <line num="58" count="0" type="stmt"/>
        <line num="60" count="0" type="stmt"/>
        <line num="61" count="0" type="stmt"/>
        <line num="63" count="0" type="stmt"/>
        <line num="64" count="0" type="stmt"/>
        <line num="66" count="0" type="stmt"/>
        <line num="67" count="0" type="stmt"/>
        <line num="72" count="0" type="stmt"/>
        <line num="73" count="0" type="stmt"/>
        <line num="78" count="0" type="stmt"/>
        <line num="80" count="0" type="stmt"/>
        <line num="82" count="0" type="stmt"/>
        <line num="84" count="0" type="stmt"/>
        <line num="88" count="0" type="stmt"/>
        <line num="90" count="0" type="stmt"/>
        <line num="92" count="0" type="stmt"/>
        <line num="100" count="0" type="stmt"/>
        <line num="102" count="0" type="stmt"/>
        <line num="104" count="0" type="stmt"/>
        <line num="107" count="0" type="stmt"/>
        <line num="121" count="10" type="stmt"/>
      </file>
    </package>
    <package name="src.hooks">
      <metrics statements="10" coveredstatements="9" conditionals="0" coveredconditionals="0" methods="4" coveredmethods="3"/>
      <file name="useNotify.ts" path="/home/marcos/workstation/projects/agendify-app/src/hooks/useNotify.ts">
        <metrics statements="10" coveredstatements="9" conditionals="0" coveredconditionals="0" methods="4" coveredmethods="3"/>
        <line num="5" count="8" type="stmt"/>
        <line num="12" count="8" type="stmt"/>
        <line num="17" count="118" type="stmt"/>
        <line num="19" count="118" type="stmt"/>
        <line num="20" count="9" type="stmt"/>
        <line num="29" count="118" type="stmt"/>
        <line num="30" count="1" type="stmt"/>
        <line num="39" count="118" type="stmt"/>
        <line num="40" count="0" type="stmt"/>
        <line num="49" count="118" type="stmt"/>
      </file>
    </package>
    <package name="src.routes">
      <metrics statements="2" coveredstatements="2" conditionals="0" coveredconditionals="0" methods="0" coveredmethods="0"/>
      <file name="agendifyApiRoutes.constant.ts" path="/home/marcos/workstation/projects/agendify-app/src/routes/agendifyApiRoutes.constant.ts">
        <metrics statements="1" coveredstatements="1" conditionals="0" coveredconditionals="0" methods="0" coveredmethods="0"/>
        <line num="1" count="8" type="stmt"/>
      </file>
      <file name="brazilApiRoutes.constant.ts" path="/home/marcos/workstation/projects/agendify-app/src/routes/brazilApiRoutes.constant.ts">
        <metrics statements="1" coveredstatements="1" conditionals="0" coveredconditionals="0" methods="0" coveredmethods="0"/>
        <line num="1" count="2" type="stmt"/>
      </file>
    </package>
    <package name="src.services">
      <metrics statements="2" coveredstatements="2" conditionals="0" coveredconditionals="0" methods="0" coveredmethods="0"/>
      <file name="agendifyApiClient.ts" path="/home/marcos/workstation/projects/agendify-app/src/services/agendifyApiClient.ts">
        <metrics statements="1" coveredstatements="1" conditionals="0" coveredconditionals="0" methods="0" coveredmethods="0"/>
        <line num="4" count="8" type="stmt"/>
      </file>
      <file name="brazilApiClient.ts" path="/home/marcos/workstation/projects/agendify-app/src/services/brazilApiClient.ts">
        <metrics statements="1" coveredstatements="1" conditionals="0" coveredconditionals="0" methods="0" coveredmethods="0"/>
        <line num="3" count="2" type="stmt"/>
      </file>
    </package>
    <package name="src.utils">
      <metrics statements="11" coveredstatements="10" conditionals="6" coveredconditionals="5" methods="6" coveredmethods="6"/>
      <file name="compareDays.ts" path="/home/marcos/workstation/projects/agendify-app/src/utils/compareDays.ts">
        <metrics statements="3" coveredstatements="3" conditionals="4" coveredconditionals="4" methods="1" coveredmethods="1"/>
        <line num="2" count="42" type="cond" truecount="2" falsecount="0"/>
        <line num="6" count="1" type="stmt"/>
        <line num="9" count="41" type="stmt"/>
      </file>
      <file name="formatPriceToSend.ts" path="/home/marcos/workstation/projects/agendify-app/src/utils/formatPriceToSend.ts">
        <metrics statements="2" coveredstatements="2" conditionals="0" coveredconditionals="0" methods="1" coveredmethods="1"/>
        <line num="2" count="2" type="stmt"/>
        <line num="3" count="2" type="stmt"/>
      </file>
      <file name="formatPriceValue.ts" path="/home/marcos/workstation/projects/agendify-app/src/utils/formatPriceValue.ts">
        <metrics statements="1" coveredstatements="1" conditionals="0" coveredconditionals="0" methods="1" coveredmethods="1"/>
        <line num="3" count="6" type="stmt"/>
      </file>
      <file name="formatTime.ts" path="/home/marcos/workstation/projects/agendify-app/src/utils/formatTime.ts">
        <metrics statements="1" coveredstatements="1" conditionals="0" coveredconditionals="0" methods="1" coveredmethods="1"/>
        <line num="2" count="14" type="stmt"/>
      </file>
      <file name="getImageUrl.ts" path="/home/marcos/workstation/projects/agendify-app/src/utils/getImageUrl.ts">
        <metrics statements="3" coveredstatements="2" conditionals="2" coveredconditionals="1" methods="1" coveredmethods="1"/>
        <line num="5" count="3" type="cond" truecount="1" falsecount="1"/>
        <line num="6" count="3" type="stmt"/>
        <line num="9" count="0" type="stmt"/>
      </file>
      <file name="sanitizeData.ts" path="/home/marcos/workstation/projects/agendify-app/src/utils/sanitizeData.ts">
        <metrics statements="1" coveredstatements="1" conditionals="0" coveredconditionals="0" methods="1" coveredmethods="1"/>
        <line num="3" count="2" type="stmt"/>
      </file>
    </package>
    <package name="src.utils.errorHandler">
      <metrics statements="2" coveredstatements="0" conditionals="2" coveredconditionals="0" methods="1" coveredmethods="0"/>
      <file name="index.ts" path="/home/marcos/workstation/projects/agendify-app/src/utils/errorHandler/index.ts">
        <metrics statements="2" coveredstatements="0" conditionals="2" coveredconditionals="0" methods="1" coveredmethods="0"/>
        <line num="6" count="0" type="cond" truecount="0" falsecount="2"/>
        <line num="8" count="0" type="stmt"/>
      </file>
    </package>
  </project>
</coverage>
