{"/home/marcos/workstation/projects/agendify-app/mocks/defaultToastParams.mock.ts": {"path":"/home/marcos/workstation/projects/agendify-app/mocks/defaultToastParams.mock.ts","statementMap":{"0":{"start":{"line":1,"column":34},"end":{"line":7,"column":1}},"1":{"start":{"line":9,"column":32},"end":{"line":15,"column":1}}},"fnMap":{},"branchMap":{},"s":{"0":7,"1":7},"f":{},"b":{},"_coverageSchema":"1a1c01bbd47fc00a2c39e90264f33305004495a9","hash":"d73997b8118ff00bc56535f197f8c277447e6f19"}
,"/home/marcos/workstation/projects/agendify-app/mocks/service.mock.ts": {"path":"/home/marcos/workstation/projects/agendify-app/mocks/service.mock.ts","statementMap":{"0":{"start":{"line":1,"column":23},"end":{"line":9,"column":1}}},"fnMap":{},"branchMap":{},"s":{"0":2},"f":{},"b":{},"_coverageSchema":"1a1c01bbd47fc00a2c39e90264f33305004495a9","hash":"8f9cbfb75a173720908440a5255e5f84310b070b"}
,"/home/marcos/workstation/projects/agendify-app/src/app/registerUser.tsx": {"path":"/home/marcos/workstation/projects/agendify-app/src/app/registerUser.tsx","statementMap":{"0":{"start":{"line":20,"column":41},"end":{"line":61,"column":4}},"1":{"start":{"line":27,"column":22},"end":{"line":27,"column":46}},"2":{"start":{"line":33,"column":22},"end":{"line":33,"column":45}},"3":{"start":{"line":37,"column":22},"end":{"line":37,"column":46}},"4":{"start":{"line":41,"column":22},"end":{"line":41,"column":45}},"5":{"start":{"line":46,"column":10},"end":{"line":48,"column":11}},"6":{"start":{"line":54,"column":4},"end":{"line":60,"column":5}},"7":{"start":{"line":55,"column":6},"end":{"line":59,"column":9}},"8":{"start":{"line":70,"column":6},"end":{"line":72,"column":4}},"9":{"start":{"line":74,"column":41},"end":{"line":74,"column":52}},"10":{"start":{"line":76,"column":17},"end":{"line":76,"column":28}},"11":{"start":{"line":79,"column":27},"end":{"line":79,"column":32}},"12":{"start":{"line":81,"column":4},"end":{"line":88,"column":5}},"13":{"start":{"line":83,"column":8},"end":{"line":83,"column":48}},"14":{"start":{"line":84,"column":8},"end":{"line":84,"column":14}},"15":{"start":{"line":86,"column":8},"end":{"line":86,"column":51}},"16":{"start":{"line":87,"column":8},"end":{"line":87,"column":14}},"17":{"start":{"line":92,"column":4},"end":{"line":102,"column":5}},"18":{"start":{"line":93,"column":6},"end":{"line":93,"column":79}},"19":{"start":{"line":95,"column":6},"end":{"line":95,"column":54}},"20":{"start":{"line":96,"column":6},"end":{"line":96,"column":36}},"21":{"start":{"line":98,"column":6},"end":{"line":101,"column":9}},"22":{"start":{"line":105,"column":2},"end":{"line":178,"column":4}},"23":{"start":{"line":181,"column":0},"end":{"line":181,"column":42}}},"fnMap":{"0":{"name":"(anonymous_0)","decl":{"start":{"line":27,"column":8},"end":{"line":27,"column":9}},"loc":{"start":{"line":27,"column":22},"end":{"line":27,"column":46}},"line":27},"1":{"name":"(anonymous_1)","decl":{"start":{"line":33,"column":8},"end":{"line":33,"column":9}},"loc":{"start":{"line":33,"column":22},"end":{"line":33,"column":45}},"line":33},"2":{"name":"(anonymous_2)","decl":{"start":{"line":37,"column":8},"end":{"line":37,"column":9}},"loc":{"start":{"line":37,"column":22},"end":{"line":37,"column":46}},"line":37},"3":{"name":"(anonymous_3)","decl":{"start":{"line":41,"column":8},"end":{"line":41,"column":9}},"loc":{"start":{"line":41,"column":22},"end":{"line":41,"column":45}},"line":41},"4":{"name":"(anonymous_4)","decl":{"start":{"line":45,"column":8},"end":{"line":45,"column":9}},"loc":{"start":{"line":46,"column":10},"end":{"line":48,"column":11}},"line":46},"5":{"name":"(anonymous_5)","decl":{"start":{"line":53,"column":15},"end":{"line":53,"column":16}},"loc":{"start":{"line":53,"column":32},"end":{"line":61,"column":3}},"line":53},"6":{"name":"RegisterUser","decl":{"start":{"line":65,"column":24},"end":{"line":65,"column":36}},"loc":{"start":{"line":65,"column":39},"end":{"line":179,"column":1}},"line":65},"7":{"name":"catchRegisterUserError","decl":{"start":{"line":78,"column":11},"end":{"line":78,"column":33}},"loc":{"start":{"line":78,"column":57},"end":{"line":89,"column":3}},"line":78},"8":{"name":"registerUser","decl":{"start":{"line":91,"column":17},"end":{"line":91,"column":29}},"loc":{"start":{"line":91,"column":71},"end":{"line":103,"column":3}},"line":91}},"branchMap":{"0":{"loc":{"start":{"line":54,"column":4},"end":{"line":60,"column":5}},"type":"if","locations":[{"start":{"line":54,"column":4},"end":{"line":60,"column":5}},{"start":{},"end":{}}],"line":54},"1":{"loc":{"start":{"line":81,"column":4},"end":{"line":88,"column":5}},"type":"switch","locations":[{"start":{"line":82,"column":6},"end":{"line":84,"column":14}},{"start":{"line":85,"column":6},"end":{"line":87,"column":14}}],"line":81}},"s":{"0":1,"1":17,"2":17,"3":17,"4":17,"5":17,"6":13,"7":5,"8":58,"9":58,"10":58,"11":0,"12":0,"13":0,"14":0,"15":0,"16":0,"17":1,"18":1,"19":1,"20":1,"21":0,"22":58,"23":1},"f":{"0":17,"1":17,"2":17,"3":17,"4":17,"5":13,"6":58,"7":0,"8":1},"b":{"0":[5,8],"1":[0,0]},"_coverageSchema":"1a1c01bbd47fc00a2c39e90264f33305004495a9","hash":"b3d68ae37159678132933b71d3e994188b42e06b"}
,"/home/marcos/workstation/projects/agendify-app/src/app/session/(home)/registerBusiness.tsx": {"path":"/home/marcos/workstation/projects/agendify-app/src/app/session/(home)/registerBusiness.tsx","statementMap":{"0":{"start":{"line":22,"column":41},"end":{"line":51,"column":2}},"1":{"start":{"line":58,"column":41},"end":{"line":58,"column":52}},"2":{"start":{"line":60,"column":17},"end":{"line":60,"column":28}},"3":{"start":{"line":62,"column":22},"end":{"line":64,"column":4}},"4":{"start":{"line":72,"column":6},"end":{"line":72,"column":17}},"5":{"start":{"line":75,"column":4},"end":{"line":75,"column":35}},"6":{"start":{"line":79,"column":4},"end":{"line":89,"column":5}},"7":{"start":{"line":81,"column":8},"end":{"line":81,"column":43}},"8":{"start":{"line":82,"column":8},"end":{"line":82,"column":14}},"9":{"start":{"line":84,"column":8},"end":{"line":84,"column":48}},"10":{"start":{"line":85,"column":8},"end":{"line":85,"column":14}},"11":{"start":{"line":87,"column":8},"end":{"line":87,"column":51}},"12":{"start":{"line":88,"column":8},"end":{"line":88,"column":14}},"13":{"start":{"line":95,"column":4},"end":{"line":152,"column":5}},"14":{"start":{"line":96,"column":39},"end":{"line":96,"column":53}},"15":{"start":{"line":98,"column":27},"end":{"line":98,"column":47}},"16":{"start":{"line":100,"column":6},"end":{"line":111,"column":7}},"17":{"start":{"line":101,"column":25},"end":{"line":101,"column":60}},"18":{"start":{"line":103,"column":22},"end":{"line":103,"column":47}},"19":{"start":{"line":104,"column":21},"end":{"line":104,"column":58}},"20":{"start":{"line":106,"column":8},"end":{"line":110,"column":30}},"21":{"start":{"line":113,"column":22},"end":{"line":120,"column":7}},"22":{"start":{"line":122,"column":6},"end":{"line":122,"column":74}},"23":{"start":{"line":123,"column":6},"end":{"line":123,"column":73}},"24":{"start":{"line":124,"column":6},"end":{"line":127,"column":8}},"25":{"start":{"line":128,"column":6},"end":{"line":131,"column":8}},"26":{"start":{"line":132,"column":6},"end":{"line":135,"column":8}},"27":{"start":{"line":137,"column":6},"end":{"line":145,"column":8}},"28":{"start":{"line":147,"column":6},"end":{"line":147,"column":54}},"29":{"start":{"line":149,"column":6},"end":{"line":149,"column":47}},"30":{"start":{"line":151,"column":6},"end":{"line":151,"column":75}},"31":{"start":{"line":155,"column":19},"end":{"line":155,"column":36}},"32":{"start":{"line":157,"column":2},"end":{"line":213,"column":4}}},"fnMap":{"0":{"name":"RegisterBusiness","decl":{"start":{"line":57,"column":24},"end":{"line":57,"column":40}},"loc":{"start":{"line":57,"column":43},"end":{"line":214,"column":1}},"line":57},"1":{"name":"handleChangeServiceImage","decl":{"start":{"line":74,"column":11},"end":{"line":74,"column":35}},"loc":{"start":{"line":74,"column":54},"end":{"line":76,"column":3}},"line":74},"2":{"name":"catchRegisterBusinessError","decl":{"start":{"line":78,"column":11},"end":{"line":78,"column":37}},"loc":{"start":{"line":78,"column":61},"end":{"line":90,"column":3}},"line":78},"3":{"name":"registerBusiness","decl":{"start":{"line":92,"column":17},"end":{"line":92,"column":33}},"loc":{"start":{"line":94,"column":4},"end":{"line":153,"column":3}},"line":94}},"branchMap":{"0":{"loc":{"start":{"line":79,"column":4},"end":{"line":89,"column":5}},"type":"switch","locations":[{"start":{"line":80,"column":6},"end":{"line":82,"column":14}},{"start":{"line":83,"column":6},"end":{"line":85,"column":14}},{"start":{"line":86,"column":6},"end":{"line":88,"column":14}}],"line":79},"1":{"loc":{"start":{"line":100,"column":6},"end":{"line":111,"column":7}},"type":"if","locations":[{"start":{"line":100,"column":6},"end":{"line":111,"column":7}},{"start":{},"end":{}}],"line":100},"2":{"loc":{"start":{"line":104,"column":21},"end":{"line":104,"column":58}},"type":"cond-expr","locations":[{"start":{"line":104,"column":29},"end":{"line":104,"column":48}},{"start":{"line":104,"column":51},"end":{"line":104,"column":58}}],"line":104}},"s":{"0":1,"1":9,"2":9,"3":9,"4":9,"5":0,"6":0,"7":0,"8":0,"9":0,"10":0,"11":0,"12":0,"13":1,"14":1,"15":1,"16":1,"17":0,"18":0,"19":0,"20":0,"21":1,"22":1,"23":1,"24":1,"25":1,"26":1,"27":1,"28":1,"29":1,"30":0,"31":9,"32":9},"f":{"0":9,"1":0,"2":0,"3":1},"b":{"0":[0,0,0],"1":[0,1],"2":[0,0]},"_coverageSchema":"1a1c01bbd47fc00a2c39e90264f33305004495a9","hash":"612cb4126678caef8fc558a73ad9da98574e4d68"}
,"/home/marcos/workstation/projects/agendify-app/src/app/session/(myBusiness)/myAvailability/[businessId].tsx": {"path":"/home/marcos/workstation/projects/agendify-app/src/app/session/(myBusiness)/myAvailability/[businessId].tsx","statementMap":{"0":{"start":{"line":35,"column":48},"end":{"line":47,"column":2}},"1":{"start":{"line":54,"column":25},"end":{"line":54,"column":42}},"2":{"start":{"line":55,"column":41},"end":{"line":55,"column":52}},"3":{"start":{"line":57,"column":48},"end":{"line":57,"column":63}},"4":{"start":{"line":58,"column":44},"end":{"line":58,"column":59}},"5":{"start":{"line":59,"column":40},"end":{"line":59,"column":55}},"6":{"start":{"line":67,"column":6},"end":{"line":82,"column":4}},"7":{"start":{"line":85,"column":28},"end":{"line":85,"column":52}},"8":{"start":{"line":87,"column":4},"end":{"line":87,"column":46}},"9":{"start":{"line":91,"column":4},"end":{"line":91,"column":27}},"10":{"start":{"line":94,"column":18},"end":{"line":94,"column":34}},"11":{"start":{"line":100,"column":4},"end":{"line":106,"column":5}},"12":{"start":{"line":101,"column":6},"end":{"line":103,"column":7}},"13":{"start":{"line":102,"column":8},"end":{"line":102,"column":70}},"14":{"start":{"line":105,"column":6},"end":{"line":105,"column":42}},"15":{"start":{"line":108,"column":4},"end":{"line":108,"column":28}},"16":{"start":{"line":112,"column":4},"end":{"line":112,"column":25}},"17":{"start":{"line":115,"column":20},"end":{"line":115,"column":38}},"18":{"start":{"line":121,"column":4},"end":{"line":127,"column":5}},"19":{"start":{"line":122,"column":6},"end":{"line":124,"column":7}},"20":{"start":{"line":123,"column":8},"end":{"line":123,"column":70}},"21":{"start":{"line":126,"column":6},"end":{"line":126,"column":40}},"22":{"start":{"line":129,"column":4},"end":{"line":129,"column":26}},"23":{"start":{"line":133,"column":4},"end":{"line":140,"column":5}},"24":{"start":{"line":135,"column":8},"end":{"line":135,"column":48}},"25":{"start":{"line":136,"column":8},"end":{"line":136,"column":14}},"26":{"start":{"line":138,"column":8},"end":{"line":138,"column":70}},"27":{"start":{"line":139,"column":8},"end":{"line":139,"column":14}},"28":{"start":{"line":148,"column":30},"end":{"line":148,"column":49}},"29":{"start":{"line":150,"column":4},"end":{"line":153,"column":5}},"30":{"start":{"line":150,"column":45},"end":{"line":150,"column":62}},"31":{"start":{"line":151,"column":6},"end":{"line":151,"column":73}},"32":{"start":{"line":152,"column":6},"end":{"line":152,"column":13}},"33":{"start":{"line":155,"column":30},"end":{"line":164,"column":5}},"34":{"start":{"line":157,"column":8},"end":{"line":159,"column":9}},"35":{"start":{"line":158,"column":10},"end":{"line":158,"column":52}},"36":{"start":{"line":161,"column":8},"end":{"line":161,"column":35}},"37":{"start":{"line":166,"column":31},"end":{"line":166,"column":60}},"38":{"start":{"line":167,"column":29},"end":{"line":167,"column":56}},"39":{"start":{"line":169,"column":4},"end":{"line":191,"column":5}},"40":{"start":{"line":170,"column":6},"end":{"line":186,"column":7}},"41":{"start":{"line":171,"column":8},"end":{"line":178,"column":10}},"42":{"start":{"line":180,"column":8},"end":{"line":185,"column":11}},"43":{"start":{"line":188,"column":6},"end":{"line":188,"column":62}},"44":{"start":{"line":190,"column":6},"end":{"line":190,"column":74}},"45":{"start":{"line":194,"column":2},"end":{"line":239,"column":4}},"46":{"start":{"line":196,"column":6},"end":{"line":237,"column":11}},"47":{"start":{"line":197,"column":8},"end":{"line":236,"column":9}},"48":{"start":{"line":198,"column":39},"end":{"line":200,"column":76}},"49":{"start":{"line":202,"column":35},"end":{"line":202,"column":60}},"50":{"start":{"line":204,"column":10},"end":{"line":233,"column":11}},"51":{"start":{"line":205,"column":12},"end":{"line":205,"column":37}},"52":{"start":{"line":207,"column":12},"end":{"line":211,"column":15}},"53":{"start":{"line":208,"column":26},"end":{"line":208,"column":60}},"54":{"start":{"line":210,"column":14},"end":{"line":210,"column":44}},"55":{"start":{"line":213,"column":26},"end":{"line":213,"column":36}},"56":{"start":{"line":214,"column":24},"end":{"line":214,"column":34}},"57":{"start":{"line":217,"column":14},"end":{"line":217,"column":55}},"58":{"start":{"line":218,"column":40},"end":{"line":218,"column":79}},"59":{"start":{"line":220,"column":12},"end":{"line":224,"column":14}},"60":{"start":{"line":225,"column":12},"end":{"line":229,"column":14}},"61":{"start":{"line":231,"column":12},"end":{"line":231,"column":41}},"62":{"start":{"line":232,"column":12},"end":{"line":232,"column":37}},"63":{"start":{"line":235,"column":10},"end":{"line":235,"column":36}},"64":{"start":{"line":241,"column":26},"end":{"line":241,"column":46}},"65":{"start":{"line":242,"column":26},"end":{"line":242,"column":46}},"66":{"start":{"line":243,"column":27},"end":{"line":243,"column":48}},"67":{"start":{"line":244,"column":29},"end":{"line":244,"column":52}},"68":{"start":{"line":245,"column":28},"end":{"line":245,"column":50}},"69":{"start":{"line":246,"column":26},"end":{"line":246,"column":46}},"70":{"start":{"line":247,"column":28},"end":{"line":247,"column":50}},"71":{"start":{"line":249,"column":2},"end":{"line":373,"column":4}},"72":{"start":{"line":266,"column":29},"end":{"line":266,"column":53}},"73":{"start":{"line":271,"column":29},"end":{"line":271,"column":53}},"74":{"start":{"line":276,"column":29},"end":{"line":276,"column":54}},"75":{"start":{"line":281,"column":29},"end":{"line":281,"column":56}},"76":{"start":{"line":286,"column":29},"end":{"line":286,"column":55}},"77":{"start":{"line":291,"column":29},"end":{"line":291,"column":53}},"78":{"start":{"line":296,"column":29},"end":{"line":296,"column":55}}},"fnMap":{"0":{"name":"MyAvailability","decl":{"start":{"line":53,"column":24},"end":{"line":53,"column":38}},"loc":{"start":{"line":53,"column":41},"end":{"line":374,"column":1}},"line":53},"1":{"name":"handleCheckDay","decl":{"start":{"line":84,"column":11},"end":{"line":84,"column":25}},"loc":{"start":{"line":84,"column":37},"end":{"line":88,"column":3}},"line":84},"2":{"name":"handleShowBeginTimePicker","decl":{"start":{"line":90,"column":11},"end":{"line":90,"column":36}},"loc":{"start":{"line":90,"column":39},"end":{"line":92,"column":3}},"line":90},"3":{"name":"handleChangeBeginTime","decl":{"start":{"line":96,"column":11},"end":{"line":96,"column":32}},"loc":{"start":{"line":99,"column":4},"end":{"line":109,"column":3}},"line":99},"4":{"name":"handleShowEndTimePicker","decl":{"start":{"line":111,"column":11},"end":{"line":111,"column":34}},"loc":{"start":{"line":111,"column":37},"end":{"line":113,"column":3}},"line":111},"5":{"name":"handleChangeEndTime","decl":{"start":{"line":117,"column":11},"end":{"line":117,"column":30}},"loc":{"start":{"line":120,"column":4},"end":{"line":130,"column":3}},"line":120},"6":{"name":"catchSetAvailabilityError","decl":{"start":{"line":132,"column":11},"end":{"line":132,"column":36}},"loc":{"start":{"line":132,"column":60},"end":{"line":141,"column":3}},"line":132},"7":{"name":"setAvailability","decl":{"start":{"line":143,"column":17},"end":{"line":143,"column":32}},"loc":{"start":{"line":147,"column":39},"end":{"line":192,"column":3}},"line":147},"8":{"name":"(anonymous_8)","decl":{"start":{"line":150,"column":32},"end":{"line":150,"column":33}},"loc":{"start":{"line":150,"column":45},"end":{"line":150,"column":62}},"line":150},"9":{"name":"(anonymous_9)","decl":{"start":{"line":156,"column":6},"end":{"line":156,"column":7}},"loc":{"start":{"line":156,"column":49},"end":{"line":162,"column":7}},"line":156},"10":{"name":"(anonymous_10)","decl":{"start":{"line":195,"column":16},"end":{"line":195,"column":17}},"loc":{"start":{"line":195,"column":22},"end":{"line":238,"column":5}},"line":195},"11":{"name":"(anonymous_11)","decl":{"start":{"line":196,"column":7},"end":{"line":196,"column":8}},"loc":{"start":{"line":196,"column":19},"end":{"line":237,"column":7}},"line":196},"12":{"name":"(anonymous_12)","decl":{"start":{"line":207,"column":37},"end":{"line":207,"column":38}},"loc":{"start":{"line":207,"column":55},"end":{"line":211,"column":13}},"line":207},"13":{"name":"(anonymous_13)","decl":{"start":{"line":266,"column":23},"end":{"line":266,"column":24}},"loc":{"start":{"line":266,"column":29},"end":{"line":266,"column":53}},"line":266},"14":{"name":"(anonymous_14)","decl":{"start":{"line":271,"column":23},"end":{"line":271,"column":24}},"loc":{"start":{"line":271,"column":29},"end":{"line":271,"column":53}},"line":271},"15":{"name":"(anonymous_15)","decl":{"start":{"line":276,"column":23},"end":{"line":276,"column":24}},"loc":{"start":{"line":276,"column":29},"end":{"line":276,"column":54}},"line":276},"16":{"name":"(anonymous_16)","decl":{"start":{"line":281,"column":23},"end":{"line":281,"column":24}},"loc":{"start":{"line":281,"column":29},"end":{"line":281,"column":56}},"line":281},"17":{"name":"(anonymous_17)","decl":{"start":{"line":286,"column":23},"end":{"line":286,"column":24}},"loc":{"start":{"line":286,"column":29},"end":{"line":286,"column":55}},"line":286},"18":{"name":"(anonymous_18)","decl":{"start":{"line":291,"column":23},"end":{"line":291,"column":24}},"loc":{"start":{"line":291,"column":29},"end":{"line":291,"column":53}},"line":291},"19":{"name":"(anonymous_19)","decl":{"start":{"line":296,"column":23},"end":{"line":296,"column":24}},"loc":{"start":{"line":296,"column":29},"end":{"line":296,"column":55}},"line":296}},"branchMap":{"0":{"loc":{"start":{"line":100,"column":4},"end":{"line":106,"column":5}},"type":"if","locations":[{"start":{"line":100,"column":4},"end":{"line":106,"column":5}},{"start":{},"end":{}}],"line":100},"1":{"loc":{"start":{"line":101,"column":6},"end":{"line":103,"column":7}},"type":"if","locations":[{"start":{"line":101,"column":6},"end":{"line":103,"column":7}},{"start":{},"end":{}}],"line":101},"2":{"loc":{"start":{"line":121,"column":4},"end":{"line":127,"column":5}},"type":"if","locations":[{"start":{"line":121,"column":4},"end":{"line":127,"column":5}},{"start":{},"end":{}}],"line":121},"3":{"loc":{"start":{"line":122,"column":6},"end":{"line":124,"column":7}},"type":"if","locations":[{"start":{"line":122,"column":6},"end":{"line":124,"column":7}},{"start":{},"end":{}}],"line":122},"4":{"loc":{"start":{"line":133,"column":4},"end":{"line":140,"column":5}},"type":"switch","locations":[{"start":{"line":134,"column":6},"end":{"line":136,"column":14}},{"start":{"line":137,"column":6},"end":{"line":139,"column":14}}],"line":133},"5":{"loc":{"start":{"line":150,"column":4},"end":{"line":153,"column":5}},"type":"if","locations":[{"start":{"line":150,"column":4},"end":{"line":153,"column":5}},{"start":{},"end":{}}],"line":150},"6":{"loc":{"start":{"line":157,"column":8},"end":{"line":159,"column":9}},"type":"if","locations":[{"start":{"line":157,"column":8},"end":{"line":159,"column":9}},{"start":{},"end":{}}],"line":157},"7":{"loc":{"start":{"line":170,"column":6},"end":{"line":186,"column":7}},"type":"if","locations":[{"start":{"line":170,"column":6},"end":{"line":186,"column":7}},{"start":{"line":179,"column":13},"end":{"line":186,"column":7}}],"line":170},"8":{"loc":{"start":{"line":204,"column":10},"end":{"line":233,"column":11}},"type":"if","locations":[{"start":{"line":204,"column":10},"end":{"line":233,"column":11}},{"start":{},"end":{}}],"line":204},"9":{"loc":{"start":{"line":303,"column":9},"end":{"line":312,"column":9}},"type":"binary-expr","locations":[{"start":{"line":303,"column":9},"end":{"line":303,"column":22}},{"start":{"line":304,"column":10},"end":{"line":311,"column":12}}],"line":303},"10":{"loc":{"start":{"line":314,"column":9},"end":{"line":323,"column":9}},"type":"binary-expr","locations":[{"start":{"line":314,"column":9},"end":{"line":314,"column":20}},{"start":{"line":315,"column":10},"end":{"line":322,"column":12}}],"line":314}},"s":{"0":1,"1":6,"2":6,"3":6,"4":6,"5":6,"6":6,"7":12,"8":12,"9":0,"10":6,"11":0,"12":0,"13":0,"14":0,"15":0,"16":0,"17":6,"18":0,"19":0,"20":0,"21":0,"22":0,"23":0,"24":0,"25":0,"26":0,"27":0,"28":2,"29":2,"30":8,"31":1,"32":1,"33":1,"34":7,"35":2,"36":7,"37":1,"38":1,"39":1,"40":1,"41":0,"42":1,"43":1,"44":0,"45":6,"46":0,"47":0,"48":0,"49":0,"50":0,"51":0,"52":0,"53":0,"54":0,"55":0,"56":0,"57":0,"58":0,"59":0,"60":0,"61":0,"62":0,"63":0,"64":6,"65":6,"66":6,"67":6,"68":6,"69":6,"70":6,"71":6,"72":1,"73":2,"74":2,"75":2,"76":2,"77":2,"78":1},"f":{"0":6,"1":12,"2":0,"3":0,"4":0,"5":0,"6":0,"7":2,"8":8,"9":7,"10":0,"11":0,"12":0,"13":1,"14":2,"15":2,"16":2,"17":2,"18":2,"19":1},"b":{"0":[0,0],"1":[0,0],"2":[0,0],"3":[0,0],"4":[0,0],"5":[1,1],"6":[2,5],"7":[0,1],"8":[0,0],"9":[6,0],"10":[6,0]},"_coverageSchema":"1a1c01bbd47fc00a2c39e90264f33305004495a9","hash":"44d3bebc1cf5d7818006e8fa79e657e9513af3ab"}
,"/home/marcos/workstation/projects/agendify-app/src/app/session/(onlyHeader)/manageMyBusiness/[businessId].tsx": {"path":"/home/marcos/workstation/projects/agendify-app/src/app/session/(onlyHeader)/manageMyBusiness/[businessId].tsx","statementMap":{"0":{"start":{"line":25,"column":39},"end":{"line":35,"column":2}},"1":{"start":{"line":37,"column":38},"end":{"line":56,"column":2}},"2":{"start":{"line":62,"column":41},"end":{"line":62,"column":52}},"3":{"start":{"line":64,"column":17},"end":{"line":64,"column":34}},"4":{"start":{"line":65,"column":17},"end":{"line":65,"column":28}},"5":{"start":{"line":66,"column":21},"end":{"line":66,"column":48}},"6":{"start":{"line":68,"column":34},"end":{"line":68,"column":63}},"7":{"start":{"line":69,"column":36},"end":{"line":69,"column":48}},"8":{"start":{"line":71,"column":36},"end":{"line":73,"column":4}},"9":{"start":{"line":75,"column":35},"end":{"line":77,"column":4}},"10":{"start":{"line":87,"column":6},"end":{"line":87,"column":31}},"11":{"start":{"line":93,"column":6},"end":{"line":93,"column":30}},"12":{"start":{"line":96,"column":32},"end":{"line":96,"column":46}},"13":{"start":{"line":98,"column":4},"end":{"line":126,"column":5}},"14":{"start":{"line":99,"column":23},"end":{"line":99,"column":58}},"15":{"start":{"line":101,"column":20},"end":{"line":101,"column":45}},"16":{"start":{"line":102,"column":19},"end":{"line":102,"column":56}},"17":{"start":{"line":104,"column":6},"end":{"line":108,"column":28}},"18":{"start":{"line":110,"column":6},"end":{"line":125,"column":7}},"19":{"start":{"line":111,"column":8},"end":{"line":119,"column":10}},"20":{"start":{"line":121,"column":8},"end":{"line":121,"column":55}},"21":{"start":{"line":122,"column":8},"end":{"line":122,"column":30}},"22":{"start":{"line":124,"column":8},"end":{"line":124,"column":26}},"23":{"start":{"line":130,"column":4},"end":{"line":137,"column":5}},"24":{"start":{"line":132,"column":8},"end":{"line":132,"column":48}},"25":{"start":{"line":133,"column":8},"end":{"line":133,"column":14}},"26":{"start":{"line":135,"column":8},"end":{"line":135,"column":51}},"27":{"start":{"line":136,"column":8},"end":{"line":136,"column":14}},"28":{"start":{"line":141,"column":4},"end":{"line":150,"column":5}},"29":{"start":{"line":142,"column":6},"end":{"line":145,"column":8}},"30":{"start":{"line":147,"column":6},"end":{"line":147,"column":63}},"31":{"start":{"line":149,"column":6},"end":{"line":149,"column":73}},"32":{"start":{"line":154,"column":4},"end":{"line":161,"column":5}},"33":{"start":{"line":156,"column":8},"end":{"line":156,"column":48}},"34":{"start":{"line":157,"column":8},"end":{"line":157,"column":14}},"35":{"start":{"line":159,"column":8},"end":{"line":159,"column":52}},"36":{"start":{"line":160,"column":8},"end":{"line":160,"column":14}},"37":{"start":{"line":165,"column":4},"end":{"line":174,"column":5}},"38":{"start":{"line":166,"column":6},"end":{"line":169,"column":8}},"39":{"start":{"line":171,"column":6},"end":{"line":171,"column":55}},"40":{"start":{"line":173,"column":6},"end":{"line":173,"column":72}},"41":{"start":{"line":178,"column":4},"end":{"line":185,"column":5}},"42":{"start":{"line":180,"column":8},"end":{"line":180,"column":48}},"43":{"start":{"line":181,"column":8},"end":{"line":181,"column":14}},"44":{"start":{"line":183,"column":8},"end":{"line":183,"column":49}},"45":{"start":{"line":184,"column":8},"end":{"line":184,"column":14}},"46":{"start":{"line":189,"column":4},"end":{"line":198,"column":5}},"47":{"start":{"line":190,"column":6},"end":{"line":192,"column":8}},"48":{"start":{"line":194,"column":6},"end":{"line":194,"column":52}},"49":{"start":{"line":195,"column":6},"end":{"line":195,"column":47}},"50":{"start":{"line":197,"column":6},"end":{"line":197,"column":73}},"51":{"start":{"line":201,"column":2},"end":{"line":228,"column":4}},"52":{"start":{"line":203,"column":6},"end":{"line":226,"column":11}},"53":{"start":{"line":204,"column":8},"end":{"line":225,"column":9}},"54":{"start":{"line":205,"column":27},"end":{"line":207,"column":11}},"55":{"start":{"line":209,"column":27},"end":{"line":209,"column":40}},"56":{"start":{"line":210,"column":30},"end":{"line":210,"column":38}},"57":{"start":{"line":212,"column":10},"end":{"line":212,"column":35}},"58":{"start":{"line":213,"column":10},"end":{"line":213,"column":70}},"59":{"start":{"line":214,"column":10},"end":{"line":214,"column":56}},"60":{"start":{"line":215,"column":10},"end":{"line":215,"column":66}},"61":{"start":{"line":216,"column":10},"end":{"line":216,"column":67}},"62":{"start":{"line":217,"column":10},"end":{"line":217,"column":62}},"63":{"start":{"line":218,"column":10},"end":{"line":218,"column":54}},"64":{"start":{"line":219,"column":10},"end":{"line":219,"column":56}},"65":{"start":{"line":220,"column":10},"end":{"line":220,"column":58}},"66":{"start":{"line":221,"column":10},"end":{"line":221,"column":58}},"67":{"start":{"line":222,"column":10},"end":{"line":222,"column":59}},"68":{"start":{"line":224,"column":10},"end":{"line":224,"column":51}},"69":{"start":{"line":230,"column":2},"end":{"line":301,"column":4}},"70":{"start":{"line":294,"column":26},"end":{"line":294,"column":30}}},"fnMap":{"0":{"name":"ManageBusiness","decl":{"start":{"line":61,"column":24},"end":{"line":61,"column":38}},"loc":{"start":{"line":61,"column":41},"end":{"line":302,"column":1}},"line":61},"1":{"name":"handleChangeServiceImage","decl":{"start":{"line":95,"column":17},"end":{"line":95,"column":41}},"loc":{"start":{"line":95,"column":60},"end":{"line":127,"column":3}},"line":95},"2":{"name":"catchUpdateBusinessError","decl":{"start":{"line":129,"column":11},"end":{"line":129,"column":35}},"loc":{"start":{"line":129,"column":59},"end":{"line":138,"column":3}},"line":129},"3":{"name":"updateBusiness","decl":{"start":{"line":140,"column":17},"end":{"line":140,"column":31}},"loc":{"start":{"line":140,"column":77},"end":{"line":151,"column":3}},"line":140},"4":{"name":"catchUpdateAddressError","decl":{"start":{"line":153,"column":11},"end":{"line":153,"column":34}},"loc":{"start":{"line":153,"column":58},"end":{"line":162,"column":3}},"line":153},"5":{"name":"updateAddress","decl":{"start":{"line":164,"column":17},"end":{"line":164,"column":30}},"loc":{"start":{"line":164,"column":78},"end":{"line":175,"column":3}},"line":164},"6":{"name":"catchDeleteBusinessError","decl":{"start":{"line":177,"column":11},"end":{"line":177,"column":35}},"loc":{"start":{"line":177,"column":59},"end":{"line":186,"column":3}},"line":177},"7":{"name":"deleteBusiness","decl":{"start":{"line":188,"column":17},"end":{"line":188,"column":31}},"loc":{"start":{"line":188,"column":34},"end":{"line":199,"column":3}},"line":188},"8":{"name":"(anonymous_8)","decl":{"start":{"line":202,"column":16},"end":{"line":202,"column":17}},"loc":{"start":{"line":202,"column":22},"end":{"line":227,"column":5}},"line":202},"9":{"name":"(anonymous_9)","decl":{"start":{"line":203,"column":7},"end":{"line":203,"column":8}},"loc":{"start":{"line":203,"column":19},"end":{"line":226,"column":7}},"line":203},"10":{"name":"(anonymous_10)","decl":{"start":{"line":294,"column":20},"end":{"line":294,"column":21}},"loc":{"start":{"line":294,"column":26},"end":{"line":294,"column":30}},"line":294}},"branchMap":{"0":{"loc":{"start":{"line":98,"column":4},"end":{"line":126,"column":5}},"type":"if","locations":[{"start":{"line":98,"column":4},"end":{"line":126,"column":5}},{"start":{},"end":{}}],"line":98},"1":{"loc":{"start":{"line":102,"column":19},"end":{"line":102,"column":56}},"type":"cond-expr","locations":[{"start":{"line":102,"column":27},"end":{"line":102,"column":46}},{"start":{"line":102,"column":49},"end":{"line":102,"column":56}}],"line":102},"2":{"loc":{"start":{"line":130,"column":4},"end":{"line":137,"column":5}},"type":"switch","locations":[{"start":{"line":131,"column":6},"end":{"line":133,"column":14}},{"start":{"line":134,"column":6},"end":{"line":136,"column":14}}],"line":130},"3":{"loc":{"start":{"line":154,"column":4},"end":{"line":161,"column":5}},"type":"switch","locations":[{"start":{"line":155,"column":6},"end":{"line":157,"column":14}},{"start":{"line":158,"column":6},"end":{"line":160,"column":14}}],"line":154},"4":{"loc":{"start":{"line":178,"column":4},"end":{"line":185,"column":5}},"type":"switch","locations":[{"start":{"line":179,"column":6},"end":{"line":181,"column":14}},{"start":{"line":182,"column":6},"end":{"line":184,"column":14}}],"line":178}},"s":{"0":1,"1":1,"2":16,"3":16,"4":16,"5":16,"6":16,"7":16,"8":16,"9":16,"10":16,"11":16,"12":0,"13":0,"14":0,"15":0,"16":0,"17":0,"18":0,"19":0,"20":0,"21":0,"22":0,"23":0,"24":0,"25":0,"26":0,"27":0,"28":1,"29":1,"30":1,"31":0,"32":0,"33":0,"34":0,"35":0,"36":0,"37":1,"38":1,"39":1,"40":0,"41":0,"42":0,"43":0,"44":0,"45":0,"46":0,"47":0,"48":0,"49":0,"50":0,"51":16,"52":0,"53":0,"54":0,"55":0,"56":0,"57":0,"58":0,"59":0,"60":0,"61":0,"62":0,"63":0,"64":0,"65":0,"66":0,"67":0,"68":0,"69":16,"70":0},"f":{"0":16,"1":0,"2":0,"3":1,"4":0,"5":1,"6":0,"7":0,"8":0,"9":0,"10":0},"b":{"0":[0,0],"1":[0,0],"2":[0,0],"3":[0,0],"4":[0,0]},"_coverageSchema":"1a1c01bbd47fc00a2c39e90264f33305004495a9","hash":"3948df005ca96153f49720979c2ee224b8fcab5e"}
,"/home/marcos/workstation/projects/agendify-app/src/app/session/(onlyHeader)/manageUser/[userId].tsx": {"path":"/home/marcos/workstation/projects/agendify-app/src/app/session/(onlyHeader)/manageUser/[userId].tsx","statementMap":{"0":{"start":{"line":8,"column":2},"end":{"line":24,"column":4}},"1":{"start":{"line":17,"column":26},"end":{"line":17,"column":30}},"2":{"start":{"line":18,"column":27},"end":{"line":18,"column":31}}},"fnMap":{"0":{"name":"ManageUser","decl":{"start":{"line":7,"column":24},"end":{"line":7,"column":34}},"loc":{"start":{"line":7,"column":37},"end":{"line":25,"column":1}},"line":7},"1":{"name":"(anonymous_1)","decl":{"start":{"line":17,"column":20},"end":{"line":17,"column":21}},"loc":{"start":{"line":17,"column":26},"end":{"line":17,"column":30}},"line":17},"2":{"name":"(anonymous_2)","decl":{"start":{"line":18,"column":21},"end":{"line":18,"column":22}},"loc":{"start":{"line":18,"column":27},"end":{"line":18,"column":31}},"line":18}},"branchMap":{},"s":{"0":2,"1":0,"2":0},"f":{"0":2,"1":0,"2":0},"b":{},"_coverageSchema":"1a1c01bbd47fc00a2c39e90264f33305004495a9","hash":"5689152e6c0c18b54b653f05469690d5cac1faf7"}
,"/home/marcos/workstation/projects/agendify-app/src/app/session/(onlyHeader)/service/manage/[serviceId].tsx": {"path":"/home/marcos/workstation/projects/agendify-app/src/app/session/(onlyHeader)/service/manage/[serviceId].tsx","statementMap":{"0":{"start":{"line":27,"column":38},"end":{"line":48,"column":2}},"1":{"start":{"line":42,"column":6},"end":{"line":44,"column":7}},"2":{"start":{"line":43,"column":8},"end":{"line":43,"column":66}},"3":{"start":{"line":46,"column":6},"end":{"line":46,"column":19}},"4":{"start":{"line":53,"column":41},"end":{"line":53,"column":52}},"5":{"start":{"line":55,"column":17},"end":{"line":55,"column":34}},"6":{"start":{"line":56,"column":17},"end":{"line":56,"column":28}},"7":{"start":{"line":58,"column":34},"end":{"line":58,"column":46}},"8":{"start":{"line":60,"column":22},"end":{"line":65,"column":4}},"9":{"start":{"line":73,"column":6},"end":{"line":73,"column":17}},"10":{"start":{"line":75,"column":20},"end":{"line":75,"column":46}},"11":{"start":{"line":78,"column":32},"end":{"line":78,"column":46}},"12":{"start":{"line":80,"column":4},"end":{"line":108,"column":5}},"13":{"start":{"line":81,"column":23},"end":{"line":81,"column":58}},"14":{"start":{"line":83,"column":20},"end":{"line":83,"column":45}},"15":{"start":{"line":84,"column":19},"end":{"line":84,"column":56}},"16":{"start":{"line":86,"column":6},"end":{"line":90,"column":28}},"17":{"start":{"line":92,"column":6},"end":{"line":107,"column":7}},"18":{"start":{"line":93,"column":8},"end":{"line":101,"column":10}},"19":{"start":{"line":103,"column":8},"end":{"line":103,"column":55}},"20":{"start":{"line":104,"column":8},"end":{"line":104,"column":30}},"21":{"start":{"line":106,"column":8},"end":{"line":106,"column":24}},"22":{"start":{"line":112,"column":4},"end":{"line":119,"column":5}},"23":{"start":{"line":114,"column":8},"end":{"line":114,"column":48}},"24":{"start":{"line":115,"column":8},"end":{"line":115,"column":14}},"25":{"start":{"line":117,"column":8},"end":{"line":117,"column":51}},"26":{"start":{"line":118,"column":8},"end":{"line":118,"column":14}},"27":{"start":{"line":128,"column":4},"end":{"line":141,"column":5}},"28":{"start":{"line":129,"column":23},"end":{"line":132,"column":7}},"29":{"start":{"line":134,"column":25},"end":{"line":134,"column":50}},"30":{"start":{"line":136,"column":6},"end":{"line":136,"column":54}},"31":{"start":{"line":138,"column":6},"end":{"line":138,"column":66}},"32":{"start":{"line":140,"column":6},"end":{"line":140,"column":72}},"33":{"start":{"line":145,"column":4},"end":{"line":152,"column":5}},"34":{"start":{"line":147,"column":8},"end":{"line":147,"column":48}},"35":{"start":{"line":148,"column":8},"end":{"line":148,"column":14}},"36":{"start":{"line":150,"column":8},"end":{"line":150,"column":49}},"37":{"start":{"line":151,"column":8},"end":{"line":151,"column":14}},"38":{"start":{"line":156,"column":4},"end":{"line":167,"column":5}},"39":{"start":{"line":157,"column":23},"end":{"line":159,"column":7}},"40":{"start":{"line":161,"column":25},"end":{"line":161,"column":50}},"41":{"start":{"line":163,"column":6},"end":{"line":163,"column":52}},"42":{"start":{"line":164,"column":6},"end":{"line":164,"column":66}},"43":{"start":{"line":166,"column":6},"end":{"line":166,"column":72}},"44":{"start":{"line":170,"column":2},"end":{"line":197,"column":4}},"45":{"start":{"line":172,"column":6},"end":{"line":195,"column":11}},"46":{"start":{"line":173,"column":8},"end":{"line":194,"column":9}},"47":{"start":{"line":174,"column":27},"end":{"line":176,"column":11}},"48":{"start":{"line":178,"column":26},"end":{"line":178,"column":39}},"49":{"start":{"line":180,"column":10},"end":{"line":180,"column":55}},"50":{"start":{"line":181,"column":10},"end":{"line":181,"column":41}},"51":{"start":{"line":182,"column":10},"end":{"line":182,"column":49}},"52":{"start":{"line":183,"column":10},"end":{"line":183,"column":58}},"53":{"start":{"line":185,"column":10},"end":{"line":191,"column":11}},"54":{"start":{"line":186,"column":35},"end":{"line":186,"column":66}},"55":{"start":{"line":187,"column":12},"end":{"line":190,"column":14}},"56":{"start":{"line":193,"column":10},"end":{"line":193,"column":51}},"57":{"start":{"line":199,"column":16},"end":{"line":199,"column":30}},"58":{"start":{"line":201,"column":2},"end":{"line":280,"column":4}},"59":{"start":{"line":226,"column":16},"end":{"line":226,"column":58}},"60":{"start":{"line":272,"column":28},"end":{"line":272,"column":32}}},"fnMap":{"0":{"name":"(anonymous_0)","decl":{"start":{"line":41,"column":15},"end":{"line":41,"column":16}},"loc":{"start":{"line":41,"column":26},"end":{"line":47,"column":5}},"line":41},"1":{"name":"ManageService","decl":{"start":{"line":52,"column":24},"end":{"line":52,"column":37}},"loc":{"start":{"line":52,"column":40},"end":{"line":281,"column":1}},"line":52},"2":{"name":"handleChangeBusinessImage","decl":{"start":{"line":77,"column":17},"end":{"line":77,"column":42}},"loc":{"start":{"line":77,"column":61},"end":{"line":109,"column":3}},"line":77},"3":{"name":"catchUpdateServiceError","decl":{"start":{"line":111,"column":11},"end":{"line":111,"column":34}},"loc":{"start":{"line":111,"column":58},"end":{"line":120,"column":3}},"line":111},"4":{"name":"updateService","decl":{"start":{"line":122,"column":17},"end":{"line":122,"column":30}},"loc":{"start":{"line":127,"column":29},"end":{"line":142,"column":3}},"line":127},"5":{"name":"catchDeleteServiceError","decl":{"start":{"line":144,"column":11},"end":{"line":144,"column":34}},"loc":{"start":{"line":144,"column":58},"end":{"line":153,"column":3}},"line":144},"6":{"name":"deleteService","decl":{"start":{"line":155,"column":17},"end":{"line":155,"column":30}},"loc":{"start":{"line":155,"column":33},"end":{"line":168,"column":3}},"line":155},"7":{"name":"(anonymous_7)","decl":{"start":{"line":171,"column":16},"end":{"line":171,"column":17}},"loc":{"start":{"line":171,"column":22},"end":{"line":196,"column":5}},"line":171},"8":{"name":"(anonymous_8)","decl":{"start":{"line":172,"column":7},"end":{"line":172,"column":8}},"loc":{"start":{"line":172,"column":19},"end":{"line":195,"column":7}},"line":172},"9":{"name":"(anonymous_9)","decl":{"start":{"line":225,"column":28},"end":{"line":225,"column":29}},"loc":{"start":{"line":226,"column":16},"end":{"line":226,"column":58}},"line":226},"10":{"name":"(anonymous_10)","decl":{"start":{"line":272,"column":22},"end":{"line":272,"column":23}},"loc":{"start":{"line":272,"column":28},"end":{"line":272,"column":32}},"line":272}},"branchMap":{"0":{"loc":{"start":{"line":42,"column":6},"end":{"line":44,"column":7}},"type":"if","locations":[{"start":{"line":42,"column":6},"end":{"line":44,"column":7}},{"start":{},"end":{}}],"line":42},"1":{"loc":{"start":{"line":80,"column":4},"end":{"line":108,"column":5}},"type":"if","locations":[{"start":{"line":80,"column":4},"end":{"line":108,"column":5}},{"start":{},"end":{}}],"line":80},"2":{"loc":{"start":{"line":84,"column":19},"end":{"line":84,"column":56}},"type":"cond-expr","locations":[{"start":{"line":84,"column":27},"end":{"line":84,"column":46}},{"start":{"line":84,"column":49},"end":{"line":84,"column":56}}],"line":84},"3":{"loc":{"start":{"line":112,"column":4},"end":{"line":119,"column":5}},"type":"switch","locations":[{"start":{"line":113,"column":6},"end":{"line":115,"column":14}},{"start":{"line":116,"column":6},"end":{"line":118,"column":14}}],"line":112},"4":{"loc":{"start":{"line":145,"column":4},"end":{"line":152,"column":5}},"type":"switch","locations":[{"start":{"line":146,"column":6},"end":{"line":148,"column":14}},{"start":{"line":149,"column":6},"end":{"line":151,"column":14}}],"line":145},"5":{"loc":{"start":{"line":185,"column":10},"end":{"line":191,"column":11}},"type":"if","locations":[{"start":{"line":185,"column":10},"end":{"line":191,"column":11}},{"start":{},"end":{}}],"line":185},"6":{"loc":{"start":{"line":189,"column":14},"end":{"line":189,"column":78}},"type":"cond-expr","locations":[{"start":{"line":189,"column":40},"end":{"line":189,"column":61}},{"start":{"line":189,"column":64},"end":{"line":189,"column":78}}],"line":189}},"s":{"0":1,"1":2,"2":2,"3":0,"4":10,"5":10,"6":10,"7":10,"8":10,"9":10,"10":10,"11":0,"12":0,"13":0,"14":0,"15":0,"16":0,"17":0,"18":0,"19":0,"20":0,"21":0,"22":0,"23":0,"24":0,"25":0,"26":0,"27":1,"28":1,"29":1,"30":1,"31":1,"32":0,"33":0,"34":0,"35":0,"36":0,"37":0,"38":0,"39":0,"40":0,"41":0,"42":0,"43":0,"44":10,"45":0,"46":0,"47":0,"48":0,"49":0,"50":0,"51":0,"52":0,"53":0,"54":0,"55":0,"56":0,"57":10,"58":10,"59":3,"60":0},"f":{"0":2,"1":10,"2":0,"3":0,"4":1,"5":0,"6":0,"7":0,"8":0,"9":3,"10":0},"b":{"0":[2,0],"1":[0,0],"2":[0,0],"3":[0,0],"4":[0,0],"5":[0,0],"6":[0,0]},"_coverageSchema":"1a1c01bbd47fc00a2c39e90264f33305004495a9","hash":"1ac3a1121f07885b049fcad4ee89acffa54b1965"}
,"/home/marcos/workstation/projects/agendify-app/src/app/session/(onlyHeader)/service/register/[businessId].tsx": {"path":"/home/marcos/workstation/projects/agendify-app/src/app/session/(onlyHeader)/service/register/[businessId].tsx","statementMap":{"0":{"start":{"line":23,"column":40},"end":{"line":44,"column":2}},"1":{"start":{"line":37,"column":6},"end":{"line":39,"column":7}},"2":{"start":{"line":38,"column":8},"end":{"line":38,"column":80}},"3":{"start":{"line":41,"column":6},"end":{"line":41,"column":19}},"4":{"start":{"line":49,"column":41},"end":{"line":49,"column":52}},"5":{"start":{"line":51,"column":17},"end":{"line":51,"column":34}},"6":{"start":{"line":52,"column":17},"end":{"line":52,"column":28}},"7":{"start":{"line":54,"column":22},"end":{"line":59,"column":4}},"8":{"start":{"line":67,"column":6},"end":{"line":67,"column":17}},"9":{"start":{"line":70,"column":4},"end":{"line":70,"column":35}},"10":{"start":{"line":73,"column":21},"end":{"line":73,"column":48}},"11":{"start":{"line":76,"column":4},"end":{"line":86,"column":5}},"12":{"start":{"line":78,"column":8},"end":{"line":78,"column":43}},"13":{"start":{"line":79,"column":8},"end":{"line":79,"column":14}},"14":{"start":{"line":81,"column":8},"end":{"line":81,"column":48}},"15":{"start":{"line":82,"column":8},"end":{"line":82,"column":14}},"16":{"start":{"line":84,"column":8},"end":{"line":84,"column":54}},"17":{"start":{"line":85,"column":8},"end":{"line":85,"column":14}},"18":{"start":{"line":92,"column":4},"end":{"line":134,"column":5}},"19":{"start":{"line":93,"column":39},"end":{"line":93,"column":53}},"20":{"start":{"line":94,"column":27},"end":{"line":94,"column":47}},"21":{"start":{"line":95,"column":6},"end":{"line":104,"column":7}},"22":{"start":{"line":96,"column":25},"end":{"line":96,"column":60}},"23":{"start":{"line":97,"column":22},"end":{"line":97,"column":47}},"24":{"start":{"line":98,"column":21},"end":{"line":98,"column":58}},"25":{"start":{"line":99,"column":8},"end":{"line":103,"column":30}},"26":{"start":{"line":105,"column":6},"end":{"line":110,"column":7}},"27":{"start":{"line":106,"column":8},"end":{"line":109,"column":10}},"28":{"start":{"line":111,"column":6},"end":{"line":111,"column":73}},"29":{"start":{"line":112,"column":6},"end":{"line":115,"column":8}},"30":{"start":{"line":116,"column":6},"end":{"line":119,"column":8}},"31":{"start":{"line":120,"column":6},"end":{"line":120,"column":65}},"32":{"start":{"line":121,"column":6},"end":{"line":129,"column":8}},"33":{"start":{"line":130,"column":6},"end":{"line":130,"column":54}},"34":{"start":{"line":131,"column":6},"end":{"line":131,"column":66}},"35":{"start":{"line":133,"column":6},"end":{"line":133,"column":74}},"36":{"start":{"line":137,"column":19},"end":{"line":137,"column":36}},"37":{"start":{"line":138,"column":16},"end":{"line":138,"column":30}},"38":{"start":{"line":140,"column":2},"end":{"line":211,"column":4}},"39":{"start":{"line":165,"column":16},"end":{"line":165,"column":58}}},"fnMap":{"0":{"name":"(anonymous_0)","decl":{"start":{"line":36,"column":15},"end":{"line":36,"column":16}},"loc":{"start":{"line":36,"column":26},"end":{"line":42,"column":5}},"line":36},"1":{"name":"RegisterService","decl":{"start":{"line":48,"column":24},"end":{"line":48,"column":39}},"loc":{"start":{"line":48,"column":42},"end":{"line":212,"column":1}},"line":48},"2":{"name":"handleChangeBusinessImage","decl":{"start":{"line":69,"column":11},"end":{"line":69,"column":36}},"loc":{"start":{"line":69,"column":55},"end":{"line":71,"column":3}},"line":69},"3":{"name":"catchRegisterServiceError","decl":{"start":{"line":75,"column":11},"end":{"line":75,"column":36}},"loc":{"start":{"line":75,"column":60},"end":{"line":87,"column":3}},"line":75},"4":{"name":"registerService","decl":{"start":{"line":89,"column":17},"end":{"line":89,"column":32}},"loc":{"start":{"line":91,"column":4},"end":{"line":135,"column":3}},"line":91},"5":{"name":"(anonymous_5)","decl":{"start":{"line":164,"column":28},"end":{"line":164,"column":29}},"loc":{"start":{"line":165,"column":16},"end":{"line":165,"column":58}},"line":165}},"branchMap":{"0":{"loc":{"start":{"line":37,"column":6},"end":{"line":39,"column":7}},"type":"if","locations":[{"start":{"line":37,"column":6},"end":{"line":39,"column":7}},{"start":{},"end":{}}],"line":37},"1":{"loc":{"start":{"line":76,"column":4},"end":{"line":86,"column":5}},"type":"switch","locations":[{"start":{"line":77,"column":6},"end":{"line":79,"column":14}},{"start":{"line":80,"column":6},"end":{"line":82,"column":14}},{"start":{"line":83,"column":6},"end":{"line":85,"column":14}}],"line":76},"2":{"loc":{"start":{"line":95,"column":6},"end":{"line":104,"column":7}},"type":"if","locations":[{"start":{"line":95,"column":6},"end":{"line":104,"column":7}},{"start":{},"end":{}}],"line":95},"3":{"loc":{"start":{"line":98,"column":21},"end":{"line":98,"column":58}},"type":"cond-expr","locations":[{"start":{"line":98,"column":29},"end":{"line":98,"column":48}},{"start":{"line":98,"column":51},"end":{"line":98,"column":58}}],"line":98},"4":{"loc":{"start":{"line":105,"column":6},"end":{"line":110,"column":7}},"type":"if","locations":[{"start":{"line":105,"column":6},"end":{"line":110,"column":7}},{"start":{},"end":{}}],"line":105}},"s":{"0":1,"1":2,"2":2,"3":0,"4":10,"5":10,"6":10,"7":10,"8":10,"9":0,"10":10,"11":0,"12":0,"13":0,"14":0,"15":0,"16":0,"17":0,"18":1,"19":1,"20":1,"21":1,"22":0,"23":0,"24":0,"25":0,"26":1,"27":1,"28":1,"29":1,"30":1,"31":1,"32":1,"33":1,"34":1,"35":0,"36":10,"37":10,"38":10,"39":3},"f":{"0":2,"1":10,"2":0,"3":0,"4":1,"5":3},"b":{"0":[2,0],"1":[0,0,0],"2":[0,1],"3":[0,0],"4":[1,0]},"_coverageSchema":"1a1c01bbd47fc00a2c39e90264f33305004495a9","hash":"a22e6330495cf61eb0b50036d40c6fa8cdf5cc78"}
,"/home/marcos/workstation/projects/agendify-app/src/assets/icons/Logo.tsx": {"path":"/home/marcos/workstation/projects/agendify-app/src/assets/icons/Logo.tsx","statementMap":{"0":{"start":{"line":4,"column":2},"end":{"line":31,"column":4}}},"fnMap":{"0":{"name":"Logo","decl":{"start":{"line":3,"column":16},"end":{"line":3,"column":20}},"loc":{"start":{"line":3,"column":23},"end":{"line":32,"column":1}},"line":3}},"branchMap":{},"s":{"0":58},"f":{"0":58},"b":{},"_coverageSchema":"1a1c01bbd47fc00a2c39e90264f33305004495a9","hash":"e10f4afe0042c8619beff6ed9a2895880ac38d45"}
,"/home/marcos/workstation/projects/agendify-app/src/assets/images/defaultImage.png": {"path":"/home/marcos/workstation/projects/agendify-app/src/assets/images/defaultImage.png","statementMap":{"0":{"start":{"line":1,"column":0},"end":{"line":1,"column":19}}},"fnMap":{},"branchMap":{},"s":{"0":3},"f":{},"b":{},"_coverageSchema":"1a1c01bbd47fc00a2c39e90264f33305004495a9","hash":"0f42922f33db12b4396f84c10becd3d42baf263c"}
,"/home/marcos/workstation/projects/agendify-app/src/components/AddressForm/index.tsx": {"path":"/home/marcos/workstation/projects/agendify-app/src/components/AddressForm/index.tsx","statementMap":{"0":{"start":{"line":22,"column":6},"end":{"line":22,"column":40}},"1":{"start":{"line":24,"column":21},"end":{"line":24,"column":40}},"2":{"start":{"line":26,"column":2},"end":{"line":62,"column":19}},"3":{"start":{"line":27,"column":4},"end":{"line":61,"column":9}},"4":{"start":{"line":28,"column":34},"end":{"line":30,"column":12}},"5":{"start":{"line":32,"column":6},"end":{"line":60,"column":7}},"6":{"start":{"line":33,"column":8},"end":{"line":59,"column":9}},"7":{"start":{"line":34,"column":27},"end":{"line":36,"column":11}},"8":{"start":{"line":38,"column":26},"end":{"line":38,"column":39}},"9":{"start":{"line":40,"column":10},"end":{"line":42,"column":11}},"10":{"start":{"line":41,"column":12},"end":{"line":41,"column":43}},"11":{"start":{"line":43,"column":10},"end":{"line":45,"column":11}},"12":{"start":{"line":44,"column":12},"end":{"line":44,"column":45}},"13":{"start":{"line":46,"column":10},"end":{"line":48,"column":11}},"14":{"start":{"line":47,"column":12},"end":{"line":47,"column":47}},"15":{"start":{"line":50,"column":10},"end":{"line":56,"column":11}},"16":{"start":{"line":51,"column":12},"end":{"line":55,"column":13}},"17":{"start":{"line":52,"column":14},"end":{"line":54,"column":17}},"18":{"start":{"line":58,"column":10},"end":{"line":58,"column":36}},"19":{"start":{"line":64,"column":2},"end":{"line":138,"column":4}}},"fnMap":{"0":{"name":"AddressForm","decl":{"start":{"line":14,"column":16},"end":{"line":14,"column":27}},"loc":{"start":{"line":14,"column":30},"end":{"line":139,"column":1}},"line":14},"1":{"name":"(anonymous_1)","decl":{"start":{"line":26,"column":12},"end":{"line":26,"column":13}},"loc":{"start":{"line":26,"column":18},"end":{"line":62,"column":3}},"line":26},"2":{"name":"(anonymous_2)","decl":{"start":{"line":27,"column":5},"end":{"line":27,"column":6}},"loc":{"start":{"line":27,"column":17},"end":{"line":61,"column":5}},"line":27}},"branchMap":{"0":{"loc":{"start":{"line":28,"column":34},"end":{"line":30,"column":12}},"type":"cond-expr","locations":[{"start":{"line":29,"column":10},"end":{"line":29,"column":40}},{"start":{"line":30,"column":10},"end":{"line":30,"column":12}}],"line":28},"1":{"loc":{"start":{"line":32,"column":6},"end":{"line":60,"column":7}},"type":"if","locations":[{"start":{"line":32,"column":6},"end":{"line":60,"column":7}},{"start":{},"end":{}}],"line":32},"2":{"loc":{"start":{"line":40,"column":10},"end":{"line":42,"column":11}},"type":"if","locations":[{"start":{"line":40,"column":10},"end":{"line":42,"column":11}},{"start":{},"end":{}}],"line":40},"3":{"loc":{"start":{"line":43,"column":10},"end":{"line":45,"column":11}},"type":"if","locations":[{"start":{"line":43,"column":10},"end":{"line":45,"column":11}},{"start":{},"end":{}}],"line":43},"4":{"loc":{"start":{"line":46,"column":10},"end":{"line":48,"column":11}},"type":"if","locations":[{"start":{"line":46,"column":10},"end":{"line":48,"column":11}},{"start":{},"end":{}}],"line":46},"5":{"loc":{"start":{"line":50,"column":10},"end":{"line":56,"column":11}},"type":"if","locations":[{"start":{"line":50,"column":10},"end":{"line":56,"column":11}},{"start":{},"end":{}}],"line":50},"6":{"loc":{"start":{"line":51,"column":12},"end":{"line":55,"column":13}},"type":"if","locations":[{"start":{"line":51,"column":12},"end":{"line":55,"column":13}},{"start":{},"end":{}}],"line":51}},"s":{"0":25,"1":25,"2":25,"3":14,"4":14,"5":14,"6":2,"7":2,"8":0,"9":0,"10":0,"11":0,"12":0,"13":0,"14":0,"15":2,"16":2,"17":0,"18":2,"19":25},"f":{"0":25,"1":14,"2":14},"b":{"0":[2,12],"1":[2,12],"2":[0,0],"3":[0,0],"4":[0,0],"5":[2,0],"6":[0,2]},"_coverageSchema":"1a1c01bbd47fc00a2c39e90264f33305004495a9","hash":"e4fc45ef6be712ac03bf558e4c15a3baf3d716b4"}
,"/home/marcos/workstation/projects/agendify-app/src/components/BusinessCard/index.tsx": {"path":"/home/marcos/workstation/projects/agendify-app/src/components/BusinessCard/index.tsx","statementMap":{"0":{"start":{"line":17,"column":17},"end":{"line":17,"column":28}},"1":{"start":{"line":20,"column":21},"end":{"line":20,"column":55}},"2":{"start":{"line":23,"column":4},"end":{"line":23,"column":28}},"3":{"start":{"line":26,"column":2},"end":{"line":68,"column":4}}},"fnMap":{"0":{"name":"BusinessCard","decl":{"start":{"line":8,"column":16},"end":{"line":8,"column":28}},"loc":{"start":{"line":16,"column":23},"end":{"line":69,"column":1}},"line":16},"1":{"name":"redirectToScreen","decl":{"start":{"line":22,"column":11},"end":{"line":22,"column":27}},"loc":{"start":{"line":22,"column":30},"end":{"line":24,"column":3}},"line":22}},"branchMap":{"0":{"loc":{"start":{"line":20,"column":21},"end":{"line":20,"column":55}},"type":"cond-expr","locations":[{"start":{"line":20,"column":40},"end":{"line":20,"column":46}},{"start":{"line":20,"column":49},"end":{"line":20,"column":55}}],"line":20},"1":{"loc":{"start":{"line":36,"column":7},"end":{"line":40,"column":7}},"type":"binary-expr","locations":[{"start":{"line":36,"column":7},"end":{"line":36,"column":23}},{"start":{},"end":{}}],"line":36}},"s":{"0":1,"1":1,"2":0,"3":1},"f":{"0":1,"1":0},"b":{"0":[1,0],"1":[1,1]},"_coverageSchema":"1a1c01bbd47fc00a2c39e90264f33305004495a9","hash":"0f202ef44818bb9d8b78c3b2955c23c3d1802c65"}
,"/home/marcos/workstation/projects/agendify-app/src/components/BusinessImagePicker/index.tsx": {"path":"/home/marcos/workstation/projects/agendify-app/src/components/BusinessImagePicker/index.tsx","statementMap":{"0":{"start":{"line":12,"column":38},"end":{"line":12,"column":78}},"1":{"start":{"line":15,"column":4},"end":{"line":17,"column":5}},"2":{"start":{"line":16,"column":6},"end":{"line":16,"column":32}},"3":{"start":{"line":19,"column":4},"end":{"line":31,"column":5}},"4":{"start":{"line":20,"column":26},"end":{"line":24,"column":8}},"5":{"start":{"line":26,"column":6},"end":{"line":30,"column":7}},"6":{"start":{"line":27,"column":22},"end":{"line":27,"column":43}},"7":{"start":{"line":29,"column":8},"end":{"line":29,"column":33}},"8":{"start":{"line":34,"column":2},"end":{"line":62,"column":4}}},"fnMap":{"0":{"name":"BusinessImagePicker","decl":{"start":{"line":8,"column":16},"end":{"line":8,"column":35}},"loc":{"start":{"line":11,"column":30},"end":{"line":63,"column":1}},"line":11},"1":{"name":"handleSetImage","decl":{"start":{"line":14,"column":17},"end":{"line":14,"column":31}},"loc":{"start":{"line":14,"column":34},"end":{"line":32,"column":3}},"line":14}},"branchMap":{"0":{"loc":{"start":{"line":15,"column":4},"end":{"line":17,"column":5}},"type":"if","locations":[{"start":{"line":15,"column":4},"end":{"line":17,"column":5}},{"start":{},"end":{}}],"line":15},"1":{"loc":{"start":{"line":19,"column":4},"end":{"line":31,"column":5}},"type":"if","locations":[{"start":{"line":19,"column":4},"end":{"line":31,"column":5}},{"start":{},"end":{}}],"line":19},"2":{"loc":{"start":{"line":26,"column":6},"end":{"line":30,"column":7}},"type":"if","locations":[{"start":{"line":26,"column":6},"end":{"line":30,"column":7}},{"start":{},"end":{}}],"line":26},"3":{"loc":{"start":{"line":43,"column":7},"end":{"line":60,"column":7}},"type":"cond-expr","locations":[{"start":{},"end":{}},{"start":{"line":52,"column":8},"end":{"line":59,"column":11}}],"line":43}},"s":{"0":55,"1":0,"2":0,"3":0,"4":0,"5":0,"6":0,"7":0,"8":55},"f":{"0":55,"1":0},"b":{"0":[0,0],"1":[0,0],"2":[0,0],"3":[0,55]},"_coverageSchema":"1a1c01bbd47fc00a2c39e90264f33305004495a9","hash":"547f15d2b461f5d2aa3523906645dbaabfa467b1"}
,"/home/marcos/workstation/projects/agendify-app/src/components/Button/index.tsx": {"path":"/home/marcos/workstation/projects/agendify-app/src/components/Button/index.tsx","statementMap":{"0":{"start":{"line":15,"column":29},"end":{"line":15,"column":68}},"1":{"start":{"line":17,"column":22},"end":{"line":17,"column":61}},"2":{"start":{"line":19,"column":25},"end":{"line":22,"column":3}},"3":{"start":{"line":24,"column":23},"end":{"line":27,"column":3}},"4":{"start":{"line":29,"column":2},"end":{"line":53,"column":4}}},"fnMap":{"0":{"name":"Button","decl":{"start":{"line":6,"column":16},"end":{"line":6,"column":22}},"loc":{"start":{"line":14,"column":17},"end":{"line":54,"column":1}},"line":14}},"branchMap":{"0":{"loc":{"start":{"line":8,"column":2},"end":{"line":8,"column":19}},"type":"default-arg","locations":[{"start":{"line":8,"column":14},"end":{"line":8,"column":19}}],"line":8},"1":{"loc":{"start":{"line":9,"column":2},"end":{"line":9,"column":20}},"type":"default-arg","locations":[{"start":{"line":9,"column":12},"end":{"line":9,"column":20}}],"line":9},"2":{"loc":{"start":{"line":11,"column":2},"end":{"line":11,"column":18}},"type":"default-arg","locations":[{"start":{"line":11,"column":13},"end":{"line":11,"column":18}}],"line":11},"3":{"loc":{"start":{"line":12,"column":2},"end":{"line":12,"column":18}},"type":"default-arg","locations":[{"start":{"line":12,"column":10},"end":{"line":12,"column":18}}],"line":12},"4":{"loc":{"start":{"line":15,"column":29},"end":{"line":15,"column":68}},"type":"cond-expr","locations":[{"start":{"line":15,"column":45},"end":{"line":15,"column":55}},{"start":{"line":15,"column":58},"end":{"line":15,"column":68}}],"line":15},"5":{"loc":{"start":{"line":17,"column":22},"end":{"line":17,"column":61}},"type":"cond-expr","locations":[{"start":{"line":17,"column":33},"end":{"line":17,"column":40}},{"start":{"line":17,"column":43},"end":{"line":17,"column":61}}],"line":17},"6":{"loc":{"start":{"line":38,"column":7},"end":{"line":51,"column":7}},"type":"cond-expr","locations":[{"start":{"line":39,"column":8},"end":{"line":39,"column":19}},{"start":{"line":41,"column":8},"end":{"line":50,"column":11}}],"line":38},"7":{"loc":{"start":{"line":42,"column":11},"end":{"line":42,"column":55}},"type":"binary-expr","locations":[{"start":{"line":42,"column":11},"end":{"line":42,"column":15}},{"start":{},"end":{}}],"line":42}},"s":{"0":164,"1":164,"2":164,"3":164,"4":164},"f":{"0":164},"b":{"0":[34],"1":[135],"2":[135],"3":[164],"4":[0,164],"5":[29,135],"6":[45,119],"7":[119,29]},"_coverageSchema":"1a1c01bbd47fc00a2c39e90264f33305004495a9","hash":"dcd0d4931f2867b78986f6dc0fbb2580d0926f77"}
,"/home/marcos/workstation/projects/agendify-app/src/components/Button/types/buttonVariants.type.ts": {"path":"/home/marcos/workstation/projects/agendify-app/src/components/Button/types/buttonVariants.type.ts","statementMap":{"0":{"start":{"line":1,"column":31},"end":{"line":4,"column":10}}},"fnMap":{},"branchMap":{},"s":{"0":10},"f":{},"b":{},"_coverageSchema":"1a1c01bbd47fc00a2c39e90264f33305004495a9","hash":"eac81c1f047c2aa76fe701aaa37ba8dad0059a94"}
,"/home/marcos/workstation/projects/agendify-app/src/components/Calendar/index.tsx": {"path":"/home/marcos/workstation/projects/agendify-app/src/components/Calendar/index.tsx","statementMap":{"0":{"start":{"line":17,"column":42},"end":{"line":24,"column":4}},"1":{"start":{"line":25,"column":26},"end":{"line":25,"column":60}},"2":{"start":{"line":26,"column":28},"end":{"line":26,"column":59}},"3":{"start":{"line":29,"column":4},"end":{"line":37,"column":7}},"4":{"start":{"line":30,"column":6},"end":{"line":34,"column":7}},"5":{"start":{"line":31,"column":8},"end":{"line":31,"column":50}},"6":{"start":{"line":31,"column":33},"end":{"line":31,"column":48}},"7":{"start":{"line":33,"column":8},"end":{"line":33,"column":17}},"8":{"start":{"line":36,"column":6},"end":{"line":36,"column":30}},"9":{"start":{"line":41,"column":4},"end":{"line":49,"column":7}},"10":{"start":{"line":42,"column":6},"end":{"line":46,"column":7}},"11":{"start":{"line":43,"column":8},"end":{"line":43,"column":50}},"12":{"start":{"line":43,"column":33},"end":{"line":43,"column":48}},"13":{"start":{"line":45,"column":8},"end":{"line":45,"column":18}},"14":{"start":{"line":48,"column":6},"end":{"line":48,"column":30}},"15":{"start":{"line":53,"column":4},"end":{"line":53,"column":29}},"16":{"start":{"line":54,"column":4},"end":{"line":54,"column":21}},"17":{"start":{"line":58,"column":4},"end":{"line":60,"column":5}},"18":{"start":{"line":59,"column":6},"end":{"line":59,"column":19}},"19":{"start":{"line":62,"column":4},"end":{"line":64,"column":5}},"20":{"start":{"line":63,"column":6},"end":{"line":63,"column":18}},"21":{"start":{"line":66,"column":4},"end":{"line":66,"column":30}},"22":{"start":{"line":68,"column":29},"end":{"line":68,"column":36}},"23":{"start":{"line":69,"column":4},"end":{"line":75,"column":5}},"24":{"start":{"line":70,"column":6},"end":{"line":70,"column":44}},"25":{"start":{"line":72,"column":6},"end":{"line":74,"column":7}},"26":{"start":{"line":73,"column":8},"end":{"line":73,"column":21}},"27":{"start":{"line":77,"column":29},"end":{"line":77,"column":36}},"28":{"start":{"line":78,"column":4},"end":{"line":84,"column":5}},"29":{"start":{"line":79,"column":6},"end":{"line":79,"column":44}},"30":{"start":{"line":81,"column":6},"end":{"line":83,"column":7}},"31":{"start":{"line":82,"column":8},"end":{"line":82,"column":21}},"32":{"start":{"line":86,"column":4},"end":{"line":86,"column":16}},"33":{"start":{"line":90,"column":4},"end":{"line":92,"column":5}},"34":{"start":{"line":91,"column":6},"end":{"line":91,"column":18}},"35":{"start":{"line":94,"column":24},"end":{"line":94,"column":45}},"36":{"start":{"line":96,"column":4},"end":{"line":104,"column":5}},"37":{"start":{"line":97,"column":6},"end":{"line":99,"column":7}},"38":{"start":{"line":98,"column":8},"end":{"line":98,"column":21}},"39":{"start":{"line":101,"column":6},"end":{"line":103,"column":7}},"40":{"start":{"line":102,"column":8},"end":{"line":102,"column":21}},"41":{"start":{"line":106,"column":4},"end":{"line":106,"column":16}},"42":{"start":{"line":110,"column":4},"end":{"line":112,"column":5}},"43":{"start":{"line":111,"column":6},"end":{"line":111,"column":18}},"44":{"start":{"line":114,"column":24},"end":{"line":114,"column":45}},"45":{"start":{"line":116,"column":4},"end":{"line":124,"column":5}},"46":{"start":{"line":117,"column":6},"end":{"line":119,"column":7}},"47":{"start":{"line":118,"column":8},"end":{"line":118,"column":21}},"48":{"start":{"line":121,"column":6},"end":{"line":123,"column":7}},"49":{"start":{"line":122,"column":8},"end":{"line":122,"column":21}},"50":{"start":{"line":126,"column":4},"end":{"line":126,"column":16}},"51":{"start":{"line":129,"column":2},"end":{"line":147,"column":14}},"52":{"start":{"line":130,"column":16},"end":{"line":130,"column":26}},"53":{"start":{"line":132,"column":24},"end":{"line":132,"column":41}},"54":{"start":{"line":134,"column":21},"end":{"line":134,"column":52}},"55":{"start":{"line":136,"column":25},"end":{"line":136,"column":42}},"56":{"start":{"line":138,"column":4},"end":{"line":146,"column":6}},"57":{"start":{"line":139,"column":6},"end":{"line":145,"column":7}},"58":{"start":{"line":140,"column":8},"end":{"line":144,"column":9}},"59":{"start":{"line":143,"column":12},"end":{"line":143,"column":77}},"60":{"start":{"line":149,"column":20},"end":{"line":151,"column":34}},"61":{"start":{"line":153,"column":40},"end":{"line":153,"column":74}},"62":{"start":{"line":154,"column":36},"end":{"line":154,"column":66}},"63":{"start":{"line":156,"column":2},"end":{"line":250,"column":4}},"64":{"start":{"line":212,"column":26},"end":{"line":212,"column":64}},"65":{"start":{"line":214,"column":10},"end":{"line":246,"column":12}},"66":{"start":{"line":220,"column":31},"end":{"line":220,"column":77}},"67":{"start":{"line":222,"column":39},"end":{"line":222,"column":56}},"68":{"start":{"line":223,"column":36},"end":{"line":223,"column":63}},"69":{"start":{"line":224,"column":44},"end":{"line":226,"column":35}},"70":{"start":{"line":227,"column":42},"end":{"line":229,"column":39}},"71":{"start":{"line":231,"column":16},"end":{"line":243,"column":18}},"72":{"start":{"line":238,"column":35},"end":{"line":238,"column":55}}},"fnMap":{"0":{"name":"Calendar","decl":{"start":{"line":10,"column":16},"end":{"line":10,"column":24}},"loc":{"start":{"line":16,"column":19},"end":{"line":251,"column":1}},"line":16},"1":{"name":"handleNextMonth","decl":{"start":{"line":28,"column":11},"end":{"line":28,"column":26}},"loc":{"start":{"line":28,"column":29},"end":{"line":38,"column":3}},"line":28},"2":{"name":"(anonymous_2)","decl":{"start":{"line":29,"column":13},"end":{"line":29,"column":14}},"loc":{"start":{"line":29,"column":31},"end":{"line":37,"column":5}},"line":29},"3":{"name":"(anonymous_3)","decl":{"start":{"line":31,"column":16},"end":{"line":31,"column":17}},"loc":{"start":{"line":31,"column":33},"end":{"line":31,"column":48}},"line":31},"4":{"name":"handlePreviousMonth","decl":{"start":{"line":40,"column":11},"end":{"line":40,"column":30}},"loc":{"start":{"line":40,"column":33},"end":{"line":50,"column":3}},"line":40},"5":{"name":"(anonymous_5)","decl":{"start":{"line":41,"column":13},"end":{"line":41,"column":14}},"loc":{"start":{"line":41,"column":31},"end":{"line":49,"column":5}},"line":41},"6":{"name":"(anonymous_6)","decl":{"start":{"line":43,"column":16},"end":{"line":43,"column":17}},"loc":{"start":{"line":43,"column":33},"end":{"line":43,"column":48}},"line":43},"7":{"name":"handleActiveDay","decl":{"start":{"line":52,"column":11},"end":{"line":52,"column":26}},"loc":{"start":{"line":52,"column":38},"end":{"line":55,"column":3}},"line":52},"8":{"name":"dayIsEnable","decl":{"start":{"line":57,"column":11},"end":{"line":57,"column":22}},"loc":{"start":{"line":57,"column":35},"end":{"line":87,"column":3}},"line":57},"9":{"name":"getPreviousMonthButtonIsEnabled","decl":{"start":{"line":89,"column":11},"end":{"line":89,"column":42}},"loc":{"start":{"line":89,"column":45},"end":{"line":107,"column":3}},"line":89},"10":{"name":"getNextMonthButtonIsEnabled","decl":{"start":{"line":109,"column":11},"end":{"line":109,"column":38}},"loc":{"start":{"line":109,"column":41},"end":{"line":127,"column":3}},"line":109},"11":{"name":"(anonymous_11)","decl":{"start":{"line":129,"column":12},"end":{"line":129,"column":13}},"loc":{"start":{"line":129,"column":18},"end":{"line":147,"column":3}},"line":129},"12":{"name":"(anonymous_12)","decl":{"start":{"line":138,"column":20},"end":{"line":138,"column":21}},"loc":{"start":{"line":139,"column":6},"end":{"line":145,"column":7}},"line":139},"13":{"name":"(anonymous_13)","decl":{"start":{"line":139,"column":23},"end":{"line":139,"column":24}},"loc":{"start":{"line":140,"column":8},"end":{"line":144,"column":9}},"line":140},"14":{"name":"(anonymous_14)","decl":{"start":{"line":142,"column":10},"end":{"line":142,"column":11}},"loc":{"start":{"line":143,"column":12},"end":{"line":143,"column":77}},"line":143},"15":{"name":"(anonymous_15)","decl":{"start":{"line":211,"column":26},"end":{"line":211,"column":27}},"loc":{"start":{"line":211,"column":47},"end":{"line":247,"column":9}},"line":211},"16":{"name":"(anonymous_16)","decl":{"start":{"line":219,"column":24},"end":{"line":219,"column":25}},"loc":{"start":{"line":219,"column":43},"end":{"line":244,"column":15}},"line":219},"17":{"name":"(anonymous_17)","decl":{"start":{"line":238,"column":29},"end":{"line":238,"column":30}},"loc":{"start":{"line":238,"column":35},"end":{"line":238,"column":55}},"line":238}},"branchMap":{"0":{"loc":{"start":{"line":14,"column":2},"end":{"line":14,"column":39}},"type":"default-arg","locations":[{"start":{"line":14,"column":18},"end":{"line":14,"column":39}}],"line":14},"1":{"loc":{"start":{"line":30,"column":6},"end":{"line":34,"column":7}},"type":"if","locations":[{"start":{"line":30,"column":6},"end":{"line":34,"column":7}},{"start":{},"end":{}}],"line":30},"2":{"loc":{"start":{"line":42,"column":6},"end":{"line":46,"column":7}},"type":"if","locations":[{"start":{"line":42,"column":6},"end":{"line":46,"column":7}},{"start":{},"end":{}}],"line":42},"3":{"loc":{"start":{"line":58,"column":4},"end":{"line":60,"column":5}},"type":"if","locations":[{"start":{"line":58,"column":4},"end":{"line":60,"column":5}},{"start":{},"end":{}}],"line":58},"4":{"loc":{"start":{"line":62,"column":4},"end":{"line":64,"column":5}},"type":"if","locations":[{"start":{"line":62,"column":4},"end":{"line":64,"column":5}},{"start":{},"end":{}}],"line":62},"5":{"loc":{"start":{"line":62,"column":8},"end":{"line":62,"column":28}},"type":"binary-expr","locations":[{"start":{"line":62,"column":8},"end":{"line":62,"column":16}},{"start":{"line":62,"column":20},"end":{"line":62,"column":28}}],"line":62},"6":{"loc":{"start":{"line":69,"column":4},"end":{"line":75,"column":5}},"type":"if","locations":[{"start":{"line":69,"column":4},"end":{"line":75,"column":5}},{"start":{},"end":{}}],"line":69},"7":{"loc":{"start":{"line":72,"column":6},"end":{"line":74,"column":7}},"type":"if","locations":[{"start":{"line":72,"column":6},"end":{"line":74,"column":7}},{"start":{},"end":{}}],"line":72},"8":{"loc":{"start":{"line":78,"column":4},"end":{"line":84,"column":5}},"type":"if","locations":[{"start":{"line":78,"column":4},"end":{"line":84,"column":5}},{"start":{},"end":{}}],"line":78},"9":{"loc":{"start":{"line":81,"column":6},"end":{"line":83,"column":7}},"type":"if","locations":[{"start":{"line":81,"column":6},"end":{"line":83,"column":7}},{"start":{},"end":{}}],"line":81},"10":{"loc":{"start":{"line":90,"column":4},"end":{"line":92,"column":5}},"type":"if","locations":[{"start":{"line":90,"column":4},"end":{"line":92,"column":5}},{"start":{},"end":{}}],"line":90},"11":{"loc":{"start":{"line":96,"column":4},"end":{"line":104,"column":5}},"type":"if","locations":[{"start":{"line":96,"column":4},"end":{"line":104,"column":5}},{"start":{},"end":{}}],"line":96},"12":{"loc":{"start":{"line":97,"column":6},"end":{"line":99,"column":7}},"type":"if","locations":[{"start":{"line":97,"column":6},"end":{"line":99,"column":7}},{"start":{},"end":{}}],"line":97},"13":{"loc":{"start":{"line":97,"column":10},"end":{"line":97,"column":47}},"type":"binary-expr","locations":[{"start":{"line":97,"column":10},"end":{"line":97,"column":21}},{"start":{"line":97,"column":25},"end":{"line":97,"column":47}}],"line":97},"14":{"loc":{"start":{"line":101,"column":6},"end":{"line":103,"column":7}},"type":"if","locations":[{"start":{"line":101,"column":6},"end":{"line":103,"column":7}},{"start":{},"end":{}}],"line":101},"15":{"loc":{"start":{"line":110,"column":4},"end":{"line":112,"column":5}},"type":"if","locations":[{"start":{"line":110,"column":4},"end":{"line":112,"column":5}},{"start":{},"end":{}}],"line":110},"16":{"loc":{"start":{"line":116,"column":4},"end":{"line":124,"column":5}},"type":"if","locations":[{"start":{"line":116,"column":4},"end":{"line":124,"column":5}},{"start":{},"end":{}}],"line":116},"17":{"loc":{"start":{"line":117,"column":6},"end":{"line":119,"column":7}},"type":"if","locations":[{"start":{"line":117,"column":6},"end":{"line":119,"column":7}},{"start":{},"end":{}}],"line":117},"18":{"loc":{"start":{"line":117,"column":10},"end":{"line":117,"column":48}},"type":"binary-expr","locations":[{"start":{"line":117,"column":10},"end":{"line":117,"column":22}},{"start":{"line":117,"column":26},"end":{"line":117,"column":48}}],"line":117},"19":{"loc":{"start":{"line":121,"column":6},"end":{"line":123,"column":7}},"type":"if","locations":[{"start":{"line":121,"column":6},"end":{"line":123,"column":7}},{"start":{},"end":{}}],"line":121},"20":{"loc":{"start":{"line":161,"column":12},"end":{"line":163,"column":33}},"type":"cond-expr","locations":[{"start":{"line":162,"column":16},"end":{"line":162,"column":33}},{"start":{"line":163,"column":16},"end":{"line":163,"column":33}}],"line":161},"21":{"loc":{"start":{"line":171,"column":14},"end":{"line":171,"column":79}},"type":"cond-expr","locations":[{"start":{"line":171,"column":46},"end":{"line":171,"column":61}},{"start":{"line":171,"column":64},"end":{"line":171,"column":79}}],"line":171},"22":{"loc":{"start":{"line":188,"column":12},"end":{"line":188,"column":77}},"type":"cond-expr","locations":[{"start":{"line":188,"column":40},"end":{"line":188,"column":57}},{"start":{"line":188,"column":60},"end":{"line":188,"column":77}}],"line":188},"23":{"loc":{"start":{"line":195,"column":14},"end":{"line":195,"column":75}},"type":"cond-expr","locations":[{"start":{"line":195,"column":42},"end":{"line":195,"column":57}},{"start":{"line":195,"column":60},"end":{"line":195,"column":75}}],"line":195},"24":{"loc":{"start":{"line":224,"column":44},"end":{"line":226,"column":35}},"type":"cond-expr","locations":[{"start":{"line":225,"column":20},"end":{"line":225,"column":35}},{"start":{"line":226,"column":20},"end":{"line":226,"column":35}}],"line":224},"25":{"loc":{"start":{"line":227,"column":42},"end":{"line":229,"column":39}},"type":"cond-expr","locations":[{"start":{"line":228,"column":20},"end":{"line":228,"column":44}},{"start":{"line":229,"column":20},"end":{"line":229,"column":39}}],"line":227},"26":{"loc":{"start":{"line":236,"column":46},"end":{"line":236,"column":74}},"type":"binary-expr","locations":[{"start":{"line":236,"column":46},"end":{"line":236,"column":57}},{"start":{"line":236,"column":61},"end":{"line":236,"column":74}}],"line":236}},"s":{"0":2,"1":2,"2":2,"3":0,"4":0,"5":0,"6":0,"7":0,"8":0,"9":0,"10":0,"11":0,"12":0,"13":0,"14":0,"15":0,"16":0,"17":42,"18":0,"19":42,"20":42,"21":0,"22":0,"23":0,"24":0,"25":0,"26":0,"27":0,"28":0,"29":0,"30":0,"31":0,"32":0,"33":2,"34":2,"35":0,"36":0,"37":0,"38":0,"39":0,"40":0,"41":0,"42":2,"43":2,"44":0,"45":0,"46":0,"47":0,"48":0,"49":0,"50":0,"51":2,"52":1,"53":1,"54":1,"55":1,"56":1,"57":1,"58":6,"59":42,"60":2,"61":2,"62":2,"63":2,"64":12,"65":12,"66":42,"67":42,"68":42,"69":42,"70":42,"71":42,"72":0},"f":{"0":2,"1":0,"2":0,"3":0,"4":0,"5":0,"6":0,"7":0,"8":42,"9":2,"10":2,"11":1,"12":1,"13":6,"14":42,"15":12,"16":42,"17":0},"b":{"0":[2],"1":[0,0],"2":[0,0],"3":[0,42],"4":[42,0],"5":[42,42],"6":[0,0],"7":[0,0],"8":[0,0],"9":[0,0],"10":[2,0],"11":[0,0],"12":[0,0],"13":[0,0],"14":[0,0],"15":[2,0],"16":[0,0],"17":[0,0],"18":[0,0],"19":[0,0],"20":[0,2],"21":[0,2],"22":[0,2],"23":[0,2],"24":[0,42],"25":[1,41],"26":[42,1]},"_coverageSchema":"1a1c01bbd47fc00a2c39e90264f33305004495a9","hash":"28295f9d30926528e3effcd6ff82906d9bf37d82"}
,"/home/marcos/workstation/projects/agendify-app/src/components/Checkbox/index.tsx": {"path":"/home/marcos/workstation/projects/agendify-app/src/components/Checkbox/index.tsx","statementMap":{"0":{"start":{"line":7,"column":28},"end":{"line":7,"column":69}},"1":{"start":{"line":8,"column":16},"end":{"line":8,"column":57}},"2":{"start":{"line":10,"column":2},"end":{"line":20,"column":4}}},"fnMap":{"0":{"name":"Checkbox","decl":{"start":{"line":6,"column":16},"end":{"line":6,"column":24}},"loc":{"start":{"line":6,"column":75},"end":{"line":21,"column":1}},"line":6}},"branchMap":{"0":{"loc":{"start":{"line":6,"column":38},"end":{"line":6,"column":55}},"type":"default-arg","locations":[{"start":{"line":6,"column":50},"end":{"line":6,"column":55}}],"line":6},"1":{"loc":{"start":{"line":7,"column":28},"end":{"line":7,"column":69}},"type":"cond-expr","locations":[{"start":{"line":7,"column":40},"end":{"line":7,"column":53}},{"start":{"line":7,"column":56},"end":{"line":7,"column":69}}],"line":7},"2":{"loc":{"start":{"line":8,"column":16},"end":{"line":8,"column":57}},"type":"cond-expr","locations":[{"start":{"line":8,"column":28},"end":{"line":8,"column":42}},{"start":{"line":8,"column":45},"end":{"line":8,"column":57}}],"line":8},"3":{"loc":{"start":{"line":18,"column":7},"end":{"line":18,"column":62}},"type":"binary-expr","locations":[{"start":{"line":18,"column":7},"end":{"line":18,"column":16}},{"start":{"line":18,"column":20},"end":{"line":18,"column":62}}],"line":18}},"s":{"0":43,"1":43,"2":43},"f":{"0":43},"b":{"0":[43],"1":[15,28],"2":[0,43],"3":[43,15]},"_coverageSchema":"1a1c01bbd47fc00a2c39e90264f33305004495a9","hash":"b28353e8670d41f084ab607020eec371cbc1c11e"}
,"/home/marcos/workstation/projects/agendify-app/src/components/CheckboxDay/index.tsx": {"path":"/home/marcos/workstation/projects/agendify-app/src/components/CheckboxDay/index.tsx","statementMap":{"0":{"start":{"line":6,"column":24},"end":{"line":6,"column":65}},"1":{"start":{"line":8,"column":2},"end":{"line":20,"column":4}}},"fnMap":{"0":{"name":"CheckboxDay","decl":{"start":{"line":5,"column":16},"end":{"line":5,"column":27}},"loc":{"start":{"line":5,"column":76},"end":{"line":21,"column":1}},"line":5}},"branchMap":{"0":{"loc":{"start":{"line":6,"column":24},"end":{"line":6,"column":65}},"type":"cond-expr","locations":[{"start":{"line":6,"column":36},"end":{"line":6,"column":49}},{"start":{"line":6,"column":52},"end":{"line":6,"column":65}}],"line":6}},"s":{"0":42,"1":42},"f":{"0":42},"b":{"0":[14,28]},"_coverageSchema":"1a1c01bbd47fc00a2c39e90264f33305004495a9","hash":"9a94b48d67dbdc7f935d1d39b3ebf976b673986b"}
,"/home/marcos/workstation/projects/agendify-app/src/components/Container/index.tsx": {"path":"/home/marcos/workstation/projects/agendify-app/src/components/Container/index.tsx","statementMap":{"0":{"start":{"line":11,"column":2},"end":{"line":23,"column":4}}},"fnMap":{"0":{"name":"Container","decl":{"start":{"line":7,"column":16},"end":{"line":7,"column":25}},"loc":{"start":{"line":10,"column":26},"end":{"line":24,"column":1}},"line":10}},"branchMap":{"0":{"loc":{"start":{"line":9,"column":2},"end":{"line":9,"column":18}},"type":"default-arg","locations":[{"start":{"line":9,"column":12},"end":{"line":9,"column":18}}],"line":9}},"s":{"0":112},"f":{"0":112},"b":{"0":[112]},"_coverageSchema":"1a1c01bbd47fc00a2c39e90264f33305004495a9","hash":"871a8bbeec8b39164f72fcbeceaf7f55b7cfe3fd"}
,"/home/marcos/workstation/projects/agendify-app/src/components/Container/constants/containerBgColor.constant.ts": {"path":"/home/marcos/workstation/projects/agendify-app/src/components/Container/constants/containerBgColor.constant.ts","statementMap":{"0":{"start":{"line":1,"column":34},"end":{"line":4,"column":10}}},"fnMap":{},"branchMap":{},"s":{"0":8},"f":{},"b":{},"_coverageSchema":"1a1c01bbd47fc00a2c39e90264f33305004495a9","hash":"17be9f347ef64a771c4f5175b58818130916db5b"}
,"/home/marcos/workstation/projects/agendify-app/src/components/ControlledMaskInput/index.tsx": {"path":"/home/marcos/workstation/projects/agendify-app/src/components/ControlledMaskInput/index.tsx","statementMap":{"0":{"start":{"line":15,"column":27},"end":{"line":15,"column":76}},"1":{"start":{"line":17,"column":2},"end":{"line":40,"column":4}}},"fnMap":{"0":{"name":"ControlledMaskInput","decl":{"start":{"line":7,"column":16},"end":{"line":7,"column":35}},"loc":{"start":{"line":14,"column":30},"end":{"line":41,"column":1}},"line":14},"1":{"name":"(anonymous_1)","decl":{"start":{"line":22,"column":16},"end":{"line":22,"column":17}},"loc":{"start":{},"end":{}}}},"branchMap":{"0":{"loc":{"start":{"line":13,"column":2},"end":{"line":13,"column":27}},"type":"default-arg","locations":[{"start":{"line":13,"column":19},"end":{"line":13,"column":27}}],"line":13},"1":{"loc":{"start":{"line":15,"column":27},"end":{"line":15,"column":76}},"type":"cond-expr","locations":[{"start":{"line":15,"column":42},"end":{"line":15,"column":56}},{"start":{"line":15,"column":59},"end":{"line":15,"column":76}}],"line":15}},"s":{"0":71,"1":71},"f":{"0":71,"1":74},"b":{"0":[26],"1":[0,71]},"_coverageSchema":"1a1c01bbd47fc00a2c39e90264f33305004495a9","hash":"48931e07b8b82072f4c12b01c4171efc373f23ae"}
[...]
,"/home/marcos/workstation/projects/agendify-app/src/components/UpdateUserForm/index.tsx": {"path":"/home/marcos/workstation/projects/agendify-app/src/components/UpdateUserForm/index.tsx","statementMap":{"0":{"start":{"line":15,"column":35},"end":{"line":20,"column":2}},"1":{"start":{"line":25,"column":19},"end":{"line":25,"column":35}},"2":{"start":{"line":27,"column":41},"end":{"line":27,"column":52}},"3":{"start":{"line":29,"column":22},"end":{"line":35,"column":4}},"4":{"start":{"line":41,"column":6},"end":{"line":41,"column":17}},"5":{"start":{"line":44,"column":4},"end":{"line":51,"column":5}},"6":{"start":{"line":46,"column":8},"end":{"line":46,"column":48}},"7":{"start":{"line":47,"column":8},"end":{"line":47,"column":14}},"8":{"start":{"line":49,"column":8},"end":{"line":49,"column":65}},"9":{"start":{"line":50,"column":8},"end":{"line":50,"column":14}},"10":{"start":{"line":55,"column":4},"end":{"line":64,"column":5}},"11":{"start":{"line":56,"column":6},"end":{"line":59,"column":8}},"12":{"start":{"line":61,"column":6},"end":{"line":61,"column":53}},"13":{"start":{"line":63,"column":6},"end":{"line":63,"column":69}},"14":{"start":{"line":67,"column":2},"end":{"line":100,"column":4}}},"fnMap":{"0":{"name":"UpdateUserForm","decl":{"start":{"line":24,"column":16},"end":{"line":24,"column":30}},"loc":{"start":{"line":24,"column":33},"end":{"line":101,"column":1}},"line":24},"1":{"name":"catchUpdateUserError","decl":{"start":{"line":43,"column":11},"end":{"line":43,"column":31}},"loc":{"start":{"line":43,"column":55},"end":{"line":52,"column":3}},"line":43},"2":{"name":"updateUser","decl":{"start":{"line":54,"column":17},"end":{"line":54,"column":27}},"loc":{"start":{"line":54,"column":65},"end":{"line":65,"column":3}},"line":54}},"branchMap":{"0":{"loc":{"start":{"line":44,"column":4},"end":{"line":51,"column":5}},"type":"switch","locations":[{"start":{"line":45,"column":6},"end":{"line":47,"column":14}},{"start":{"line":48,"column":6},"end":{"line":50,"column":14}}],"line":44}},"s":{"0":1,"1":5,"2":5,"3":5,"4":5,"5":0,"6":0,"7":0,"8":0,"9":0,"10":1,"11":1,"12":1,"13":0,"14":5},"f":{"0":5,"1":0,"2":1},"b":{"0":[0,0]},"_coverageSchema":"1a1c01bbd47fc00a2c39e90264f33305004495a9","hash":"e55ba975cc2f2948460c247fc07d1b451bb2e551"}
,"/home/marcos/workstation/projects/agendify-app/src/constants/appRoutes.constant.ts": {"path":"/home/marcos/workstation/projects/agendify-app/src/constants/appRoutes.constant.ts","statementMap":{"0":{"start":{"line":1,"column":26},"end":{"line":16,"column":10}}},"fnMap":{},"branchMap":{},"s":{"0":8},"f":{},"b":{},"_coverageSchema":"1a1c01bbd47fc00a2c39e90264f33305004495a9","hash":"66f1367a4157f455ae4526aa012ccd0a1f2c53da"}
,"/home/marcos/workstation/projects/agendify-app/src/constants/baseUrl.constant.ts": {"path":"/home/marcos/workstation/projects/agendify-app/src/constants/baseUrl.constant.ts","statementMap":{"0":{"start":{"line":1,"column":24},"end":{"line":1,"column":46}}},"fnMap":{},"branchMap":{},"s":{"0":11},"f":{},"b":{},"_coverageSchema":"1a1c01bbd47fc00a2c39e90264f33305004495a9","hash":"657e5e01f6aee926fb0f85e8deaf0eb58b44da88"}
,"/home/marcos/workstation/projects/agendify-app/src/constants/colors.constant.ts": {"path":"/home/marcos/workstation/projects/agendify-app/src/constants/colors.constant.ts","statementMap":{"0":{"start":{"line":1,"column":22},"end":{"line":24,"column":10}}},"fnMap":{},"branchMap":{},"s":{"0":15},"f":{},"b":{},"_coverageSchema":"1a1c01bbd47fc00a2c39e90264f33305004495a9","hash":"0be767038769ab5626cf82ed6bb25dbf5dfd34aa"}
,"/home/marcos/workstation/projects/agendify-app/src/constants/httpStatus.constant.ts": {"path":"/home/marcos/workstation/projects/agendify-app/src/constants/httpStatus.constant.ts","statementMap":{"0":{"start":{"line":1,"column":27},"end":{"line":7,"column":10}}},"fnMap":{},"branchMap":{},"s":{"0":8},"f":{},"b":{},"_coverageSchema":"1a1c01bbd47fc00a2c39e90264f33305004495a9","hash":"17b895b8c5d2a9c0879f9189e57512ed3b4dd340"}
,"/home/marcos/workstation/projects/agendify-app/src/constants/storageItems.constant.ts": {"path":"/home/marcos/workstation/projects/agendify-app/src/constants/storageItems.constant.ts","statementMap":{"0":{"start":{"line":1,"column":29},"end":{"line":3,"column":10}}},"fnMap":{},"branchMap":{},"s":{"0":2},"f":{},"b":{},"_coverageSchema":"1a1c01bbd47fc00a2c39e90264f33305004495a9","hash":"9570da08aec9aeafa52f060dfb44cb6eee1f2fd2"}
,"/home/marcos/workstation/projects/agendify-app/src/constants/weekDay.constant.ts": {"path":"/home/marcos/workstation/projects/agendify-app/src/constants/weekDay.constant.ts","statementMap":{"0":{"start":{"line":1,"column":24},"end":{"line":9,"column":10}}},"fnMap":{},"branchMap":{},"s":{"0":1},"f":{},"b":{},"_coverageSchema":"1a1c01bbd47fc00a2c39e90264f33305004495a9","hash":"c36dd90460f492e04cff299bc672f656ba416244"}
,"/home/marcos/workstation/projects/agendify-app/src/contexts/AuthContext/index.tsx": {"path":"/home/marcos/workstation/projects/agendify-app/src/contexts/AuthContext/index.tsx","statementMap":{"0":{"start":{"line":17,"column":20},"end":{"line":17,"column":57}},"1":{"start":{"line":20,"column":26},"end":{"line":20,"column":58}},"2":{"start":{"line":21,"column":26},"end":{"line":21,"column":32}},"3":{"start":{"line":23,"column":17},"end":{"line":23,"column":28}},"4":{"start":{"line":25,"column":26},"end":{"line":25,"column":37}},"5":{"start":{"line":27,"column":2},"end":{"line":50,"column":9}},"6":{"start":{"line":28,"column":4},"end":{"line":49,"column":9}},"7":{"start":{"line":29,"column":20},"end":{"line":29,"column":67}},"8":{"start":{"line":31,"column":6},"end":{"line":48,"column":7}},"9":{"start":{"line":32,"column":8},"end":{"line":32,"column":77}},"10":{"start":{"line":34,"column":8},"end":{"line":45,"column":9}},"11":{"start":{"line":35,"column":27},"end":{"line":37,"column":11}},"12":{"start":{"line":38,"column":10},"end":{"line":38,"column":24}},"13":{"start":{"line":40,"column":10},"end":{"line":40,"column":50}},"14":{"start":{"line":42,"column":10},"end":{"line":42,"column":61}},"15":{"start":{"line":44,"column":10},"end":{"line":44,"column":40}},"16":{"start":{"line":47,"column":8},"end":{"line":47,"column":38}},"17":{"start":{"line":53,"column":27},"end":{"line":53,"column":32}},"18":{"start":{"line":55,"column":4},"end":{"line":68,"column":5}},"19":{"start":{"line":57,"column":8},"end":{"line":57,"column":47}},"20":{"start":{"line":58,"column":8},"end":{"line":58,"column":14}},"21":{"start":{"line":60,"column":8},"end":{"line":60,"column":51}},"22":{"start":{"line":61,"column":8},"end":{"line":61,"column":14}},"23":{"start":{"line":63,"column":8},"end":{"line":63,"column":48}},"24":{"start":{"line":64,"column":8},"end":{"line":64,"column":14}},"25":{"start":{"line":66,"column":8},"end":{"line":66,"column":69}},"26":{"start":{"line":67,"column":8},"end":{"line":67,"column":14}},"27":{"start":{"line":72,"column":4},"end":{"line":96,"column":5}},"28":{"start":{"line":73,"column":23},"end":{"line":76,"column":7}},"29":{"start":{"line":78,"column":24},"end":{"line":78,"column":37}},"30":{"start":{"line":80,"column":6},"end":{"line":80,"column":75}},"31":{"start":{"line":82,"column":6},"end":{"line":82,"column":61}},"32":{"start":{"line":84,"column":23},"end":{"line":86,"column":7}},"33":{"start":{"line":88,"column":6},"end":{"line":88,"column":20}},"34":{"start":{"line":90,"column":6},"end":{"line":90,"column":46}},"35":{"start":{"line":92,"column":6},"end":{"line":95,"column":9}},"36":{"start":{"line":100,"column":4},"end":{"line":100,"column":18}},"37":{"start":{"line":102,"column":4},"end":{"line":102,"column":55}},"38":{"start":{"line":104,"column":4},"end":{"line":104,"column":34}},"39":{"start":{"line":107,"column":2},"end":{"line":118,"column":4}},"40":{"start":{"line":121,"column":30},"end":{"line":121,"column":59}},"41":{"start":{"line":121,"column":36},"end":{"line":121,"column":59}}},"fnMap":{"0":{"name":"AuthContextProvider","decl":{"start":{"line":19,"column":16},"end":{"line":19,"column":35}},"loc":{"start":{"line":19,"column":77},"end":{"line":119,"column":1}},"line":19},"1":{"name":"(anonymous_1)","decl":{"start":{"line":27,"column":12},"end":{"line":27,"column":13}},"loc":{"start":{"line":27,"column":18},"end":{"line":50,"column":3}},"line":27},"2":{"name":"(anonymous_2)","decl":{"start":{"line":28,"column":5},"end":{"line":28,"column":6}},"loc":{"start":{"line":28,"column":17},"end":{"line":49,"column":5}},"line":28},"3":{"name":"catchLoginError","decl":{"start":{"line":52,"column":11},"end":{"line":52,"column":26}},"loc":{"start":{"line":52,"column":50},"end":{"line":69,"column":3}},"line":52},"4":{"name":"login","decl":{"start":{"line":71,"column":17},"end":{"line":71,"column":22}},"loc":{"start":{"line":71,"column":48},"end":{"line":97,"column":3}},"line":71},"5":{"name":"logout","decl":{"start":{"line":99,"column":17},"end":{"line":99,"column":23}},"loc":{"start":{"line":99,"column":26},"end":{"line":105,"column":3}},"line":99},"6":{"name":"(anonymous_6)","decl":{"start":{"line":121,"column":30},"end":{"line":121,"column":31}},"loc":{"start":{"line":121,"column":36},"end":{"line":121,"column":59}},"line":121}},"branchMap":{"0":{"loc":{"start":{"line":31,"column":6},"end":{"line":48,"column":7}},"type":"if","locations":[{"start":{"line":31,"column":6},"end":{"line":48,"column":7}},{"start":{"line":46,"column":13},"end":{"line":48,"column":7}}],"line":31},"1":{"loc":{"start":{"line":55,"column":4},"end":{"line":68,"column":5}},"type":"switch","locations":[{"start":{"line":56,"column":6},"end":{"line":58,"column":14}},{"start":{"line":59,"column":6},"end":{"line":61,"column":14}},{"start":{"line":62,"column":6},"end":{"line":64,"column":14}},{"start":{"line":65,"column":6},"end":{"line":67,"column":14}}],"line":55}},"s":{"0":2,"1":0,"2":0,"3":0,"4":0,"5":0,"6":0,"7":0,"8":0,"9":0,"10":0,"11":0,"12":0,"13":0,"14":0,"15":0,"16":0,"17":0,"18":0,"19":0,"20":0,"21":0,"22":0,"23":0,"24":0,"25":0,"26":0,"27":0,"28":0,"29":0,"30":0,"31":0,"32":0,"33":0,"34":0,"35":0,"36":0,"37":0,"38":0,"39":0,"40":2,"41":10},"f":{"0":0,"1":0,"2":0,"3":0,"4":0,"5":0,"6":10},"b":{"0":[0,0],"1":[0,0,0,0]},"_coverageSchema":"1a1c01bbd47fc00a2c39e90264f33305004495a9","hash":"8dfc66fb8dc0d1d713cf1e63d91d9143c20f225c"}
,"/home/marcos/workstation/projects/agendify-app/src/hooks/useNotify.ts": {"path":"/home/marcos/workstation/projects/agendify-app/src/hooks/useNotify.ts","statementMap":{"0":{"start":{"line":5,"column":30},"end":{"line":10,"column":10}},"1":{"start":{"line":12,"column":29},"end":{"line":14,"column":10}},"2":{"start":{"line":17,"column":16},"end":{"line":17,"column":26}},"3":{"start":{"line":19,"column":24},"end":{"line":27,"column":8}},"4":{"start":{"line":20,"column":4},"end":{"line":26,"column":7}},"5":{"start":{"line":29,"column":22},"end":{"line":37,"column":8}},"6":{"start":{"line":30,"column":4},"end":{"line":36,"column":7}},"7":{"start":{"line":39,"column":24},"end":{"line":47,"column":8}},"8":{"start":{"line":40,"column":4},"end":{"line":46,"column":7}},"9":{"start":{"line":49,"column":2},"end":{"line":49,"column":55}}},"fnMap":{"0":{"name":"useNotify","decl":{"start":{"line":16,"column":16},"end":{"line":16,"column":25}},"loc":{"start":{"line":16,"column":28},"end":{"line":50,"column":1}},"line":16},"1":{"name":"(anonymous_1)","decl":{"start":{"line":19,"column":36},"end":{"line":19,"column":37}},"loc":{"start":{"line":19,"column":57},"end":{"line":27,"column":3}},"line":19},"2":{"name":"(anonymous_2)","decl":{"start":{"line":29,"column":34},"end":{"line":29,"column":35}},"loc":{"start":{"line":29,"column":55},"end":{"line":37,"column":3}},"line":29},"3":{"name":"(anonymous_3)","decl":{"start":{"line":39,"column":36},"end":{"line":39,"column":37}},"loc":{"start":{"line":39,"column":57},"end":{"line":47,"column":3}},"line":39}},"branchMap":{},"s":{"0":8,"1":8,"2":118,"3":118,"4":9,"5":118,"6":1,"7":118,"8":0,"9":118},"f":{"0":118,"1":9,"2":1,"3":0},"b":{},"_coverageSchema":"1a1c01bbd47fc00a2c39e90264f33305004495a9","hash":"5d336f869118fed72648f770b1784f3aca27a76f"}
,"/home/marcos/workstation/projects/agendify-app/src/routes/agendifyApiRoutes.constant.ts": {"path":"/home/marcos/workstation/projects/agendify-app/src/routes/agendifyApiRoutes.constant.ts","statementMap":{"0":{"start":{"line":1,"column":35},"end":{"line":18,"column":10}}},"fnMap":{},"branchMap":{},"s":{"0":8},"f":{},"b":{},"_coverageSchema":"1a1c01bbd47fc00a2c39e90264f33305004495a9","hash":"777303c13102a40caa705c3e39546387075f18a3"}
,"/home/marcos/workstation/projects/agendify-app/src/routes/brazilApiRoutes.constant.ts": {"path":"/home/marcos/workstation/projects/agendify-app/src/routes/brazilApiRoutes.constant.ts","statementMap":{"0":{"start":{"line":1,"column":33},"end":{"line":3,"column":10}}},"fnMap":{},"branchMap":{},"s":{"0":2},"f":{},"b":{},"_coverageSchema":"1a1c01bbd47fc00a2c39e90264f33305004495a9","hash":"588509b7bafd4749181a84bafcbd2720b8b1cbd6"}
,"/home/marcos/workstation/projects/agendify-app/src/services/agendifyApiClient.ts": {"path":"/home/marcos/workstation/projects/agendify-app/src/services/agendifyApiClient.ts","statementMap":{"0":{"start":{"line":4,"column":33},"end":{"line":6,"column":2}}},"fnMap":{},"branchMap":{},"s":{"0":8},"f":{},"b":{},"_coverageSchema":"1a1c01bbd47fc00a2c39e90264f33305004495a9","hash":"7cf8f2c7071024d7acc58fb7ec8b7c43e77582fe"}
,"/home/marcos/workstation/projects/agendify-app/src/services/brazilApiClient.ts": {"path":"/home/marcos/workstation/projects/agendify-app/src/services/brazilApiClient.ts","statementMap":{"0":{"start":{"line":3,"column":31},"end":{"line":5,"column":2}}},"fnMap":{},"branchMap":{},"s":{"0":2},"f":{},"b":{},"_coverageSchema":"1a1c01bbd47fc00a2c39e90264f33305004495a9","hash":"e9ba86115cc958f1800d4f5b250c98dd20227a2c"}
,"/home/marcos/workstation/projects/agendify-app/src/utils/compareDays.ts": {"path":"/home/marcos/workstation/projects/agendify-app/src/utils/compareDays.ts","statementMap":{"0":{"start":{"line":2,"column":2},"end":{"line":7,"column":3}},"1":{"start":{"line":6,"column":4},"end":{"line":6,"column":16}},"2":{"start":{"line":9,"column":2},"end":{"line":9,"column":15}}},"fnMap":{"0":{"name":"compareDays","decl":{"start":{"line":1,"column":16},"end":{"line":1,"column":27}},"loc":{"start":{"line":1,"column":63},"end":{"line":10,"column":1}},"line":1}},"branchMap":{"0":{"loc":{"start":{"line":2,"column":2},"end":{"line":7,"column":3}},"type":"if","locations":[{"start":{"line":2,"column":2},"end":{"line":7,"column":3}},{"start":{},"end":{}}],"line":2},"1":{"loc":{"start":{"line":3,"column":4},"end":{"line":4,"column":50}},"type":"binary-expr","locations":[{"start":{"line":3,"column":4},"end":{"line":3,"column":48}},{"start":{"line":4,"column":4},"end":{"line":4,"column":50}}],"line":3}},"s":{"0":42,"1":1,"2":41},"f":{"0":42},"b":{"0":[1,41],"1":[42,1]},"_coverageSchema":"1a1c01bbd47fc00a2c39e90264f33305004495a9","hash":"173981093da605defaab268de26b8e35ab8f5afc"}
,"/home/marcos/workstation/projects/agendify-app/src/utils/formatPriceToSend.ts": {"path":"/home/marcos/workstation/projects/agendify-app/src/utils/formatPriceToSend.ts","statementMap":{"0":{"start":{"line":2,"column":24},"end":{"line":2,"column":40}},"1":{"start":{"line":3,"column":2},"end":{"line":3,"column":74}}},"fnMap":{"0":{"name":"formatPriceToSend","decl":{"start":{"line":1,"column":16},"end":{"line":1,"column":33}},"loc":{"start":{"line":1,"column":49},"end":{"line":4,"column":1}},"line":1}},"branchMap":{},"s":{"0":2,"1":2},"f":{"0":2},"b":{},"_coverageSchema":"1a1c01bbd47fc00a2c39e90264f33305004495a9","hash":"509e3dfb21dd96343b7b056daf3de239bb8eed8c"}
,"/home/marcos/workstation/projects/agendify-app/src/utils/formatPriceValue.ts": {"path":"/home/marcos/workstation/projects/agendify-app/src/utils/formatPriceValue.ts","statementMap":{"0":{"start":{"line":3,"column":2},"end":{"line":3,"column":48}}},"fnMap":{"0":{"name":"formatPriceValue","decl":{"start":{"line":2,"column":16},"end":{"line":2,"column":32}},"loc":{"start":{"line":2,"column":57},"end":{"line":4,"column":1}},"line":2}},"branchMap":{},"s":{"0":6},"f":{"0":6},"b":{},"_coverageSchema":"1a1c01bbd47fc00a2c39e90264f33305004495a9","hash":"b8ffcf512c444268e40f3e78dfcf790972943aef"}
,"/home/marcos/workstation/projects/agendify-app/src/utils/formatTime.ts": {"path":"/home/marcos/workstation/projects/agendify-app/src/utils/formatTime.ts","statementMap":{"0":{"start":{"line":2,"column":2},"end":{"line":6,"column":18}}},"fnMap":{"0":{"name":"formatTime","decl":{"start":{"line":1,"column":16},"end":{"line":1,"column":26}},"loc":{"start":{"line":1,"column":39},"end":{"line":7,"column":1}},"line":1}},"branchMap":{},"s":{"0":14},"f":{"0":14},"b":{},"_coverageSchema":"1a1c01bbd47fc00a2c39e90264f33305004495a9","hash":"ba1f7cf226beec6dd64c7abcd367b2d868b2503f"}
,"/home/marcos/workstation/projects/agendify-app/src/utils/getImageUrl.ts": {"path":"/home/marcos/workstation/projects/agendify-app/src/utils/getImageUrl.ts","statementMap":{"0":{"start":{"line":5,"column":2},"end":{"line":7,"column":3}},"1":{"start":{"line":6,"column":4},"end":{"line":6,"column":37}},"2":{"start":{"line":9,"column":2},"end":{"line":9,"column":22}}},"fnMap":{"0":{"name":"getImageUrl","decl":{"start":{"line":4,"column":16},"end":{"line":4,"column":27}},"loc":{"start":{"line":4,"column":47},"end":{"line":10,"column":1}},"line":4}},"branchMap":{"0":{"loc":{"start":{"line":5,"column":2},"end":{"line":7,"column":3}},"type":"if","locations":[{"start":{"line":5,"column":2},"end":{"line":7,"column":3}},{"start":{},"end":{}}],"line":5}},"s":{"0":3,"1":3,"2":0},"f":{"0":3},"b":{"0":[3,0]},"_coverageSchema":"1a1c01bbd47fc00a2c39e90264f33305004495a9","hash":"35a6c08619813a8d66adf1a4ec9a14182244588f"}
,"/home/marcos/workstation/projects/agendify-app/src/utils/sanitizeData.ts": {"path":"/home/marcos/workstation/projects/agendify-app/src/utils/sanitizeData.ts","statementMap":{"0":{"start":{"line":3,"column":2},"end":{"line":3,"column":41}}},"fnMap":{"0":{"name":"sanitizeData","decl":{"start":{"line":2,"column":16},"end":{"line":2,"column":28}},"loc":{"start":{"line":2,"column":43},"end":{"line":4,"column":1}},"line":2}},"branchMap":{},"s":{"0":2},"f":{"0":2},"b":{},"_coverageSchema":"1a1c01bbd47fc00a2c39e90264f33305004495a9","hash":"e7515e1d8ad04e93e895b90923695c18f057fe11"}
,"/home/marcos/workstation/projects/agendify-app/src/utils/errorHandler/index.ts": {"path":"/home/marcos/workstation/projects/agendify-app/src/utils/errorHandler/index.ts","statementMap":{"0":{"start":{"line":6,"column":2},"end":{"line":9,"column":3}},"1":{"start":{"line":8,"column":4},"end":{"line":8,"column":42}}},"fnMap":{"0":{"name":"errorHandler","decl":{"start":{"line":5,"column":16},"end":{"line":5,"column":28}},"loc":{"start":{"line":5,"column":77},"end":{"line":10,"column":1}},"line":5}},"branchMap":{"0":{"loc":{"start":{"line":6,"column":2},"end":{"line":9,"column":3}},"type":"if","locations":[{"start":{"line":6,"column":2},"end":{"line":9,"column":3}},{"start":{},"end":{}}],"line":6}},"s":{"0":0,"1":0},"f":{"0":0},"b":{"0":[0,0]},"_coverageSchema":"1a1c01bbd47fc00a2c39e90264f33305004495a9","hash":"62f8b22b2893a404c10ee088632b1bebeedf3bb8"}
}
