TN:
SF:mocks/defaultToastParams.mock.ts
FNF:0
FNH:0
DA:1,7
DA:9,7
LF:2
LH:2
BRF:0
BRH:0
end_of_record
TN:
SF:mocks/service.mock.ts
FNF:0
FNH:0
DA:1,2
LF:1
LH:1
BRF:0
BRH:0
end_of_record
TN:
SF:src/app/registerUser.tsx
FN:27,(anonymous_0)
FN:33,(anonymous_1)
FN:37,(anonymous_2)
FN:41,(anonymous_3)
FN:45,(anonymous_4)
FN:53,(anonymous_5)
FN:65,RegisterUser
FN:78,catchRegisterUserError
FN:91,registerUser
FNF:9
FNH:8
FNDA:17,(anonymous_0)
FNDA:17,(anonymous_1)
FNDA:17,(anonymous_2)
FNDA:17,(anonymous_3)
FNDA:17,(anonymous_4)
FNDA:13,(anonymous_5)
FNDA:58,RegisterUser
FNDA:0,catchRegisterUserError
FNDA:1,registerUser
DA:20,1
DA:27,17
DA:33,17
DA:37,17
DA:41,17
DA:46,17
DA:54,13
DA:55,5
DA:70,58
DA:74,58
DA:76,58
DA:79,0
DA:81,0
DA:83,0
DA:84,0
DA:86,0
DA:87,0
DA:92,1
DA:93,1
DA:95,1
DA:96,1
DA:98,0
DA:105,58
DA:181,1
LF:24
LH:17
BRDA:54,0,0,5
BRDA:54,0,1,8
BRDA:81,1,0,0
BRDA:81,1,1,0
BRF:4
BRH:2
end_of_record
TN:
SF:src/app/session/(home)/registerBusiness.tsx
FN:57,RegisterBusiness
FN:74,handleChangeServiceImage
FN:78,catchRegisterBusinessError
FN:92,registerBusiness
FNF:4
FNH:2
FNDA:9,RegisterBusiness
FNDA:0,handleChangeServiceImage
FNDA:0,catchRegisterBusinessError
FNDA:1,registerBusiness
DA:22,1
DA:58,9
DA:60,9
DA:62,9
DA:72,9
DA:75,0
DA:79,0
DA:81,0
DA:82,0
DA:84,0
DA:85,0
DA:87,0
DA:88,0
DA:95,1
DA:96,1
DA:98,1
DA:100,1
DA:101,0
DA:103,0
DA:104,0
DA:106,0
DA:113,1
DA:122,1
DA:123,1
DA:124,1
DA:128,1
DA:132,1
DA:137,1
DA:147,1
DA:149,1
DA:151,0
DA:155,9
DA:157,9
LF:33
LH:20
BRDA:79,0,0,0
BRDA:79,0,1,0
BRDA:79,0,2,0
BRDA:100,1,0,0
BRDA:100,1,1,1
BRDA:104,2,0,0
BRDA:104,2,1,0
BRF:7
BRH:1
end_of_record
TN:
SF:src/app/session/(myBusiness)/myAvailability/[businessId].tsx
FN:53,MyAvailability
FN:84,handleCheckDay
FN:90,handleShowBeginTimePicker
FN:96,handleChangeBeginTime
FN:111,handleShowEndTimePicker
FN:117,handleChangeEndTime
FN:132,catchSetAvailabilityError
FN:143,setAvailability
FN:150,(anonymous_8)
FN:156,(anonymous_9)
FN:195,(anonymous_10)
FN:196,(anonymous_11)
FN:207,(anonymous_12)
FN:266,(anonymous_13)
FN:271,(anonymous_14)
FN:276,(anonymous_15)
FN:281,(anonymous_16)
FN:286,(anonymous_17)
FN:291,(anonymous_18)
FN:296,(anonymous_19)
FNF:20
FNH:12
FNDA:6,MyAvailability
FNDA:12,handleCheckDay
FNDA:0,handleShowBeginTimePicker
FNDA:0,handleChangeBeginTime
FNDA:0,handleShowEndTimePicker
FNDA:0,handleChangeEndTime
FNDA:0,catchSetAvailabilityError
FNDA:2,setAvailability
FNDA:8,(anonymous_8)
FNDA:7,(anonymous_9)
FNDA:0,(anonymous_10)
FNDA:0,(anonymous_11)
FNDA:0,(anonymous_12)
FNDA:1,(anonymous_13)
FNDA:2,(anonymous_14)
FNDA:2,(anonymous_15)
FNDA:2,(anonymous_16)
FNDA:2,(anonymous_17)
FNDA:2,(anonymous_18)
FNDA:1,(anonymous_19)
DA:35,1
DA:54,6
DA:55,6
DA:57,6
DA:58,6
DA:59,6
DA:67,6
DA:85,12
DA:87,12
DA:91,0
DA:94,6
DA:100,0
DA:101,0
DA:102,0
DA:105,0
DA:108,0
DA:112,0
DA:115,6
DA:121,0
DA:122,0
DA:123,0
DA:126,0
DA:129,0
DA:133,0
DA:135,0
DA:136,0
DA:138,0
DA:139,0
DA:148,2
DA:150,8
DA:151,1
DA:152,1
DA:155,1
DA:157,7
DA:158,2
DA:161,7
DA:166,1
DA:167,1
DA:169,1
DA:170,1
DA:171,0
DA:180,1
DA:188,1
DA:190,0
DA:194,6
DA:196,0
DA:197,0
DA:198,0
DA:202,0
DA:204,0
DA:205,0
DA:207,0
DA:208,0
DA:210,0
DA:213,0
DA:214,0
DA:217,0
DA:218,0
DA:220,0
DA:225,0
DA:231,0
DA:232,0
DA:235,0
DA:241,6
DA:242,6
DA:243,6
DA:244,6
DA:245,6
DA:246,6
DA:247,6
DA:249,6
DA:266,1
DA:271,2
DA:276,2
DA:281,2
DA:286,2
DA:291,2
DA:296,1
LF:78
LH:41
BRDA:100,0,0,0
BRDA:100,0,1,0
BRDA:101,1,0,0
BRDA:101,1,1,0
BRDA:121,2,0,0
BRDA:121,2,1,0
BRDA:122,3,0,0
BRDA:122,3,1,0
BRDA:133,4,0,0
BRDA:133,4,1,0
BRDA:150,5,0,1
BRDA:150,5,1,1
BRDA:157,6,0,2
BRDA:157,6,1,5
BRDA:170,7,0,0
BRDA:170,7,1,1
BRDA:204,8,0,0
BRDA:204,8,1,0
BRDA:303,9,0,6
BRDA:303,9,1,0
BRDA:314,10,0,6
BRDA:314,10,1,0
BRF:22
BRH:7
end_of_record
TN:
SF:src/app/session/(onlyHeader)/manageMyBusiness/[businessId].tsx
FN:61,ManageBusiness
FN:95,handleChangeServiceImage
FN:129,catchUpdateBusinessError
FN:140,updateBusiness
FN:153,catchUpdateAddressError
FN:164,updateAddress
FN:177,catchDeleteBusinessError
FN:188,deleteBusiness
FN:202,(anonymous_8)
FN:203,(anonymous_9)
FN:294,(anonymous_10)
FNF:11
FNH:3
FNDA:16,ManageBusiness
FNDA:0,handleChangeServiceImage
FNDA:0,catchUpdateBusinessError
FNDA:1,updateBusiness
FNDA:0,catchUpdateAddressError
FNDA:1,updateAddress
FNDA:0,catchDeleteBusinessError
FNDA:0,deleteBusiness
FNDA:0,(anonymous_8)
FNDA:0,(anonymous_9)
FNDA:0,(anonymous_10)
DA:25,1
DA:37,1
DA:62,16
DA:64,16
DA:65,16
DA:66,16
DA:68,16
DA:69,16
DA:71,16
DA:75,16
DA:87,16
DA:93,16
DA:96,0
DA:98,0
DA:99,0
DA:101,0
DA:102,0
DA:104,0
DA:110,0
DA:111,0
DA:121,0
DA:122,0
DA:124,0
DA:130,0
DA:132,0
DA:133,0
DA:135,0
DA:136,0
DA:141,1
DA:142,1
DA:147,1
DA:149,0
DA:154,0
DA:156,0
DA:157,0
DA:159,0
DA:160,0
DA:165,1
DA:166,1
DA:171,1
DA:173,0
DA:178,0
DA:180,0
DA:181,0
DA:183,0
DA:184,0
DA:189,0
DA:190,0
DA:194,0
DA:195,0
DA:197,0
DA:201,16
DA:203,0
DA:204,0
DA:205,0
DA:209,0
DA:210,0
DA:212,0
DA:213,0
DA:214,0
DA:215,0
DA:216,0
DA:217,0
DA:218,0
DA:219,0
DA:220,0
DA:221,0
DA:222,0
DA:224,0
DA:230,16
DA:294,0
LF:71
LH:20
BRDA:98,0,0,0
BRDA:98,0,1,0
BRDA:102,1,0,0
BRDA:102,1,1,0
BRDA:130,2,0,0
BRDA:130,2,1,0
BRDA:154,3,0,0
BRDA:154,3,1,0
BRDA:178,4,0,0
BRDA:178,4,1,0
BRF:10
BRH:0
end_of_record
TN:
SF:src/app/session/(onlyHeader)/manageUser/[userId].tsx
FN:7,ManageUser
FN:17,(anonymous_1)
FN:18,(anonymous_2)
FNF:3
FNH:1
FNDA:2,ManageUser
FNDA:0,(anonymous_1)
FNDA:0,(anonymous_2)
DA:8,2
DA:17,0
DA:18,0
LF:3
LH:1
BRF:0
BRH:0
end_of_record
TN:
SF:src/app/session/(onlyHeader)/service/manage/[serviceId].tsx
FN:41,(anonymous_0)
FN:52,ManageService
FN:77,handleChangeBusinessImage
FN:111,catchUpdateServiceError
FN:122,updateService
FN:144,catchDeleteServiceError
FN:155,deleteService
FN:171,(anonymous_7)
FN:172,(anonymous_8)
FN:225,(anonymous_9)
FN:272,(anonymous_10)
FNF:11
FNH:4
FNDA:2,(anonymous_0)
FNDA:10,ManageService
FNDA:0,handleChangeBusinessImage
FNDA:0,catchUpdateServiceError
FNDA:1,updateService
FNDA:0,catchDeleteServiceError
FNDA:0,deleteService
FNDA:0,(anonymous_7)
FNDA:0,(anonymous_8)
FNDA:3,(anonymous_9)
FNDA:0,(anonymous_10)
DA:27,1
DA:42,2
DA:43,2
DA:46,0
DA:53,10
DA:55,10
DA:56,10
DA:58,10
DA:60,10
DA:73,10
DA:75,10
DA:78,0
DA:80,0
DA:81,0
DA:83,0
DA:84,0
DA:86,0
DA:92,0
DA:93,0
DA:103,0
DA:104,0
DA:106,0
DA:112,0
DA:114,0
DA:115,0
DA:117,0
DA:118,0
DA:128,1
DA:129,1
DA:134,1
DA:136,1
DA:138,1
DA:140,0
DA:145,0
DA:147,0
DA:148,0
DA:150,0
DA:151,0
DA:156,0
DA:157,0
DA:161,0
DA:163,0
DA:164,0
DA:166,0
DA:170,10
DA:172,0
DA:173,0
DA:174,0
DA:178,0
DA:180,0
DA:181,0
DA:182,0
DA:183,0
DA:185,0
DA:186,0
DA:187,0
DA:193,0
DA:199,10
DA:201,10
DA:226,3
DA:272,0
LF:61
LH:19
BRDA:42,0,0,2
BRDA:42,0,1,0
BRDA:80,1,0,0
BRDA:80,1,1,0
BRDA:84,2,0,0
BRDA:84,2,1,0
BRDA:112,3,0,0
BRDA:112,3,1,0
BRDA:145,4,0,0
BRDA:145,4,1,0
BRDA:185,5,0,0
BRDA:185,5,1,0
BRDA:189,6,0,0
BRDA:189,6,1,0
BRF:14
BRH:1
end_of_record
TN:
SF:src/app/session/(onlyHeader)/service/register/[businessId].tsx
FN:36,(anonymous_0)
FN:48,RegisterService
FN:69,handleChangeBusinessImage
FN:75,catchRegisterServiceError
FN:89,registerService
FN:164,(anonymous_5)
FNF:6
FNH:4
FNDA:2,(anonymous_0)
FNDA:10,RegisterService
FNDA:0,handleChangeBusinessImage
FNDA:0,catchRegisterServiceError
FNDA:1,registerService
FNDA:3,(anonymous_5)
DA:23,1
DA:37,2
DA:38,2
DA:41,0
DA:49,10
DA:51,10
DA:52,10
DA:54,10
DA:67,10
DA:70,0
DA:73,10
DA:76,0
DA:78,0
DA:79,0
DA:81,0
DA:82,0
DA:84,0
DA:85,0
DA:92,1
DA:93,1
DA:94,1
DA:95,1
DA:96,0
DA:97,0
DA:98,0
DA:99,0
DA:105,1
DA:106,1
DA:111,1
DA:112,1
DA:116,1
DA:120,1
DA:121,1
DA:130,1
DA:131,1
DA:133,0
DA:137,10
DA:138,10
DA:140,10
DA:165,3
LF:40
LH:26
BRDA:37,0,0,2
BRDA:37,0,1,0
BRDA:76,1,0,0
BRDA:76,1,1,0
BRDA:76,1,2,0
BRDA:95,2,0,0
BRDA:95,2,1,1
BRDA:98,3,0,0
BRDA:98,3,1,0
BRDA:105,4,0,1
BRDA:105,4,1,0
BRF:11
BRH:3
end_of_record
TN:
SF:src/assets/icons/Logo.tsx
FN:3,Logo
FNF:1
FNH:1
FNDA:58,Logo
DA:4,58
LF:1
LH:1
BRF:0
BRH:0
end_of_record
TN:
SF:src/assets/images/defaultImage.png
FNF:0
FNH:0
DA:1,3
LF:1
LH:1
BRF:0
BRH:0
end_of_record
TN:
SF:src/components/AddressForm/index.tsx
FN:14,AddressForm
FN:26,(anonymous_1)
FN:27,(anonymous_2)
FNF:3
FNH:3
FNDA:25,AddressForm
FNDA:14,(anonymous_1)
FNDA:14,(anonymous_2)
DA:22,25
DA:24,25
DA:26,25
DA:27,14
DA:28,14
DA:32,14
DA:33,2
DA:34,2
DA:38,0
DA:40,0
DA:41,0
DA:43,0
DA:44,0
DA:46,0
DA:47,0
DA:50,2
DA:51,2
DA:52,0
DA:58,2
DA:64,25
LF:20
LH:12
BRDA:28,0,0,2
BRDA:28,0,1,12
BRDA:32,1,0,2
BRDA:32,1,1,12
BRDA:40,2,0,0
BRDA:40,2,1,0
BRDA:43,3,0,0
BRDA:43,3,1,0
BRDA:46,4,0,0
BRDA:46,4,1,0
BRDA:50,5,0,2
BRDA:50,5,1,0
BRDA:51,6,0,0
BRDA:51,6,1,2
BRF:14
BRH:6
end_of_record
TN:
SF:src/components/BusinessCard/index.tsx
FN:8,BusinessCard
FN:22,redirectToScreen
FNF:2
FNH:1
FNDA:1,BusinessCard
FNDA:0,redirectToScreen
DA:17,1
DA:20,1
DA:23,0
DA:26,1
LF:4
LH:3
BRDA:20,0,0,1
BRDA:20,0,1,0
BRDA:36,1,0,1
BRDA:36,1,1,1
BRF:4
BRH:3
end_of_record
TN:
SF:src/components/BusinessImagePicker/index.tsx
FN:8,BusinessImagePicker
FN:14,handleSetImage
FNF:2
FNH:1
FNDA:55,BusinessImagePicker
FNDA:0,handleSetImage
DA:12,55
DA:15,0
DA:16,0
DA:19,0
DA:20,0
DA:26,0
DA:27,0
DA:29,0
DA:34,55
LF:9
LH:2
BRDA:15,0,0,0
BRDA:15,0,1,0
BRDA:19,1,0,0
BRDA:19,1,1,0
BRDA:26,2,0,0
BRDA:26,2,1,0
BRDA:43,3,0,0
BRDA:43,3,1,55
BRF:8
BRH:1
end_of_record
TN:
SF:src/components/Button/index.tsx
FN:6,Button
FNF:1
FNH:1
FNDA:164,Button
DA:15,164
DA:17,164
DA:19,164
DA:24,164
DA:29,164
LF:5
LH:5
BRDA:8,0,0,34
BRDA:9,1,0,135
BRDA:11,2,0,135
BRDA:12,3,0,164
BRDA:15,4,0,0
BRDA:15,4,1,164
BRDA:17,5,0,29
BRDA:17,5,1,135
BRDA:38,6,0,45
BRDA:38,6,1,119
BRDA:42,7,0,119
BRDA:42,7,1,29
BRF:12
BRH:11
end_of_record
TN:
SF:src/components/Button/types/buttonVariants.type.ts
FNF:0
FNH:0
DA:1,10
LF:1
LH:1
BRF:0
BRH:0
end_of_record
TN:
SF:src/components/Calendar/index.tsx
FN:10,Calendar
FN:28,handleNextMonth
FN:29,(anonymous_2)
FN:31,(anonymous_3)
FN:40,handlePreviousMonth
FN:41,(anonymous_5)
FN:43,(anonymous_6)
FN:52,handleActiveDay
FN:57,dayIsEnable
FN:89,getPreviousMonthButtonIsEnabled
FN:109,getNextMonthButtonIsEnabled
FN:129,(anonymous_11)
FN:138,(anonymous_12)
FN:139,(anonymous_13)
FN:142,(anonymous_14)
FN:211,(anonymous_15)
FN:219,(anonymous_16)
FN:238,(anonymous_17)
FNF:18
FNH:10
FNDA:2,Calendar
FNDA:0,handleNextMonth
FNDA:0,(anonymous_2)
FNDA:0,(anonymous_3)
FNDA:0,handlePreviousMonth
FNDA:0,(anonymous_5)
FNDA:0,(anonymous_6)
FNDA:0,handleActiveDay
FNDA:42,dayIsEnable
FNDA:2,getPreviousMonthButtonIsEnabled
FNDA:2,getNextMonthButtonIsEnabled
FNDA:1,(anonymous_11)
FNDA:1,(anonymous_12)
FNDA:6,(anonymous_13)
FNDA:42,(anonymous_14)
FNDA:12,(anonymous_15)
FNDA:42,(anonymous_16)
FNDA:0,(anonymous_17)
DA:17,2
DA:25,2
DA:26,2
DA:29,0
DA:30,0
DA:31,0
DA:33,0
DA:36,0
DA:41,0
DA:42,0
DA:43,0
DA:45,0
DA:48,0
DA:53,0
DA:54,0
DA:58,42
DA:59,0
DA:62,42
DA:63,42
DA:66,0
DA:68,0
DA:69,0
DA:70,0
DA:72,0
DA:73,0
DA:77,0
DA:78,0
DA:79,0
DA:81,0
DA:82,0
DA:86,0
DA:90,2
DA:91,2
DA:94,0
DA:96,0
DA:97,0
DA:98,0
DA:101,0
DA:102,0
DA:106,0
DA:110,2
DA:111,2
DA:114,0
DA:116,0
DA:117,0
DA:118,0
DA:121,0
DA:122,0
DA:126,0
DA:129,2
DA:130,1
DA:132,1
DA:134,1
DA:136,1
DA:138,1
DA:139,1
DA:140,6
DA:143,42
DA:149,2
DA:153,2
DA:154,2
DA:156,2
DA:212,12
DA:214,12
DA:220,42
DA:222,42
DA:223,42
DA:224,42
DA:227,42
DA:231,42
DA:238,0
LF:71
LH:31
BRDA:14,0,0,2
BRDA:30,1,0,0
BRDA:30,1,1,0
BRDA:42,2,0,0
BRDA:42,2,1,0
BRDA:58,3,0,0
BRDA:58,3,1,42
BRDA:62,4,0,42
BRDA:62,4,1,0
BRDA:62,5,0,42
BRDA:62,5,1,42
BRDA:69,6,0,0
BRDA:69,6,1,0
BRDA:72,7,0,0
BRDA:72,7,1,0
BRDA:78,8,0,0
BRDA:78,8,1,0
BRDA:81,9,0,0
BRDA:81,9,1,0
BRDA:90,10,0,2
BRDA:90,10,1,0
BRDA:96,11,0,0
BRDA:96,11,1,0
BRDA:97,12,0,0
BRDA:97,12,1,0
BRDA:97,13,0,0
BRDA:97,13,1,0
BRDA:101,14,0,0
BRDA:101,14,1,0
BRDA:110,15,0,2
BRDA:110,15,1,0
BRDA:116,16,0,0
BRDA:116,16,1,0
BRDA:117,17,0,0
BRDA:117,17,1,0
BRDA:117,18,0,0
BRDA:117,18,1,0
BRDA:121,19,0,0
BRDA:121,19,1,0
BRDA:161,20,0,0
BRDA:161,20,1,2
BRDA:171,21,0,0
BRDA:171,21,1,2
BRDA:188,22,0,0
BRDA:188,22,1,2
BRDA:195,23,0,0
BRDA:195,23,1,2
BRDA:224,24,0,0
BRDA:224,24,1,42
BRDA:227,25,0,1
BRDA:227,25,1,41
BRDA:236,26,0,42
BRDA:236,26,1,1
BRF:53
BRH:16
end_of_record
TN:
SF:src/components/Checkbox/index.tsx
FN:6,Checkbox
FNF:1
FNH:1
FNDA:43,Checkbox
DA:7,43
DA:8,43
DA:10,43
LF:3
LH:3
BRDA:6,0,0,43
BRDA:7,1,0,15
BRDA:7,1,1,28
BRDA:8,2,0,0
BRDA:8,2,1,43
BRDA:18,3,0,43
BRDA:18,3,1,15
BRF:7
BRH:6
end_of_record
TN:
SF:src/components/CheckboxDay/index.tsx
FN:5,CheckboxDay
FNF:1
FNH:1
FNDA:42,CheckboxDay
DA:6,42
DA:8,42
LF:2
LH:2
BRDA:6,0,0,14
BRDA:6,0,1,28
BRF:2
BRH:2
end_of_record
TN:
SF:src/components/Container/index.tsx
FN:7,Container
FNF:1
FNH:1
FNDA:112,Container
DA:11,112
LF:1
LH:1
BRDA:9,0,0,112
BRF:1
BRH:1
end_of_record
TN:
SF:src/components/Container/constants/containerBgColor.constant.ts
FNF:0
FNH:0
DA:1,8
LF:1
LH:1
BRF:0
BRH:0
end_of_record
TN:
SF:src/components/ControlledMaskInput/index.tsx
FN:7,ControlledMaskInput
FN:22,(anonymous_1)
FNF:2
FNH:2
FNDA:71,ControlledMaskInput
FNDA:74,(anonymous_1)
DA:15,71
DA:17,71
LF:2
LH:2
BRDA:13,0,0,26
BRDA:15,1,0,0
BRDA:15,1,1,71
BRF:3
BRH:2
end_of_record
TN:
SF:src/components/CountInput/index.tsx
FN:6,CountInput
FNF:1
FNH:1
FNDA:1,CountInput
DA:7,1
LF:1
LH:1
BRF:0
BRH:0
end_of_record
TN:
SF:src/components/DeleteAlert/index.tsx
FN:7,DeleteAlert
FN:14,showAlert
FNF:2
FNH:1
FNDA:29,DeleteAlert
FNDA:0,showAlert
DA:15,0
DA:26,29
LF:2
LH:1
BRF:0
BRH:0
end_of_record
TN:
SF:src/components/HeaderMenu/index.tsx
FN:17,HeaderMenu
FN:23,openMenu
FN:27,closeMenu
FN:31,handleMenuPress
FNF:4
FNH:1
FNDA:1,HeaderMenu
FNDA:0,openMenu
FNDA:0,closeMenu
FNDA:0,handleMenuPress
DA:18,1
DA:20,1
DA:21,1
DA:24,0
DA:28,0
DA:32,0
DA:33,0
DA:38,0
DA:39,0
DA:42,1
LF:10
LH:4
BRDA:62,0,0,1
BRDA:62,0,1,1
BRDA:74,1,0,1
BRDA:74,1,1,1
BRDA:86,2,0,1
BRDA:86,2,1,0
BRF:6
BRH:5
end_of_record
TN:
SF:src/components/Input/index.tsx
FN:6,ControlledInput
FN:20,(anonymous_1)
FNF:2
FNH:2
FNDA:466,ControlledInput
FNDA:468,(anonymous_1)
DA:13,466
DA:15,466
LF:2
LH:2
BRDA:11,0,0,341
BRDA:13,1,0,49
BRDA:13,1,1,417
BRF:3
BRH:3
end_of_record
TN:
SF:src/components/LinkButton/index.tsx
FN:15,LinkButton
FNF:1
FNH:1
FNDA:59,LinkButton
DA:5,2
DA:10,2
DA:20,59
LF:3
LH:3
BRDA:17,0,0,1
BRF:1
BRH:1
end_of_record
TN:
SF:src/components/MoneyInput/index.tsx
FN:6,MoneyInput
FNF:1
FNH:1
FNDA:20,MoneyInput
DA:12,20
DA:14,20
LF:2
LH:2
BRDA:9,0,0,0
BRDA:12,1,0,0
BRDA:12,1,1,20
BRF:3
BRH:1
end_of_record
TN:
SF:src/components/MyServiceCard/index.tsx
FN:8,MyServiceCard
FN:11,navigateToManageService
FNF:2
FNH:1
FNDA:1,MyServiceCard
FNDA:0,navigateToManageService
DA:9,1
DA:12,0
DA:15,1
LF:3
LH:2
BRDA:20,0,0,1
BRDA:20,0,1,0
BRF:2
BRH:1
end_of_record
TN:
SF:src/components/Rating/index.tsx
FN:8,Rating
FN:19,(anonymous_1)
FNF:2
FNH:2
FNDA:1,Rating
FNDA:5,(anonymous_1)
DA:15,1
DA:20,5
DA:21,5
DA:23,5
LF:4
LH:4
BRDA:12,0,0,1
BRDA:13,1,0,0
BRDA:20,2,0,5
BRDA:20,2,1,0
BRDA:33,3,0,1
BRDA:33,3,1,1
BRF:6
BRH:4
end_of_record
TN:
SF:src/components/Rating/constants/starRatingSize.constant.ts
FNF:0
FNH:0
DA:1,1
LF:1
LH:1
BRF:0
BRH:0
end_of_record
TN:
SF:src/components/Rating/constants/totalRatingSize.constant.ts
FNF:0
FNH:0
DA:1,1
LF:1
LH:1
BRF:0
BRH:0
end_of_record
TN:
SF:src/components/SectionTitle/index.tsx
FN:4,SectionTitle
FNF:1
FNH:1
FNDA:92,SectionTitle
DA:5,92
LF:1
LH:1
BRDA:4,0,0,26
BRF:1
BRH:1
end_of_record
TN:
SF:src/components/ServiceCard/index.tsx
FN:6,ServiceCard
FNF:1
FNH:1
FNDA:1,ServiceCard
DA:13,1
LF:1
LH:1
BRDA:9,0,0,0
BRDA:10,1,0,0
BRDA:18,2,0,1
BRDA:18,2,1,0
BRDA:22,3,0,1
BRDA:22,3,1,1
BRF:6
BRH:3
end_of_record
TN:
SF:src/components/Spinner/index.tsx
FN:3,Spinner
FNF:1
FNH:1
FNDA:45,Spinner
DA:4,45
LF:1
LH:1
BRF:0
BRH:0
end_of_record
TN:
SF:src/components/UpdatePasswordForm/index.tsx
FN:22,UpdatePasswordForm
FN:37,catchUpdateUserError
FN:48,updatePassword
FNF:3
FNH:2
FNDA:4,UpdatePasswordForm
FNDA:0,catchUpdateUserError
FNDA:1,updatePassword
DA:15,1
DA:23,4
DA:25,4
DA:27,4
DA:35,4
DA:38,0
DA:40,0
DA:41,0
DA:43,0
DA:44,0
DA:49,1
DA:50,1
DA:55,1
DA:57,0
DA:61,4
LF:15
LH:9
BRDA:38,0,0,0
BRDA:38,0,1,0
BRF:2
BRH:0
end_of_record
TN:
SF:src/components/UpdateUserForm/index.tsx
FN:24,UpdateUserForm
FN:43,catchUpdateUserError
FN:54,updateUser
FNF:3
FNH:2
FNDA:5,UpdateUserForm
FNDA:0,catchUpdateUserError
FNDA:1,updateUser
DA:15,1
DA:25,5
DA:27,5
DA:29,5
DA:41,5
DA:44,0
DA:46,0
DA:47,0
DA:49,0
DA:50,0
DA:55,1
DA:56,1
DA:61,1
DA:63,0
DA:67,5
LF:15
LH:9
BRDA:44,0,0,0
BRDA:44,0,1,0
BRF:2
BRH:0
end_of_record
TN:
SF:src/constants/appRoutes.constant.ts
FNF:0
FNH:0
DA:1,8
LF:1
LH:1
BRF:0
BRH:0
end_of_record
TN:
SF:src/constants/baseUrl.constant.ts
FNF:0
FNH:0
DA:1,11
LF:1
LH:1
BRF:0
BRH:0
end_of_record
TN:
SF:src/constants/colors.constant.ts
FNF:0
FNH:0
DA:1,15
LF:1
LH:1
BRF:0
BRH:0
end_of_record
TN:
SF:src/constants/httpStatus.constant.ts
FNF:0
FNH:0
DA:1,8
LF:1
LH:1
BRF:0
BRH:0
end_of_record
TN:
SF:src/constants/storageItems.constant.ts
FNF:0
FNH:0
DA:1,2
LF:1
LH:1
BRF:0
BRH:0
end_of_record
TN:
SF:src/constants/weekDay.constant.ts
FNF:0
FNH:0
DA:1,1
LF:1
LH:1
BRF:0
BRH:0
end_of_record
TN:
SF:src/contexts/AuthContext/index.tsx
FN:19,AuthContextProvider
FN:27,(anonymous_1)
FN:28,(anonymous_2)
FN:52,catchLoginError
FN:71,login
FN:99,logout
FN:121,(anonymous_6)
FNF:7
FNH:1
FNDA:0,AuthContextProvider
FNDA:0,(anonymous_1)
FNDA:0,(anonymous_2)
FNDA:0,catchLoginError
FNDA:0,login
FNDA:0,logout
FNDA:10,(anonymous_6)
DA:17,2
DA:20,0
DA:21,0
DA:23,0
DA:25,0
DA:27,0
DA:28,0
DA:29,0
DA:31,0
DA:32,0
DA:34,0
DA:35,0
DA:38,0
DA:40,0
DA:42,0
DA:44,0
DA:47,0
DA:53,0
DA:55,0
DA:57,0
DA:58,0
DA:60,0
DA:61,0
DA:63,0
DA:64,0
DA:66,0
DA:67,0
DA:72,0
DA:73,0
DA:78,0
DA:80,0
DA:82,0
DA:84,0
DA:88,0
DA:90,0
DA:92,0
DA:100,0
DA:102,0
DA:104,0
DA:107,0
DA:121,10
LF:41
LH:2
BRDA:31,0,0,0
BRDA:31,0,1,0
BRDA:55,1,0,0
BRDA:55,1,1,0
BRDA:55,1,2,0
BRDA:55,1,3,0
BRF:6
BRH:0
end_of_record
TN:
SF:src/hooks/useNotify.ts
FN:16,useNotify
FN:19,(anonymous_1)
FN:29,(anonymous_2)
FN:39,(anonymous_3)
FNF:4
FNH:3
FNDA:118,useNotify
FNDA:9,(anonymous_1)
FNDA:1,(anonymous_2)
FNDA:0,(anonymous_3)
DA:5,8
DA:12,8
DA:17,118
DA:19,118
DA:20,9
DA:29,118
DA:30,1
DA:39,118
DA:40,0
DA:49,118
LF:10
LH:9
BRF:0
BRH:0
end_of_record
TN:
SF:src/routes/agendifyApiRoutes.constant.ts
FNF:0
FNH:0
DA:1,8
LF:1
LH:1
BRF:0
BRH:0
end_of_record
TN:
SF:src/routes/brazilApiRoutes.constant.ts
FNF:0
FNH:0
DA:1,2
LF:1
LH:1
BRF:0
BRH:0
end_of_record
TN:
SF:src/services/agendifyApiClient.ts
FNF:0
FNH:0
DA:4,8
LF:1
LH:1
BRF:0
BRH:0
end_of_record
TN:
SF:src/services/brazilApiClient.ts
FNF:0
FNH:0
DA:3,2
LF:1
LH:1
BRF:0
BRH:0
end_of_record
TN:
SF:src/utils/compareDays.ts
FN:1,compareDays
FNF:1
FNH:1
FNDA:42,compareDays
DA:2,42
DA:6,1
DA:9,41
LF:3
LH:3
BRDA:2,0,0,1
BRDA:2,0,1,41
BRDA:3,1,0,42
BRDA:3,1,1,1
BRF:4
BRH:4
end_of_record
TN:
SF:src/utils/formatPriceToSend.ts
FN:1,formatPriceToSend
FNF:1
FNH:1
FNDA:2,formatPriceToSend
DA:2,2
DA:3,2
LF:2
LH:2
BRF:0
BRH:0
end_of_record
TN:
SF:src/utils/formatPriceValue.ts
FN:2,formatPriceValue
FNF:1
FNH:1
FNDA:6,formatPriceValue
DA:3,6
LF:1
LH:1
BRF:0
BRH:0
end_of_record
TN:
SF:src/utils/formatTime.ts
FN:1,formatTime
FNF:1
FNH:1
FNDA:14,formatTime
DA:2,14
LF:1
LH:1
BRF:0
BRH:0
end_of_record
TN:
SF:src/utils/getImageUrl.ts
FN:4,getImageUrl
FNF:1
FNH:1
FNDA:3,getImageUrl
DA:5,3
DA:6,3
DA:9,0
LF:3
LH:2
BRDA:5,0,0,3
BRDA:5,0,1,0
BRF:2
BRH:1
end_of_record
TN:
SF:src/utils/sanitizeData.ts
FN:2,sanitizeData
FNF:1
FNH:1
FNDA:2,sanitizeData
DA:3,2
LF:1
LH:1
BRF:0
BRH:0
end_of_record
TN:
SF:src/utils/errorHandler/index.ts
FN:5,errorHandler
FNF:1
FNH:0
FNDA:0,errorHandler
DA:6,0
DA:8,0
LF:2
LH:0
BRDA:6,0,0,0
BRDA:6,0,1,0
BRF:2
BRH:0
end_of_record
